[   81959ms] [LOG] Video source path: /assets/VideoIntro.mp4 @ http://localhost:5175/src/main.ts?t=1784473349801:1701
[   82258ms] [ERROR] Failed to load resource: the server responded with a status of 404 (Not Found) @ http://localhost:5175/favicon.ico:0
[   83204ms] [LOG] Silent preloading first world in background: Elephants TRavels @ http://localhost:5175/src/main.ts?t=1784473349801:1242
[   83298ms] [LOG] Preloading first world... 0% @ http://localhost:5175/src/main.ts?t=1784473349801:1246
[   83339ms] [LOG] Preloading first world... 3% @ http://localhost:5175/src/main.ts?t=1784473349801:1246
[   83371ms] [LOG] Preloading first world... 4% @ http://localhost:5175/src/main.ts?t=1784473349801:1246
[   83376ms] [LOG] Preloading first world... 7% @ http://localhost:5175/src/main.ts?t=1784473349801:1246
[   83393ms] [LOG] Preloading first world... 7% @ http://localhost:5175/src/main.ts?t=1784473349801:1246
[   83399ms] [LOG] Preloading first world... 10% @ http://localhost:5175/src/main.ts?t=1784473349801:1246
[   83413ms] [LOG] Preloading first world... 11% @ http://localhost:5175/src/main.ts?t=1784473349801:1246
[   83420ms] [LOG] Preloading first world... 13% @ http://localhost:5175/src/main.ts?t=1784473349801:1246
[   83435ms] [LOG] Preloading first world... 14% @ http://localhost:5175/src/main.ts?t=1784473349801:1246
[   83441ms] [LOG] Preloading first world... 17% @ http://localhost:5175/src/main.ts?t=1784473349801:1246
[   83456ms] [LOG] Preloading first world... 18% @ http://localhost:5175/src/main.ts?t=1784473349801:1246
[   83463ms] [LOG] Preloading first world... 20% @ http://localhost:5175/src/main.ts?t=1784473349801:1246
[   83477ms] [LOG] Preloading first world... 21% @ http://localhost:5175/src/main.ts?t=1784473349801:1246
[   83485ms] [LOG] Preloading first world... 23% @ http://localhost:5175/src/main.ts?t=1784473349801:1246
[   83500ms] [LOG] Preloading first world... 25% @ http://localhost:5175/src/main.ts?t=1784473349801:1246
[   83515ms] [LOG] Preloading first world... 27% @ http://localhost:5175/src/main.ts?t=1784473349801:1246
[   83533ms] [LOG] Preloading first world... 28% @ http://localhost:5175/src/main.ts?t=1784473349801:1246
[   83541ms] [LOG] Preloading first world... 28% @ http://localhost:5175/src/main.ts?t=1784473349801:1246
[   83543ms] [LOG] Preloading first world... 30% @ http://localhost:5175/src/main.ts?t=1784473349801:1246
[   83552ms] [LOG] Preloading first world... 32% @ http://localhost:5175/src/main.ts?t=1784473349801:1246
[   83565ms] [LOG] Preloading first world... 33% @ http://localhost:5175/src/main.ts?t=1784473349801:1246
[   83576ms] [LOG] Preloading first world... 35% @ http://localhost:5175/src/main.ts?t=1784473349801:1246
[   83586ms] [LOG] Preloading first world... 35% @ http://localhost:5175/src/main.ts?t=1784473349801:1246
[   83587ms] [LOG] Preloading first world... 36% @ http://localhost:5175/src/main.ts?t=1784473349801:1246
[   83595ms] [LOG] Preloading first world... 38% @ http://localhost:5175/src/main.ts?t=1784473349801:1246
[   83611ms] [LOG] Preloading first world... 40% @ http://localhost:5175/src/main.ts?t=1784473349801:1246
[   83619ms] [LOG] Preloading first world... 42% @ http://localhost:5175/src/main.ts?t=1784473349801:1246
[   83629ms] [LOG] Preloading first world... 42% @ http://localhost:5175/src/main.ts?t=1784473349801:1246
[   83630ms] [LOG] Preloading first world... 43% @ http://localhost:5175/src/main.ts?t=1784473349801:1246
[   83645ms] [LOG] Preloading first world... 45% @ http://localhost:5175/src/main.ts?t=1784473349801:1246
[   83663ms] [LOG] Preloading first world... 45% @ http://localhost:5175/src/main.ts?t=1784473349801:1246
[   83667ms] [LOG] Preloading first world... 46% @ http://localhost:5175/src/main.ts?t=1784473349801:1246
[   83689ms] [LOG] Preloading first world... 49% @ http://localhost:5175/src/main.ts?t=1784473349801:1246
[   83712ms] [LOG] Preloading first world... 50% @ http://localhost:5175/src/main.ts?t=1784473349801:1246
[   83728ms] [LOG] Preloading first world... 52% @ http://localhost:5175/src/main.ts?t=1784473349801:1246
[   83746ms] [LOG] Preloading first world... 53% @ http://localhost:5175/src/main.ts?t=1784473349801:1246
[   83759ms] [LOG] Preloading first world... 55% @ http://localhost:5175/src/main.ts?t=1784473349801:1246
[   83779ms] [LOG] Preloading first world... 56% @ http://localhost:5175/src/main.ts?t=1784473349801:1246
[   83788ms] [LOG] Preloading first world... 59% @ http://localhost:5175/src/main.ts?t=1784473349801:1246
[   83809ms] [LOG] Preloading first world... 60% @ http://localhost:5175/src/main.ts?t=1784473349801:1246
[   83815ms] [LOG] Preloading first world... 62% @ http://localhost:5175/src/main.ts?t=1784473349801:1246
[   83834ms] [LOG] Preloading first world... 62% @ http://localhost:5175/src/main.ts?t=1784473349801:1246
[   83836ms] [LOG] Preloading first world... 63% @ http://localhost:5175/src/main.ts?t=1784473349801:1246
[   83843ms] [LOG] Preloading first world... 66% @ http://localhost:5175/src/main.ts?t=1784473349801:1246
[   83862ms] [LOG] Preloading first world... 66% @ http://localhost:5175/src/main.ts?t=1784473349801:1246
[   83864ms] [LOG] Preloading first world... 66% @ http://localhost:5175/src/main.ts?t=1784473349801:1246
[   83870ms] [LOG] Preloading first world... 69% @ http://localhost:5175/src/main.ts?t=1784473349801:1246
[   83929ms] [LOG] Preloading first world... 69% @ http://localhost:5175/src/main.ts?t=1784473349801:1246
[   83933ms] [LOG] Preloading first world... 70% @ http://localhost:5175/src/main.ts?t=1784473349801:1246
[   83945ms] [LOG] Preloading first world... 72% @ http://localhost:5175/src/main.ts?t=1784473349801:1246
[   84007ms] [LOG] Preloading first world... 72% @ http://localhost:5175/src/main.ts?t=1784473349801:1246
[   84012ms] [LOG] Preloading first world... 73% @ http://localhost:5175/src/main.ts?t=1784473349801:1246
[   84023ms] [LOG] Preloading first world... 76% @ http://localhost:5175/src/main.ts?t=1784473349801:1246
[   84084ms] [LOG] Preloading first world... 76% @ http://localhost:5175/src/main.ts?t=1784473349801:1246
[   84088ms] [LOG] Preloading first world... 76% @ http://localhost:5175/src/main.ts?t=1784473349801:1246
[   84095ms] [LOG] Preloading first world... 79% @ http://localhost:5175/src/main.ts?t=1784473349801:1246
[   84162ms] [LOG] Preloading first world... 79% @ http://localhost:5175/src/main.ts?t=1784473349801:1246
[   84167ms] [LOG] Preloading first world... 80% @ http://localhost:5175/src/main.ts?t=1784473349801:1246
[   84169ms] [LOG] Preloading first world... 83% @ http://localhost:5175/src/main.ts?t=1784473349801:1246
[   84221ms] [LOG] Preloading first world... 83% @ http://localhost:5175/src/main.ts?t=1784473349801:1246
[   84224ms] [LOG] Preloading first world... 83% @ http://localhost:5175/src/main.ts?t=1784473349801:1246
[   84225ms] [LOG] Preloading first world... 86% @ http://localhost:5175/src/main.ts?t=1784473349801:1246
[   84267ms] [LOG] Preloading first world... 86% @ http://localhost:5175/src/main.ts?t=1784473349801:1246
[   84268ms] [LOG] Preloading first world... 89% @ http://localhost:5175/src/main.ts?t=1784473349801:1246
[   84314ms] [LOG] Preloading first world... 93% @ http://localhost:5175/src/main.ts?t=1784473349801:1246
[   84357ms] [LOG] Preloading first world... 96% @ http://localhost:5175/src/main.ts?t=1784473349801:1246
[   84402ms] [LOG] Preloading first world... 99% @ http://localhost:5175/src/main.ts?t=1784473349801:1246
[   84446ms] [LOG] Preloading first world... 100% @ http://localhost:5175/src/main.ts?t=1784473349801:1246
[   84457ms] [LOG] Loaded 4320000 splats. Starting Tiny LoD build... @ blob:http://localhost:5175/39e36714-5f31-4493-8710-c4b0889e43aa:1138
[   84668ms] [LOG] Playing video intro from path: /assets/VideoIntro.mp4 @ http://localhost:5175/src/main.ts?t=1784473349801:1739
[   84691ms] [ERROR] Failed to load resource: the server responded with a status of 404 (Not Found) @ http://localhost:5175/favicon.ico:0
[   87570ms] [LOG] Found preloading state for World One. Resolving... @ http://localhost:5175/src/main.ts?t=1784473349801:1344
[   96007ms] [LOG] Tiny LoD: 4320000 -> 5924840 (11550.399999976158 ms) @ blob:http://localhost:5175/39e36714-5f31-4493-8710-c4b0889e43aa:1150
[   97167ms] [LOG] First world preloaded successfully and ready! @ http://localhost:5175/src/main.ts?t=1784473349801:1253
[   97167ms] [LOG] Loading mesh collider from: /assets/worlds/Ancient%20Egyptian%20Desert%20Palace_collider.glb @ http://localhost:5175/src/main.ts?t=1784473349801:1302
[   97174ms] TypeError: Cannot read properties of undefined (reading 'splatUrl')
    at getSplatUrlForWorld (http://localhost:5175/src/main.ts?t=1784473349801:1106:16)
    at createSplat (http://localhost:5175/src/main.ts?t=1784473349801:1224:15)
    at preloadSecondWorld (http://localhost:5175/src/main.ts?t=1784473349801:1269:17)
    at startAdventure (http://localhost:5175/src/main.ts?t=1784473349801:1422:10)
    at async http://localhost:5175/src/main.ts?t=1784473349801:1722:7
[   97541ms] [LOG] Mesh collider loaded successfully! @ http://localhost:5175/src/main.ts?t=1784473349801:1329
[   98233ms] [LOG] Using default transforms for dad: {pos: Array(3), rot: Array(3), scale: 7.9} @ http://localhost:5175/src/main.ts?t=1784473349801:2415
[   99235ms] [LOG] Using default transforms for child: {pos: Array(3), rot: Array(3), scale: 5} @ http://localhost:5175/src/main.ts?t=1784473349801:2415
[  100557ms] [LOG] Using default transforms for cat: {pos: Array(3), rot: Array(3), scale: 4.45} @ http://localhost:5175/src/main.ts?t=1784473349801:2415
[  101776ms] [LOG] Using default transforms for pyramid: {pos: Array(3), rot: Array(3), scale: 50} @ http://localhost:5175/src/main.ts?t=1784473349801:2415
[  102850ms] [LOG] Using default transforms for vase: {pos: Array(3), rot: Array(3), scale: 2.25} @ http://localhost:5175/src/main.ts?t=1784473349801:2415
[  117147ms] [LOG] MediaPipe Hands initialization completed successfully. @ http://localhost:5175/src/main.ts?t=1784473349801:1040
[  118291ms] [WARNING] I0000 00:00:1784473522.538000       1 gl_context_webgl.cc:151] Successfully created a WebGL context with major version 3 and handle 3 @ https://cdn.jsdelivr.net/npm/@mediapipe/hands/hands_solution_simd_wasm_bin.js:8
[  118636ms] [WARNING] I0000 00:00:1784473522.889000       1 gl_context.cc:359] GL version: 3.0 (OpenGL ES 3.0 (WebGL 2.0 (OpenGL ES 3.0 Chromium))) @ https://cdn.jsdelivr.net/npm/@mediapipe/hands/hands_solution_simd_wasm_bin.js:8
[  118637ms] [WARNING] W0000 00:00:1784473522.890000       1 gl_context.cc:1000] OpenGL error checking is disabled @ https://cdn.jsdelivr.net/npm/@mediapipe/hands/hands_solution_simd_wasm_bin.js:8
[  143765ms] [LOG] Video source path: /assets/VideoIntro.mp4 @ http://localhost:5175/src/main.ts?t=1784473349801:1701
[  144440ms] [LOG] MediaPipe Hands initialization completed successfully. @ http://localhost:5175/src/main.ts?t=1784473349801:1040
[  144848ms] [WARNING] I0000 00:00:1784473549.101000       1 gl_context_webgl.cc:151] Successfully created a WebGL context with major version 3 and handle 3 @ https://cdn.jsdelivr.net/npm/@mediapipe/hands/hands_solution_simd_wasm_bin.js:8
[  144852ms] [WARNING] I0000 00:00:1784473549.104000       1 gl_context.cc:359] GL version: 3.0 (OpenGL ES 3.0 (WebGL 2.0 (OpenGL ES 3.0 Chromium))) @ https://cdn.jsdelivr.net/npm/@mediapipe/hands/hands_solution_simd_wasm_bin.js:8
[  144852ms] [WARNING] W0000 00:00:1784473549.104000       1 gl_context.cc:1000] OpenGL error checking is disabled @ https://cdn.jsdelivr.net/npm/@mediapipe/hands/hands_solution_simd_wasm_bin.js:8
[  159766ms] [LOG] Silent preloading first world in background: Elephants TRavels @ http://localhost:5175/src/main.ts?t=1784473349801:1242
[  159890ms] [LOG] Preloading first world... 0% @ http://localhost:5175/src/main.ts?t=1784473349801:1246
[  159890ms] [LOG] Preloading first world... 3% @ http://localhost:5175/src/main.ts?t=1784473349801:1246
[  159989ms] [LOG] Preloading first world... 4% @ http://localhost:5175/src/main.ts?t=1784473349801:1246
[  159989ms] [LOG] Preloading first world... 7% @ http://localhost:5175/src/main.ts?t=1784473349801:1246
[  159989ms] [LOG] Preloading first world... 7% @ http://localhost:5175/src/main.ts?t=1784473349801:1246
[  159989ms] [LOG] Preloading first world... 7% @ http://localhost:5175/src/main.ts?t=1784473349801:1246
[  159989ms] [LOG] Preloading first world... 10% @ http://localhost:5175/src/main.ts?t=1784473349801:1246
[  159989ms] [LOG] Preloading first world... 11% @ http://localhost:5175/src/main.ts?t=1784473349801:1246
[  159989ms] [LOG] Preloading first world... 11% @ http://localhost:5175/src/main.ts?t=1784473349801:1246
[  159989ms] [LOG] Preloading first world... 11% @ http://localhost:5175/src/main.ts?t=1784473349801:1246
[  159989ms] [LOG] Preloading first world... 11% @ http://localhost:5175/src/main.ts?t=1784473349801:1246
[  159990ms] [LOG] Preloading first world... 13% @ http://localhost:5175/src/main.ts?t=1784473349801:1246
[  159990ms] [LOG] Preloading first world... 15% @ http://localhost:5175/src/main.ts?t=1784473349801:1246
[  159990ms] [LOG] Preloading first world... 15% @ http://localhost:5175/src/main.ts?t=1784473349801:1246
[  159990ms] [LOG] Preloading first world... 15% @ http://localhost:5175/src/main.ts?t=1784473349801:1246
[  159990ms] [LOG] Preloading first world... 16% @ http://localhost:5175/src/main.ts?t=1784473349801:1246
[  159990ms] [LOG] Preloading first world... 17% @ http://localhost:5175/src/main.ts?t=1784473349801:1246
[  159990ms] [LOG] Preloading first world... 19% @ http://localhost:5175/src/main.ts?t=1784473349801:1246
[  159990ms] [LOG] Preloading first world... 20% @ http://localhost:5175/src/main.ts?t=1784473349801:1246
[  160079ms] [LOG] Preloading first world... 20% @ http://localhost:5175/src/main.ts?t=1784473349801:1246
[  160079ms] [LOG] Preloading first world... 23% @ http://localhost:5175/src/main.ts?t=1784473349801:1246
[  160079ms] [LOG] Preloading first world... 27% @ http://localhost:5175/src/main.ts?t=1784473349801:1246
[  160079ms] [LOG] Preloading first world... 30% @ http://localhost:5175/src/main.ts?t=1784473349801:1246
[  160079ms] [LOG] Preloading first world... 33% @ http://localhost:5175/src/main.ts?t=1784473349801:1246
[  160080ms] [LOG] Preloading first world... 36% @ http://localhost:5175/src/main.ts?t=1784473349801:1246
[  160165ms] [LOG] Preloading first world... 40% @ http://localhost:5175/src/main.ts?t=1784473349801:1246
[  160165ms] [LOG] Preloading first world... 43% @ http://localhost:5175/src/main.ts?t=1784473349801:1246
[  160165ms] [LOG] Preloading first world... 46% @ http://localhost:5175/src/main.ts?t=1784473349801:1246
[  160165ms] [LOG] Preloading first world... 50% @ http://localhost:5175/src/main.ts?t=1784473349801:1246
[  160240ms] [LOG] Preloading first world... 53% @ http://localhost:5175/src/main.ts?t=1784473349801:1246
[  160240ms] [LOG] Preloading first world... 56% @ http://localhost:5175/src/main.ts?t=1784473349801:1246
[  160241ms] [LOG] Preloading first world... 60% @ http://localhost:5175/src/main.ts?t=1784473349801:1246
[  160309ms] [LOG] Preloading first world... 63% @ http://localhost:5175/src/main.ts?t=1784473349801:1246
[  160310ms] [LOG] Preloading first world... 66% @ http://localhost:5175/src/main.ts?t=1784473349801:1246
[  160310ms] [LOG] Preloading first world... 70% @ http://localhost:5175/src/main.ts?t=1784473349801:1246
[  160383ms] [LOG] Preloading first world... 73% @ http://localhost:5175/src/main.ts?t=1784473349801:1246
[  160451ms] [LOG] Preloading first world... 76% @ http://localhost:5175/src/main.ts?t=1784473349801:1246
[  160524ms] [LOG] Preloading first world... 80% @ http://localhost:5175/src/main.ts?t=1784473349801:1246
[  160582ms] [LOG] Preloading first world... 83% @ http://localhost:5175/src/main.ts?t=1784473349801:1246
[  160638ms] [LOG] Preloading first world... 86% @ http://localhost:5175/src/main.ts?t=1784473349801:1246
[  160679ms] [LOG] Preloading first world... 89% @ http://localhost:5175/src/main.ts?t=1784473349801:1246
[  160724ms] [LOG] Preloading first world... 93% @ http://localhost:5175/src/main.ts?t=1784473349801:1246
[  160771ms] [LOG] Preloading first world... 96% @ http://localhost:5175/src/main.ts?t=1784473349801:1246
[  160809ms] [LOG] Preloading first world... 99% @ http://localhost:5175/src/main.ts?t=1784473349801:1246
[  160851ms] [LOG] Preloading first world... 100% @ http://localhost:5175/src/main.ts?t=1784473349801:1246
[  160862ms] [LOG] Loaded 4320000 splats. Starting Tiny LoD build... @ blob:http://localhost:5175/5e652984-ea26-4c46-910b-529532f8e2c6:1138
[  162317ms] [LOG] Playing video intro from path: /assets/VideoIntro.mp4 @ http://localhost:5175/src/main.ts?t=1784473349801:1739
[  162349ms] [ERROR] Failed to load resource: the server responded with a status of 404 (Not Found) @ http://localhost:5175/favicon.ico:0
[  166181ms] [LOG] Found preloading state for World One. Resolving... @ http://localhost:5175/src/main.ts?t=1784473349801:1344
[  171721ms] [LOG] Tiny LoD: 4320000 -> 5924840 (10858.899999976158 ms) @ blob:http://localhost:5175/5e652984-ea26-4c46-910b-529532f8e2c6:1150
[  172831ms] [LOG] First world preloaded successfully and ready! @ http://localhost:5175/src/main.ts?t=1784473349801:1253
[  172831ms] [LOG] Loading mesh collider from: /assets/worlds/Ancient%20Egyptian%20Desert%20Palace_collider.glb @ http://localhost:5175/src/main.ts?t=1784473349801:1302
[  173139ms] TypeError: Cannot read properties of undefined (reading 'splatUrl')
    at getSplatUrlForWorld (http://localhost:5175/src/main.ts?t=1784473349801:1106:16)
    at createSplat (http://localhost:5175/src/main.ts?t=1784473349801:1224:15)
    at preloadSecondWorld (http://localhost:5175/src/main.ts?t=1784473349801:1269:17)
    at startAdventure (http://localhost:5175/src/main.ts?t=1784473349801:1422:10)
    at async http://localhost:5175/src/main.ts?t=1784473349801:1722:7
[  173206ms] [LOG] Mesh collider loaded successfully! @ http://localhost:5175/src/main.ts?t=1784473349801:1329
[  174064ms] [LOG] Using default transforms for dad: {pos: Array(3), rot: Array(3), scale: 7.9} @ http://localhost:5175/src/main.ts?t=1784473349801:2415
[  176476ms] [LOG] Using default transforms for child: {pos: Array(3), rot: Array(3), scale: 5} @ http://localhost:5175/src/main.ts?t=1784473349801:2415
[  179373ms] [LOG] Using default transforms for cat: {pos: Array(3), rot: Array(3), scale: 4.45} @ http://localhost:5175/src/main.ts?t=1784473349801:2415
[  181936ms] [LOG] Using default transforms for pyramid: {pos: Array(3), rot: Array(3), scale: 50} @ http://localhost:5175/src/main.ts?t=1784473349801:2415
[  183621ms] [LOG] Using default transforms for vase: {pos: Array(3), rot: Array(3), scale: 2.25} @ http://localhost:5175/src/main.ts?t=1784473349801:2415
[  339227ms] [LOG] Video source path: /assets/VideoIntro.mp4 @ http://localhost:5175/src/main.ts?t=1784473742499:1701
[  340133ms] [LOG] MediaPipe Hands initialization completed successfully. @ http://localhost:5175/src/main.ts?t=1784473742499:1040
[  340534ms] [WARNING] I0000 00:00:1784473744.785000       1 gl_context_webgl.cc:151] Successfully created a WebGL context with major version 3 and handle 3 @ https://cdn.jsdelivr.net/npm/@mediapipe/hands/hands_solution_simd_wasm_bin.js:8
[  340541ms] [WARNING] I0000 00:00:1784473744.794000       1 gl_context.cc:359] GL version: 3.0 (OpenGL ES 3.0 (WebGL 2.0 (OpenGL ES 3.0 Chromium))) @ https://cdn.jsdelivr.net/npm/@mediapipe/hands/hands_solution_simd_wasm_bin.js:8
[  340542ms] [WARNING] W0000 00:00:1784473744.794000       1 gl_context.cc:1000] OpenGL error checking is disabled @ https://cdn.jsdelivr.net/npm/@mediapipe/hands/hands_solution_simd_wasm_bin.js:8
[  355663ms] [LOG] Silent preloading first world in background: Elephants TRavels @ http://localhost:5175/src/main.ts?t=1784473742499:1242
[  356018ms] [LOG] Preloading first world... 0% @ http://localhost:5175/src/main.ts?t=1784473742499:1246
[  356019ms] [LOG] Preloading first world... 3% @ http://localhost:5175/src/main.ts?t=1784473742499:1246
[  356019ms] [LOG] Preloading first world... 4% @ http://localhost:5175/src/main.ts?t=1784473742499:1246
[  356019ms] [LOG] Preloading first world... 7% @ http://localhost:5175/src/main.ts?t=1784473742499:1246
[  356019ms] [LOG] Preloading first world... 7% @ http://localhost:5175/src/main.ts?t=1784473742499:1246
[  356019ms] [LOG] Preloading first world... 10% @ http://localhost:5175/src/main.ts?t=1784473742499:1246
[  356019ms] [LOG] Preloading first world... 11% @ http://localhost:5175/src/main.ts?t=1784473742499:1246
[  356085ms] [LOG] Preloading first world... 11% @ http://localhost:5175/src/main.ts?t=1784473742499:1246
[  356085ms] [LOG] Preloading first world... 12% @ http://localhost:5175/src/main.ts?t=1784473742499:1246
[  356085ms] [LOG] Preloading first world... 12% @ http://localhost:5175/src/main.ts?t=1784473742499:1246
[  356085ms] [LOG] Preloading first world... 12% @ http://localhost:5175/src/main.ts?t=1784473742499:1246
[  356085ms] [LOG] Preloading first world... 13% @ http://localhost:5175/src/main.ts?t=1784473742499:1246
[  356086ms] [LOG] Preloading first world... 15% @ http://localhost:5175/src/main.ts?t=1784473742499:1246
[  356086ms] [LOG] Preloading first world... 15% @ http://localhost:5175/src/main.ts?t=1784473742499:1246
[  356086ms] [LOG] Preloading first world... 15% @ http://localhost:5175/src/main.ts?t=1784473742499:1246
[  356086ms] [LOG] Preloading first world... 15% @ http://localhost:5175/src/main.ts?t=1784473742499:1246
[  356086ms] [LOG] Preloading first world... 17% @ http://localhost:5175/src/main.ts?t=1784473742499:1246
[  356086ms] [LOG] Preloading first world... 19% @ http://localhost:5175/src/main.ts?t=1784473742499:1246
[  356086ms] [LOG] Preloading first world... 20% @ http://localhost:5175/src/main.ts?t=1784473742499:1246
[  356086ms] [LOG] Preloading first world... 20% @ http://localhost:5175/src/main.ts?t=1784473742499:1246
[  356086ms] [LOG] Preloading first world... 23% @ http://localhost:5175/src/main.ts?t=1784473742499:1246
[  356152ms] [LOG] Preloading first world... 27% @ http://localhost:5175/src/main.ts?t=1784473742499:1246
[  356153ms] [LOG] Preloading first world... 30% @ http://localhost:5175/src/main.ts?t=1784473742499:1246
[  356153ms] [LOG] Preloading first world... 33% @ http://localhost:5175/src/main.ts?t=1784473742499:1246
[  356153ms] [LOG] Preloading first world... 36% @ http://localhost:5175/src/main.ts?t=1784473742499:1246
[  356215ms] [LOG] Preloading first world... 40% @ http://localhost:5175/src/main.ts?t=1784473742499:1246
[  356215ms] [LOG] Preloading first world... 43% @ http://localhost:5175/src/main.ts?t=1784473742499:1246
[  356215ms] [LOG] Preloading first world... 46% @ http://localhost:5175/src/main.ts?t=1784473742499:1246
[  356247ms] [LOG] Preloading first world... 50% @ http://localhost:5175/src/main.ts?t=1784473742499:1246
[  356303ms] [LOG] Preloading first world... 53% @ http://localhost:5175/src/main.ts?t=1784473742499:1246
[  356303ms] [LOG] Preloading first world... 56% @ http://localhost:5175/src/main.ts?t=1784473742499:1246
[  356325ms] [LOG] Preloading first world... 60% @ http://localhost:5175/src/main.ts?t=1784473742499:1246
[  356335ms] [LOG] Preloading first world... 63% @ http://localhost:5175/src/main.ts?t=1784473742499:1246
[  356360ms] [LOG] Preloading first world... 66% @ http://localhost:5175/src/main.ts?t=1784473742499:1246
[  356384ms] [LOG] Preloading first world... 70% @ http://localhost:5175/src/main.ts?t=1784473742499:1246
[  356460ms] [LOG] Preloading first world... 73% @ http://localhost:5175/src/main.ts?t=1784473742499:1246
[  356550ms] [LOG] Preloading first world... 76% @ http://localhost:5175/src/main.ts?t=1784473742499:1246
[  356616ms] [LOG] Preloading first world... 80% @ http://localhost:5175/src/main.ts?t=1784473742499:1246
[  356684ms] [LOG] Preloading first world... 83% @ http://localhost:5175/src/main.ts?t=1784473742499:1246
[  356749ms] [LOG] Preloading first world... 86% @ http://localhost:5175/src/main.ts?t=1784473742499:1246
[  356794ms] [LOG] Preloading first world... 89% @ http://localhost:5175/src/main.ts?t=1784473742499:1246
[  356835ms] [LOG] Preloading first world... 93% @ http://localhost:5175/src/main.ts?t=1784473742499:1246
[  356882ms] [LOG] Preloading first world... 96% @ http://localhost:5175/src/main.ts?t=1784473742499:1246
[  356926ms] [LOG] Preloading first world... 99% @ http://localhost:5175/src/main.ts?t=1784473742499:1246
[  356969ms] [LOG] Preloading first world... 100% @ http://localhost:5175/src/main.ts?t=1784473742499:1246
[  356980ms] [LOG] Loaded 4320000 splats. Starting Tiny LoD build... @ blob:http://localhost:5175/25ef1181-4525-4a4f-b3d3-f869a3121903:1138
[  360563ms] [LOG] Playing video intro from path: /assets/VideoIntro.mp4 @ http://localhost:5175/src/main.ts?t=1784473742499:1739
[  360617ms] [ERROR] Failed to load resource: the server responded with a status of 404 (Not Found) @ http://localhost:5175/favicon.ico:0
[  363294ms] [LOG] Found preloading state for World One. Resolving... @ http://localhost:5175/src/main.ts?t=1784473742499:1344
[  368150ms] [LOG] Tiny LoD: 4320000 -> 5924840 (11168.799999952316 ms) @ blob:http://localhost:5175/25ef1181-4525-4a4f-b3d3-f869a3121903:1150
[  369214ms] [LOG] First world preloaded successfully and ready! @ http://localhost:5175/src/main.ts?t=1784473742499:1253
[  369214ms] [LOG] Loading mesh collider from: /assets/worlds/Ancient%20Egyptian%20Desert%20Palace_collider.glb @ http://localhost:5175/src/main.ts?t=1784473742499:1302
[  369220ms] TypeError: Cannot read properties of undefined (reading 'splatUrl')
    at getSplatUrlForWorld (http://localhost:5175/src/main.ts?t=1784473742499:1106:16)
    at createSplat (http://localhost:5175/src/main.ts?t=1784473742499:1224:15)
    at preloadSecondWorld (http://localhost:5175/src/main.ts?t=1784473742499:1269:17)
    at startAdventure (http://localhost:5175/src/main.ts?t=1784473742499:1422:10)
    at async http://localhost:5175/src/main.ts?t=1784473742499:1722:7
[  369496ms] [LOG] Mesh collider loaded successfully! @ http://localhost:5175/src/main.ts?t=1784473742499:1329
[  370025ms] [LOG] Using default transforms for dad: {pos: Array(3), rot: Array(3), scale: 7.9} @ http://localhost:5175/src/main.ts?t=1784473742499:2422
[  371043ms] [LOG] Using default transforms for child: {pos: Array(3), rot: Array(3), scale: 5} @ http://localhost:5175/src/main.ts?t=1784473742499:2422
[  372164ms] [LOG] Using default transforms for cat: {pos: Array(3), rot: Array(3), scale: 4.45} @ http://localhost:5175/src/main.ts?t=1784473742499:2422
[  373171ms] [LOG] Using default transforms for pyramid: {pos: Array(3), rot: Array(3), scale: 50} @ http://localhost:5175/src/main.ts?t=1784473742499:2422
[  374178ms] [LOG] Using default transforms for vase: {pos: Array(3), rot: Array(3), scale: 2.25} @ http://localhost:5175/src/main.ts?t=1784473742499:2422
[  428601ms] [LOG] Video source path: /assets/VideoIntro.mp4 @ http://localhost:5175/src/main.ts?t=1784473832310:1703
[  432214ms] [LOG] Video source path: /assets/VideoIntro.mp4 @ http://localhost:5175/src/main.ts?t=1784473836219:1703
[  436243ms] [LOG] Video source path: /assets/VideoIntro.mp4 @ http://localhost:5175/src/main.ts?t=1784473840202:1703
[  437503ms] [LOG] Silent preloading first world in background: Elephants TRavels @ http://localhost:5175/src/main.ts?t=1784473840202:1244
[  437596ms] [LOG] Preloading first world... 0% @ http://localhost:5175/src/main.ts?t=1784473840202:1248
[  437614ms] [LOG] Preloading first world... 3% @ http://localhost:5175/src/main.ts?t=1784473840202:1248
[  437633ms] [LOG] Preloading first world... 4% @ http://localhost:5175/src/main.ts?t=1784473840202:1248
[  437636ms] [LOG] Preloading first world... 7% @ http://localhost:5175/src/main.ts?t=1784473840202:1248
[  437652ms] [LOG] Preloading first world... 7% @ http://localhost:5175/src/main.ts?t=1784473840202:1248
[  437655ms] [LOG] Preloading first world... 7% @ http://localhost:5175/src/main.ts?t=1784473840202:1248
[  437657ms] [LOG] Preloading first world... 10% @ http://localhost:5175/src/main.ts?t=1784473840202:1248
[  437672ms] [LOG] Preloading first world... 11% @ http://localhost:5175/src/main.ts?t=1784473840202:1248
[  437676ms] [LOG] Preloading first world... 11% @ http://localhost:5175/src/main.ts?t=1784473840202:1248
[  437677ms] [LOG] Preloading first world... 11% @ http://localhost:5175/src/main.ts?t=1784473840202:1248
[  437680ms] [LOG] Preloading first world... 13% @ http://localhost:5175/src/main.ts?t=1784473840202:1248
[  437692ms] [LOG] Preloading first world... 15% @ http://localhost:5175/src/main.ts?t=1784473840202:1248
[  437699ms] [LOG] Preloading first world... 15% @ http://localhost:5175/src/main.ts?t=1784473840202:1248
[  437703ms] [LOG] Preloading first world... 16% @ http://localhost:5175/src/main.ts?t=1784473840202:1248
[  437705ms] [LOG] Preloading first world... 16% @ http://localhost:5175/src/main.ts?t=1784473840202:1248
[  437706ms] [LOG] Preloading first world... 16% @ http://localhost:5175/src/main.ts?t=1784473840202:1248
[  437707ms] [LOG] Preloading first world... 16% @ http://localhost:5175/src/main.ts?t=1784473840202:1248
[  437708ms] [LOG] Preloading first world... 16% @ http://localhost:5175/src/main.ts?t=1784473840202:1248
[  437709ms] [LOG] Preloading first world... 16% @ http://localhost:5175/src/main.ts?t=1784473840202:1248
[  437709ms] [LOG] Preloading first world... 16% @ http://localhost:5175/src/main.ts?t=1784473840202:1248
[  437710ms] [LOG] Preloading first world... 17% @ http://localhost:5175/src/main.ts?t=1784473840202:1248
[  437711ms] [LOG] Preloading first world... 20% @ http://localhost:5175/src/main.ts?t=1784473840202:1248
[  437729ms] [LOG] Preloading first world... 23% @ http://localhost:5175/src/main.ts?t=1784473840202:1248
[  437751ms] [LOG] Preloading first world... 27% @ http://localhost:5175/src/main.ts?t=1784473840202:1248
[  437769ms] [LOG] Preloading first world... 30% @ http://localhost:5175/src/main.ts?t=1784473840202:1248
[  437790ms] [LOG] Preloading first world... 33% @ http://localhost:5175/src/main.ts?t=1784473840202:1248
[  437807ms] [LOG] Preloading first world... 36% @ http://localhost:5175/src/main.ts?t=1784473840202:1248
[  437827ms] [LOG] Preloading first world... 40% @ http://localhost:5175/src/main.ts?t=1784473840202:1248
[  437844ms] [LOG] Preloading first world... 43% @ http://localhost:5175/src/main.ts?t=1784473840202:1248
[  437864ms] [LOG] Preloading first world... 46% @ http://localhost:5175/src/main.ts?t=1784473840202:1248
[  437890ms] [LOG] Preloading first world... 50% @ http://localhost:5175/src/main.ts?t=1784473840202:1248
[  437918ms] [LOG] Preloading first world... 53% @ http://localhost:5175/src/main.ts?t=1784473840202:1248
[  437943ms] [LOG] Preloading first world... 56% @ http://localhost:5175/src/main.ts?t=1784473840202:1248
[  437967ms] [LOG] Preloading first world... 60% @ http://localhost:5175/src/main.ts?t=1784473840202:1248
[  437992ms] [LOG] Preloading first world... 63% @ http://localhost:5175/src/main.ts?t=1784473840202:1248
[  438015ms] [LOG] Preloading first world... 66% @ http://localhost:5175/src/main.ts?t=1784473840202:1248
[  438041ms] [LOG] Preloading first world... 70% @ http://localhost:5175/src/main.ts?t=1784473840202:1248
[  438112ms] [LOG] Preloading first world... 73% @ http://localhost:5175/src/main.ts?t=1784473840202:1248
[  438189ms] [LOG] Preloading first world... 76% @ http://localhost:5175/src/main.ts?t=1784473840202:1248
[  438262ms] [LOG] Preloading first world... 80% @ http://localhost:5175/src/main.ts?t=1784473840202:1248
[  438334ms] [LOG] Preloading first world... 83% @ http://localhost:5175/src/main.ts?t=1784473840202:1248
[  438390ms] [LOG] Preloading first world... 86% @ http://localhost:5175/src/main.ts?t=1784473840202:1248
[  438433ms] [LOG] Preloading first world... 89% @ http://localhost:5175/src/main.ts?t=1784473840202:1248
[  438480ms] [LOG] Preloading first world... 93% @ http://localhost:5175/src/main.ts?t=1784473840202:1248
[  438523ms] [LOG] Preloading first world... 96% @ http://localhost:5175/src/main.ts?t=1784473840202:1248
[  438567ms] [LOG] Preloading first world... 99% @ http://localhost:5175/src/main.ts?t=1784473840202:1248
[  438609ms] [LOG] Preloading first world... 100% @ http://localhost:5175/src/main.ts?t=1784473840202:1248
[  438621ms] [LOG] Loaded 4320000 splats. Starting Tiny LoD build... @ blob:http://localhost:5175/a85ee97f-c565-415c-8ea7-e2324bdef810:1138
[  439287ms] [LOG] Playing video intro from path: /assets/VideoIntro.mp4 @ http://localhost:5175/src/main.ts?t=1784473840202:1741
[  439304ms] [ERROR] Failed to load resource: the server responded with a status of 404 (Not Found) @ http://localhost:5175/favicon.ico:0
[  440990ms] [LOG] Loaded 4320000 splats. Starting Tiny LoD build... @ blob:http://localhost:5175/27fd5c08-19e3-4eb3-a37f-b7fbb7106be4:1138
[  442156ms] [LOG] Found preloading state for World One. Resolving... @ http://localhost:5175/src/main.ts?t=1784473840202:1346
[  443666ms] [LOG] Video source path: /assets/VideoIntro.mp4 @ http://localhost:5175/src/main.ts?t=1784473847757:1703
[  444873ms] [LOG] Silent preloading first world in background: Elephants TRavels @ http://localhost:5175/src/main.ts?t=1784473847757:1244
[  444976ms] [LOG] Preloading first world... 0% @ http://localhost:5175/src/main.ts?t=1784473847757:1248
[  444996ms] [LOG] Preloading first world... 3% @ http://localhost:5175/src/main.ts?t=1784473847757:1248
[  445022ms] [LOG] Preloading first world... 3% @ http://localhost:5175/src/main.ts?t=1784473847757:1248
[  445023ms] [LOG] Preloading first world... 4% @ http://localhost:5175/src/main.ts?t=1784473847757:1248
[  445026ms] [LOG] Preloading first world... 7% @ http://localhost:5175/src/main.ts?t=1784473847757:1248
[  445047ms] [LOG] Preloading first world... 7% @ http://localhost:5175/src/main.ts?t=1784473847757:1248
[  445054ms] [LOG] Preloading first world... 8% @ http://localhost:5175/src/main.ts?t=1784473847757:1248
[  445056ms] [LOG] Preloading first world... 8% @ http://localhost:5175/src/main.ts?t=1784473847757:1248
[  445059ms] [LOG] Preloading first world... 10% @ http://localhost:5175/src/main.ts?t=1784473847757:1248
[  445076ms] [LOG] Preloading first world... 11% @ http://localhost:5175/src/main.ts?t=1784473847757:1248
[  445085ms] [LOG] Preloading first world... 12% @ http://localhost:5175/src/main.ts?t=1784473847757:1248
[  445087ms] [LOG] Preloading first world... 12% @ http://localhost:5175/src/main.ts?t=1784473847757:1248
[  445088ms] [LOG] Preloading first world... 13% @ http://localhost:5175/src/main.ts?t=1784473847757:1248
[  445097ms] [LOG] Preloading first world... 15% @ http://localhost:5175/src/main.ts?t=1784473847757:1248
[  445112ms] [LOG] Preloading first world... 16% @ http://localhost:5175/src/main.ts?t=1784473847757:1248
[  445115ms] [LOG] Preloading first world... 16% @ http://localhost:5175/src/main.ts?t=1784473847757:1248
[  445116ms] [LOG] Preloading first world... 16% @ http://localhost:5175/src/main.ts?t=1784473847757:1248
[  445118ms] [LOG] Preloading first world... 17% @ http://localhost:5175/src/main.ts?t=1784473847757:1248
[  445123ms] [LOG] Preloading first world... 19% @ http://localhost:5175/src/main.ts?t=1784473847757:1248
[  445136ms] [LOG] Preloading first world... 19% @ http://localhost:5175/src/main.ts?t=1784473847757:1248
[  445138ms] [LOG] Preloading first world... 19% @ http://localhost:5175/src/main.ts?t=1784473847757:1248
[  445139ms] [LOG] Preloading first world... 20% @ http://localhost:5175/src/main.ts?t=1784473847757:1248
[  445140ms] [LOG] Preloading first world... 20% @ http://localhost:5175/src/main.ts?t=1784473847757:1248
[  445144ms] [LOG] Preloading first world... 23% @ http://localhost:5175/src/main.ts?t=1784473847757:1248
[  445162ms] [LOG] Preloading first world... 23% @ http://localhost:5175/src/main.ts?t=1784473847757:1248
[  445165ms] [LOG] Preloading first world... 27% @ http://localhost:5175/src/main.ts?t=1784473847757:1248
[  445184ms] [LOG] Preloading first world... 30% @ http://localhost:5175/src/main.ts?t=1784473847757:1248
[  445212ms] [LOG] Preloading first world... 33% @ http://localhost:5175/src/main.ts?t=1784473847757:1248
[  445237ms] [LOG] Preloading first world... 36% @ http://localhost:5175/src/main.ts?t=1784473847757:1248
[  445262ms] [LOG] Preloading first world... 40% @ http://localhost:5175/src/main.ts?t=1784473847757:1248
[  445281ms] [LOG] Preloading first world... 43% @ http://localhost:5175/src/main.ts?t=1784473847757:1248
[  445306ms] [LOG] Preloading first world... 46% @ http://localhost:5175/src/main.ts?t=1784473847757:1248
[  445336ms] [LOG] Preloading first world... 50% @ http://localhost:5175/src/main.ts?t=1784473847757:1248
[  445368ms] [LOG] Preloading first world... 53% @ http://localhost:5175/src/main.ts?t=1784473847757:1248
[  445399ms] [LOG] Preloading first world... 56% @ http://localhost:5175/src/main.ts?t=1784473847757:1248
[  445428ms] [LOG] Preloading first world... 60% @ http://localhost:5175/src/main.ts?t=1784473847757:1248
[  445455ms] [LOG] Preloading first world... 63% @ http://localhost:5175/src/main.ts?t=1784473847757:1248
[  445489ms] [LOG] Preloading first world... 66% @ http://localhost:5175/src/main.ts?t=1784473847757:1248
[  445521ms] [LOG] Preloading first world... 70% @ http://localhost:5175/src/main.ts?t=1784473847757:1248
[  445602ms] [LOG] Preloading first world... 73% @ http://localhost:5175/src/main.ts?t=1784473847757:1248
[  445683ms] [LOG] Preloading first world... 76% @ http://localhost:5175/src/main.ts?t=1784473847757:1248
[  445761ms] [LOG] Preloading first world... 80% @ http://localhost:5175/src/main.ts?t=1784473847757:1248
[  445835ms] [LOG] Preloading first world... 83% @ http://localhost:5175/src/main.ts?t=1784473847757:1248
[  445892ms] [LOG] Preloading first world... 86% @ http://localhost:5175/src/main.ts?t=1784473847757:1248
[  445936ms] [LOG] Preloading first world... 89% @ http://localhost:5175/src/main.ts?t=1784473847757:1248
[  445984ms] [LOG] Preloading first world... 93% @ http://localhost:5175/src/main.ts?t=1784473847757:1248
[  446027ms] [LOG] Preloading first world... 96% @ http://localhost:5175/src/main.ts?t=1784473847757:1248
[  446071ms] [LOG] Preloading first world... 99% @ http://localhost:5175/src/main.ts?t=1784473847757:1248
[  446116ms] [LOG] Preloading first world... 100% @ http://localhost:5175/src/main.ts?t=1784473847757:1248
[  446126ms] [LOG] Loaded 4320000 splats. Starting Tiny LoD build... @ blob:http://localhost:5175/23086cda-7f22-430f-b193-e155f49253e5:1138
[  446320ms] [LOG] Playing video intro from path: /assets/VideoIntro.mp4 @ http://localhost:5175/src/main.ts?t=1784473847757:1741
[  446335ms] [ERROR] Failed to load resource: the server responded with a status of 404 (Not Found) @ http://localhost:5175/favicon.ico:0
[  447722ms] [LOG] Found preloading state for World One. Resolving... @ http://localhost:5175/src/main.ts?t=1784473847757:1346
[  456234ms] [LOG] Tiny LoD: 4320000 -> 5924840 (10107.799999952316 ms) @ blob:http://localhost:5175/23086cda-7f22-430f-b193-e155f49253e5:1150
[  457386ms] [LOG] First world preloaded successfully and ready! @ http://localhost:5175/src/main.ts?t=1784473847757:1255
[  457386ms] [LOG] Loading mesh collider from: /assets/worlds/Ancient%20Egyptian%20Desert%20Palace_collider.glb @ http://localhost:5175/src/main.ts?t=1784473847757:1304
[  457390ms] TypeError: Cannot read properties of undefined (reading 'splatUrl')
    at getSplatUrlForWorld (http://localhost:5175/src/main.ts?t=1784473847757:1108:16)
    at createSplat (http://localhost:5175/src/main.ts?t=1784473847757:1226:15)
    at preloadSecondWorld (http://localhost:5175/src/main.ts?t=1784473847757:1271:17)
    at startAdventure (http://localhost:5175/src/main.ts?t=1784473847757:1424:10)
    at async http://localhost:5175/src/main.ts?t=1784473847757:1724:7
[  457671ms] [LOG] Mesh collider loaded successfully! @ http://localhost:5175/src/main.ts?t=1784473847757:1331
[  458194ms] [LOG] Using default transforms for dad: {pos: Array(3), rot: Array(3), scale: 7.9} @ http://localhost:5175/src/main.ts?t=1784473847757:2424
[  459036ms] [LOG] Using default transforms for child: {pos: Array(3), rot: Array(3), scale: 5} @ http://localhost:5175/src/main.ts?t=1784473847757:2424
[  460116ms] [LOG] Using default transforms for cat: {pos: Array(3), rot: Array(3), scale: 4.45} @ http://localhost:5175/src/main.ts?t=1784473847757:2424
[  460939ms] [LOG] Using default transforms for pyramid: {pos: Array(3), rot: Array(3), scale: 50} @ http://localhost:5175/src/main.ts?t=1784473847757:2424
[  461662ms] [LOG] Using default transforms for vase: {pos: Array(3), rot: Array(3), scale: 2.25} @ http://localhost:5175/src/main.ts?t=1784473847757:2424
[  472930ms] [LOG] Video source path: /assets/VideoIntro.mp4 @ http://localhost:5175/src/main.ts?t=1784473876613:1703
[  474996ms] [LOG] Silent preloading first world in background: Elephants TRavels @ http://localhost:5175/src/main.ts?t=1784473876613:1244
[  475088ms] [LOG] Preloading first world... 0% @ http://localhost:5175/src/main.ts?t=1784473876613:1248
[  475103ms] [LOG] Preloading first world... 3% @ http://localhost:5175/src/main.ts?t=1784473876613:1248
[  475123ms] [LOG] Preloading first world... 4% @ http://localhost:5175/src/main.ts?t=1784473876613:1248
[  475126ms] [LOG] Preloading first world... 7% @ http://localhost:5175/src/main.ts?t=1784473876613:1248
[  475141ms] [LOG] Preloading first world... 7% @ http://localhost:5175/src/main.ts?t=1784473876613:1248
[  475144ms] [LOG] Preloading first world... 7% @ http://localhost:5175/src/main.ts?t=1784473876613:1248
[  475145ms] [LOG] Preloading first world... 10% @ http://localhost:5175/src/main.ts?t=1784473876613:1248
[  475160ms] [LOG] Preloading first world... 11% @ http://localhost:5175/src/main.ts?t=1784473876613:1248
[  475165ms] [LOG] Preloading first world... 11% @ http://localhost:5175/src/main.ts?t=1784473876613:1248
[  475166ms] [LOG] Preloading first world... 11% @ http://localhost:5175/src/main.ts?t=1784473876613:1248
[  475168ms] [LOG] Preloading first world... 13% @ http://localhost:5175/src/main.ts?t=1784473876613:1248
[  475180ms] [LOG] Preloading first world... 15% @ http://localhost:5175/src/main.ts?t=1784473876613:1248
[  475189ms] [LOG] Preloading first world... 17% @ http://localhost:5175/src/main.ts?t=1784473876613:1248
[  475197ms] [LOG] Preloading first world... 18% @ http://localhost:5175/src/main.ts?t=1784473876613:1248
[  475209ms] [LOG] Preloading first world... 19% @ http://localhost:5175/src/main.ts?t=1784473876613:1248
[  475213ms] [LOG] Preloading first world... 19% @ http://localhost:5175/src/main.ts?t=1784473876613:1248
[  475215ms] [LOG] Preloading first world... 19% @ http://localhost:5175/src/main.ts?t=1784473876613:1248
[  475216ms] [LOG] Preloading first world... 20% @ http://localhost:5175/src/main.ts?t=1784473876613:1248
[  475216ms] [LOG] Preloading first world... 20% @ http://localhost:5175/src/main.ts?t=1784473876613:1248
[  475218ms] [LOG] Preloading first world... 20% @ http://localhost:5175/src/main.ts?t=1784473876613:1248
[  475220ms] [LOG] Preloading first world... 23% @ http://localhost:5175/src/main.ts?t=1784473876613:1248
[  475235ms] [LOG] Preloading first world... 23% @ http://localhost:5175/src/main.ts?t=1784473876613:1248
[  475237ms] [LOG] Preloading first world... 27% @ http://localhost:5175/src/main.ts?t=1784473876613:1248
[  475256ms] [LOG] Preloading first world... 30% @ http://localhost:5175/src/main.ts?t=1784473876613:1248
[  475273ms] [LOG] Preloading first world... 33% @ http://localhost:5175/src/main.ts?t=1784473876613:1248
[  475292ms] [LOG] Preloading first world... 36% @ http://localhost:5175/src/main.ts?t=1784473876613:1248
[  475309ms] [LOG] Preloading first world... 40% @ http://localhost:5175/src/main.ts?t=1784473876613:1248
[  475328ms] [LOG] Preloading first world... 43% @ http://localhost:5175/src/main.ts?t=1784473876613:1248
[  475348ms] [LOG] Preloading first world... 46% @ http://localhost:5175/src/main.ts?t=1784473876613:1248
[  475374ms] [LOG] Preloading first world... 50% @ http://localhost:5175/src/main.ts?t=1784473876613:1248
[  475403ms] [LOG] Preloading first world... 53% @ http://localhost:5175/src/main.ts?t=1784473876613:1248
[  475430ms] [LOG] Preloading first world... 56% @ http://localhost:5175/src/main.ts?t=1784473876613:1248
[  475453ms] [LOG] Preloading first world... 60% @ http://localhost:5175/src/main.ts?t=1784473876613:1248
[  475480ms] [LOG] Preloading first world... 63% @ http://localhost:5175/src/main.ts?t=1784473876613:1248
[  475506ms] [LOG] Preloading first world... 66% @ http://localhost:5175/src/main.ts?t=1784473876613:1248
[  475531ms] [LOG] Preloading first world... 70% @ http://localhost:5175/src/main.ts?t=1784473876613:1248
[  475603ms] [LOG] Preloading first world... 73% @ http://localhost:5175/src/main.ts?t=1784473876613:1248
[  475682ms] [LOG] Preloading first world... 76% @ http://localhost:5175/src/main.ts?t=1784473876613:1248
[  475757ms] [LOG] Preloading first world... 80% @ http://localhost:5175/src/main.ts?t=1784473876613:1248
[  475831ms] [LOG] Preloading first world... 83% @ http://localhost:5175/src/main.ts?t=1784473876613:1248
[  475888ms] [LOG] Preloading first world... 86% @ http://localhost:5175/src/main.ts?t=1784473876613:1248
[  475932ms] [LOG] Preloading first world... 89% @ http://localhost:5175/src/main.ts?t=1784473876613:1248
[  475980ms] [LOG] Preloading first world... 93% @ http://localhost:5175/src/main.ts?t=1784473876613:1248
[  476023ms] [LOG] Preloading first world... 96% @ http://localhost:5175/src/main.ts?t=1784473876613:1248
[  476066ms] [LOG] Preloading first world... 99% @ http://localhost:5175/src/main.ts?t=1784473876613:1248
[  476108ms] [LOG] Preloading first world... 100% @ http://localhost:5175/src/main.ts?t=1784473876613:1248
[  476119ms] [LOG] Loaded 4320000 splats. Starting Tiny LoD build... @ blob:http://localhost:5175/e3ab3451-a148-4c14-a586-cb52d4c4c16b:1138
[  476585ms] [LOG] Playing video intro from path: /assets/VideoIntro.mp4 @ http://localhost:5175/src/main.ts?t=1784473876613:1741
[  476602ms] [ERROR] Failed to load resource: the server responded with a status of 404 (Not Found) @ http://localhost:5175/favicon.ico:0
[  478304ms] [LOG] Found preloading state for World One. Resolving... @ http://localhost:5175/src/main.ts?t=1784473876613:1346
[  487707ms] [LOG] Tiny LoD: 4320000 -> 5924840 (11587.400000095367 ms) @ blob:http://localhost:5175/e3ab3451-a148-4c14-a586-cb52d4c4c16b:1150
[  488916ms] [LOG] First world preloaded successfully and ready! @ http://localhost:5175/src/main.ts?t=1784473876613:1255
[  488917ms] [LOG] Loading mesh collider from: /assets/worlds/Ancient%20Egyptian%20Desert%20Palace_collider.glb @ http://localhost:5175/src/main.ts?t=1784473876613:1304
[  488919ms] TypeError: Cannot read properties of undefined (reading 'splatUrl')
    at getSplatUrlForWorld (http://localhost:5175/src/main.ts?t=1784473876613:1108:16)
    at createSplat (http://localhost:5175/src/main.ts?t=1784473876613:1226:15)
    at preloadSecondWorld (http://localhost:5175/src/main.ts?t=1784473876613:1271:17)
    at startAdventure (http://localhost:5175/src/main.ts?t=1784473876613:1424:10)
    at async http://localhost:5175/src/main.ts?t=1784473876613:1724:7
[  489162ms] [LOG] Mesh collider loaded successfully! @ http://localhost:5175/src/main.ts?t=1784473876613:1331
[  489794ms] [LOG] Using default transforms for dad: {pos: Array(3), rot: Array(3), scale: 7.9} @ http://localhost:5175/src/main.ts?t=1784473876613:2424
[  490683ms] [LOG] Using default transforms for child: {pos: Array(3), rot: Array(3), scale: 5} @ http://localhost:5175/src/main.ts?t=1784473876613:2424
[  491976ms] [LOG] Using default transforms for cat: {pos: Array(3), rot: Array(3), scale: 4.45} @ http://localhost:5175/src/main.ts?t=1784473876613:2424
[  492929ms] [LOG] Using default transforms for pyramid: {pos: Array(3), rot: Array(3), scale: 50} @ http://localhost:5175/src/main.ts?t=1784473876613:2424
[  494190ms] [LOG] Using default transforms for vase: {pos: Array(3), rot: Array(3), scale: 2.25} @ http://localhost:5175/src/main.ts?t=1784473876613:2424
