[   21057ms] [LOG] Loaded 714071 splats. Starting Tiny LoD build... @ blob:http://localhost:5173/26de577d-5453-44ca-8231-9a7db1d7e9de:1138
[   22719ms] [LOG] Tiny LoD: 714071 -> 1080360 (1661.8999999761581 ms) @ blob:http://localhost:5173/26de577d-5453-44ca-8231-9a7db1d7e9de:1150
[  522708ms] ReferenceError: TransformControls is not defined
    at http://localhost:5173/src/main.ts?t=1784423388918:1536:27
[  522717ms] ReferenceError: Cannot access 'freeCamEnabled' before initialization
    at http://localhost:5173/src/main.ts?t=1784423388918:1163:3
    at onAnimationFrame (http://localhost:5173/node_modules/.vite/deps/chunk-IT3TP6RZ.js?v=fb8b773a:40488:37)
    at onAnimationFrame (http://localhost:5173/node_modules/.vite/deps/chunk-IT3TP6RZ.js?v=fb8b773a:31354:5)
[  531100ms] ReferenceError: TransformControls is not defined
    at http://localhost:5173/src/main.ts?t=1784423397306:1535:27
[  531114ms] ReferenceError: Cannot access 'freeCamEnabled' before initialization
    at http://localhost:5173/src/main.ts?t=1784423397306:1162:3
    at onAnimationFrame (http://localhost:5173/node_modules/.vite/deps/chunk-IT3TP6RZ.js?v=fb8b773a:40488:37)
    at onAnimationFrame (http://localhost:5173/node_modules/.vite/deps/chunk-IT3TP6RZ.js?v=fb8b773a:31354:5)
[  532598ms] ReferenceError: TransformControls is not defined
    at http://localhost:5173/src/main.ts?t=1784423398836:1535:27
[  532604ms] ReferenceError: Cannot access 'freeCamEnabled' before initialization
    at http://localhost:5173/src/main.ts?t=1784423398836:1162:3
    at onAnimationFrame (http://localhost:5173/node_modules/.vite/deps/chunk-IT3TP6RZ.js?v=fb8b773a:40488:37)
    at onAnimationFrame (http://localhost:5173/node_modules/.vite/deps/chunk-IT3TP6RZ.js?v=fb8b773a:31354:5)
[  552127ms] ReferenceError: TransformControls is not defined
    at http://localhost:5173/src/main.ts?t=1784423418382:1544:27
[  552127ms] ReferenceError: Cannot access 'freeCamEnabled' before initialization
    at http://localhost:5173/src/main.ts?t=1784423418382:1162:3
    at onAnimationFrame (http://localhost:5173/node_modules/.vite/deps/chunk-IT3TP6RZ.js?v=fb8b773a:40488:37)
    at onAnimationFrame (http://localhost:5173/node_modules/.vite/deps/chunk-IT3TP6RZ.js?v=fb8b773a:31354:5)
[  555151ms] ReferenceError: gizmoModeBtns is not defined
    at http://localhost:5173/src/main.ts?t=1784423421424:1724:1
[  572540ms] ReferenceError: gizmoModeBtns is not defined
    at http://localhost:5173/src/main.ts?t=1784423438680:1760:1
