[     147ms] [LOG] Video source path: /assets/VideoIntro.mp4 @ http://localhost:5176/src/main.ts:1704
[   17551ms] [LOG] Playing video intro from path: /assets/VideoIntro.mp4 @ http://localhost:5176/src/main.ts:1742
[   17562ms] [LOG] Silent preloading first world in background: Elephants TRavels @ http://localhost:5176/src/main.ts:1246
[   17564ms] [LOG] Silent preloading first world in background: Elephants TRavels @ http://localhost:5176/src/main.ts:1246
[   17580ms] [ERROR] Failed to load resource: the server responded with a status of 404 (Not Found) @ http://localhost:5176/favicon.ico:0
[   17664ms] [LOG] Preloading first world... 0% @ http://localhost:5176/src/main.ts:1250
[   17684ms] [LOG] Preloading first world... 3% @ http://localhost:5176/src/main.ts:1250
[   17689ms] [LOG] Preloading first world... 0% @ http://localhost:5176/src/main.ts:1250
[   17709ms] [LOG] Preloading first world... 1% @ http://localhost:5176/src/main.ts:1250
[   17713ms] [LOG] Preloading first world... 3% @ http://localhost:5176/src/main.ts:1250
[   17715ms] [LOG] Preloading first world... 4% @ http://localhost:5176/src/main.ts:1250
[   17718ms] [LOG] Preloading first world... 7% @ http://localhost:5176/src/main.ts:1250
[   17729ms] [LOG] Preloading first world... 4% @ http://localhost:5176/src/main.ts:1250
[   17735ms] [LOG] Preloading first world... 7% @ http://localhost:5176/src/main.ts:1250
[   17736ms] [LOG] Preloading first world... 4% @ http://localhost:5176/src/main.ts:1250
[   17739ms] [LOG] Preloading first world... 7% @ http://localhost:5176/src/main.ts:1250
[   17742ms] [LOG] Preloading first world... 8% @ http://localhost:5176/src/main.ts:1250
[   17745ms] [LOG] Preloading first world... 10% @ http://localhost:5176/src/main.ts:1250
[   17752ms] [LOG] Preloading first world... 8% @ http://localhost:5176/src/main.ts:1250
[   17756ms] [LOG] Preloading first world... 11% @ http://localhost:5176/src/main.ts:1250
[   17760ms] [LOG] Preloading first world... 8% @ http://localhost:5176/src/main.ts:1250
[   17761ms] [LOG] Preloading first world... 8% @ http://localhost:5176/src/main.ts:1250
[   17764ms] [LOG] Preloading first world... 10% @ http://localhost:5176/src/main.ts:1250
[   17765ms] [LOG] Preloading first world... 12% @ http://localhost:5176/src/main.ts:1250
[   17770ms] [LOG] Preloading first world... 12% @ http://localhost:5176/src/main.ts:1250
[   17772ms] [LOG] Preloading first world... 13% @ http://localhost:5176/src/main.ts:1250
[   17776ms] [LOG] Preloading first world... 12% @ http://localhost:5176/src/main.ts:1250
[   17781ms] [LOG] Preloading first world... 15% @ http://localhost:5176/src/main.ts:1250
[   17786ms] [LOG] Preloading first world... 12% @ http://localhost:5176/src/main.ts:1250
[   17790ms] [LOG] Preloading first world... 13% @ http://localhost:5176/src/main.ts:1250
[   17790ms] [LOG] Preloading first world... 16% @ http://localhost:5176/src/main.ts:1250
[   17793ms] [LOG] Preloading first world... 16% @ http://localhost:5176/src/main.ts:1250
[   17795ms] [LOG] Preloading first world... 17% @ http://localhost:5176/src/main.ts:1250
[   17795ms] [LOG] Preloading first world... 16% @ http://localhost:5176/src/main.ts:1250
[   17802ms] [LOG] Preloading first world... 19% @ http://localhost:5176/src/main.ts:1250
[   17811ms] [LOG] Preloading first world... 17% @ http://localhost:5176/src/main.ts:1250
[   17815ms] [LOG] Preloading first world... 20% @ http://localhost:5176/src/main.ts:1250
[   17815ms] [LOG] Preloading first world... 17% @ http://localhost:5176/src/main.ts:1250
[   17816ms] [LOG] Preloading first world... 17% @ http://localhost:5176/src/main.ts:1250
[   17816ms] [LOG] Preloading first world... 17% @ http://localhost:5176/src/main.ts:1250
[   17817ms] [LOG] Preloading first world... 17% @ http://localhost:5176/src/main.ts:1250
[   17818ms] [LOG] Preloading first world... 20% @ http://localhost:5176/src/main.ts:1250
[   17818ms] [LOG] Preloading first world... 20% @ http://localhost:5176/src/main.ts:1250
[   17819ms] [LOG] Preloading first world... 20% @ http://localhost:5176/src/main.ts:1250
[   17820ms] [LOG] Preloading first world... 23% @ http://localhost:5176/src/main.ts:1250
[   17835ms] [LOG] Preloading first world... 20% @ http://localhost:5176/src/main.ts:1250
[   17838ms] [LOG] Preloading first world... 21% @ http://localhost:5176/src/main.ts:1250
[   17839ms] [LOG] Preloading first world... 21% @ http://localhost:5176/src/main.ts:1250
[   17840ms] [LOG] Preloading first world... 23% @ http://localhost:5176/src/main.ts:1250
[   17840ms] [LOG] Preloading first world... 21% @ http://localhost:5176/src/main.ts:1250
[   17841ms] [LOG] Preloading first world... 27% @ http://localhost:5176/src/main.ts:1250
[   17842ms] [LOG] Preloading first world... 23% @ http://localhost:5176/src/main.ts:1250
[   17855ms] [LOG] Preloading first world... 24% @ http://localhost:5176/src/main.ts:1250
[   17861ms] [LOG] Preloading first world... 30% @ http://localhost:5176/src/main.ts:1250
[   17862ms] [LOG] Preloading first world... 24% @ http://localhost:5176/src/main.ts:1250
[   17864ms] [LOG] Preloading first world... 27% @ http://localhost:5176/src/main.ts:1250
[   17875ms] [LOG] Preloading first world... 28% @ http://localhost:5176/src/main.ts:1250
[   17880ms] [LOG] Preloading first world... 33% @ http://localhost:5176/src/main.ts:1250
[   17882ms] [LOG] Preloading first world... 28% @ http://localhost:5176/src/main.ts:1250
[   17888ms] [LOG] Preloading first world... 30% @ http://localhost:5176/src/main.ts:1250
[   17897ms] [LOG] Preloading first world... 32% @ http://localhost:5176/src/main.ts:1250
[   17900ms] [LOG] Preloading first world... 36% @ http://localhost:5176/src/main.ts:1250
[   17907ms] [LOG] Preloading first world... 33% @ http://localhost:5176/src/main.ts:1250
[   17912ms] [LOG] Preloading first world... 33% @ http://localhost:5176/src/main.ts:1250
[   17913ms] [LOG] Preloading first world... 33% @ http://localhost:5176/src/main.ts:1250
[   17917ms] [LOG] Preloading first world... 36% @ http://localhost:5176/src/main.ts:1250
[   17920ms] [LOG] Preloading first world... 40% @ http://localhost:5176/src/main.ts:1250
[   17933ms] [LOG] Preloading first world... 36% @ http://localhost:5176/src/main.ts:1250
[   17936ms] [LOG] Preloading first world... 39% @ http://localhost:5176/src/main.ts:1250
[   17939ms] [LOG] Preloading first world... 43% @ http://localhost:5176/src/main.ts:1250
[   17953ms] [LOG] Preloading first world... 40% @ http://localhost:5176/src/main.ts:1250
[   17956ms] [LOG] Preloading first world... 43% @ http://localhost:5176/src/main.ts:1250
[   17958ms] [LOG] Preloading first world... 46% @ http://localhost:5176/src/main.ts:1250
[   17975ms] [LOG] Preloading first world... 46% @ http://localhost:5176/src/main.ts:1250
[   17986ms] [LOG] Preloading first world... 50% @ http://localhost:5176/src/main.ts:1250
[   18006ms] [LOG] Preloading first world... 50% @ http://localhost:5176/src/main.ts:1250
[   18019ms] [LOG] Preloading first world... 53% @ http://localhost:5176/src/main.ts:1250
[   18038ms] [LOG] Preloading first world... 53% @ http://localhost:5176/src/main.ts:1250
[   18047ms] [LOG] Preloading first world... 56% @ http://localhost:5176/src/main.ts:1250
[   18065ms] [LOG] Preloading first world... 56% @ http://localhost:5176/src/main.ts:1250
[   18075ms] [LOG] Preloading first world... 60% @ http://localhost:5176/src/main.ts:1250
[   18091ms] [LOG] Preloading first world... 60% @ http://localhost:5176/src/main.ts:1250
[   18103ms] [LOG] Preloading first world... 63% @ http://localhost:5176/src/main.ts:1250
[   18120ms] [LOG] Preloading first world... 63% @ http://localhost:5176/src/main.ts:1250
[   18130ms] [LOG] Preloading first world... 66% @ http://localhost:5176/src/main.ts:1250
[   18147ms] [LOG] Preloading first world... 66% @ http://localhost:5176/src/main.ts:1250
[   18158ms] [LOG] Preloading first world... 70% @ http://localhost:5176/src/main.ts:1250
[   18177ms] [LOG] Preloading first world... 70% @ http://localhost:5176/src/main.ts:1250
[   18236ms] [LOG] Preloading first world... 73% @ http://localhost:5176/src/main.ts:1250
[   18254ms] [LOG] Preloading first world... 73% @ http://localhost:5176/src/main.ts:1250
[   18316ms] [LOG] Preloading first world... 76% @ http://localhost:5176/src/main.ts:1250
[   18333ms] [LOG] Preloading first world... 76% @ http://localhost:5176/src/main.ts:1250
[   18392ms] [LOG] Preloading first world... 80% @ http://localhost:5176/src/main.ts:1250
[   18409ms] [LOG] Preloading first world... 80% @ http://localhost:5176/src/main.ts:1250
[   18468ms] [LOG] Preloading first world... 83% @ http://localhost:5176/src/main.ts:1250
[   18486ms] [LOG] Preloading first world... 83% @ http://localhost:5176/src/main.ts:1250
[   18530ms] [LOG] Preloading first world... 86% @ http://localhost:5176/src/main.ts:1250
[   18545ms] [LOG] Preloading first world... 86% @ http://localhost:5176/src/main.ts:1250
[   18575ms] [LOG] Preloading first world... 89% @ http://localhost:5176/src/main.ts:1250
[   18590ms] [LOG] Preloading first world... 89% @ http://localhost:5176/src/main.ts:1250
[   18623ms] [LOG] Preloading first world... 93% @ http://localhost:5176/src/main.ts:1250
[   18638ms] [LOG] Preloading first world... 93% @ http://localhost:5176/src/main.ts:1250
[   18667ms] [LOG] Preloading first world... 96% @ http://localhost:5176/src/main.ts:1250
[   18683ms] [LOG] Preloading first world... 96% @ http://localhost:5176/src/main.ts:1250
[   18712ms] [LOG] Preloading first world... 99% @ http://localhost:5176/src/main.ts:1250
[   18727ms] [LOG] Preloading first world... 99% @ http://localhost:5176/src/main.ts:1250
[   18755ms] [LOG] Preloading first world... 100% @ http://localhost:5176/src/main.ts:1250
[   18766ms] [LOG] Loaded 4320000 splats. Starting Tiny LoD build... @ blob:http://localhost:5176/e0d46d61-86f2-401a-b5d6-98a7d2e82ffa:1138
[   18771ms] [LOG] Preloading first world... 100% @ http://localhost:5176/src/main.ts:1250
[   18782ms] [LOG] Loaded 4320000 splats. Starting Tiny LoD build... @ blob:http://localhost:5176/068673d5-7bc7-43dc-b45b-ffc5ad3b8a48:1138
[   20187ms] [LOG] Found preloading state for World One. Resolving... @ http://localhost:5176/src/main.ts:1348
[   30699ms] [LOG] Tiny LoD: 4320000 -> 5924840 (11917 ms) @ blob:http://localhost:5176/068673d5-7bc7-43dc-b45b-ffc5ad3b8a48:1150
[   30699ms] [LOG] Tiny LoD: 4320000 -> 5924840 (11933.100000023842 ms) @ blob:http://localhost:5176/e0d46d61-86f2-401a-b5d6-98a7d2e82ffa:1150
[   31987ms] [LOG] First world preloaded successfully and ready! @ http://localhost:5176/src/main.ts:1257
[   31992ms] [LOG] First world preloaded successfully and ready! @ http://localhost:5176/src/main.ts:1257
[   31992ms] [LOG] Loading mesh collider from: /assets/worlds/Ancient%20Egyptian%20Desert%20Palace_collider.glb @ http://localhost:5176/src/main.ts:1306
[   32312ms] TypeError: Cannot read properties of undefined (reading 'splatUrl')
    at getSplatUrlForWorld (http://localhost:5176/src/main.ts:1114:16)
    at createSplat (http://localhost:5176/src/main.ts:1228:15)
    at preloadSecondWorld (http://localhost:5176/src/main.ts:1273:17)
    at startAdventure (http://localhost:5176/src/main.ts:1426:10)
    at async http://localhost:5176/src/main.ts:1725:7
[   32328ms] [LOG] Mesh collider loaded successfully! @ http://localhost:5176/src/main.ts:1333
[   33107ms] [LOG] Using default transforms for dad: {pos: Array(3), rot: Array(3), scale: 7.9} @ http://localhost:5176/src/main.ts:2393
[   34466ms] [LOG] Using default transforms for child: {pos: Array(3), rot: Array(3), scale: 5} @ http://localhost:5176/src/main.ts:2393
[   36066ms] [LOG] Using default transforms for cat: {pos: Array(3), rot: Array(3), scale: 4.45} @ http://localhost:5176/src/main.ts:2393
[   37168ms] [LOG] Using default transforms for pyramid: {pos: Array(3), rot: Array(3), scale: 50} @ http://localhost:5176/src/main.ts:2393
[   38399ms] [LOG] Using default transforms for vase: {pos: Array(3), rot: Array(3), scale: 2.25} @ http://localhost:5176/src/main.ts:2393
