[   42010ms] [LOG] Loaded 714071 splats. Starting Tiny LoD build... @ blob:http://localhost:5173/f00f5f8f-1caa-437b-bfa1-ceef3415aa5a:1138
[   43611ms] [LOG] Tiny LoD: 714071 -> 1080360 (1600.6999999284744 ms) @ blob:http://localhost:5173/f00f5f8f-1caa-437b-bfa1-ceef3415aa5a:1150
[ 1475198ms] [LOG] [vite] server connection lost. Polling for restart... @ http://localhost:5173/@vite/client:864
[ 1484073ms] [LOG] [vite] server connection lost. Polling for restart... @ http://localhost:5173/@vite/client:864
[ 1651737ms] [LOG] [vite] server connection lost. Polling for restart... @ http://localhost:5173/@vite/client:864
[ 6165870ms] [LOG] [vite] server connection lost. Polling for restart... @ http://localhost:5173/@vite/client:864
[ 6178809ms] [LOG] [vite] server connection lost. Polling for restart... @ http://localhost:5173/@vite/client:864
[ 9056028ms] [LOG] [vite] server connection lost. Polling for restart... @ http://localhost:5173/@vite/client:864
[ 9106062ms] [LOG] [vite] server connection lost. Polling for restart... @ http://localhost:5173/@vite/client:864
[ 9154862ms] [LOG] [vite] server connection lost. Polling for restart... @ http://localhost:5173/@vite/client:864
[44245116ms] [LOG] Video source path: /assets/VideoIntro.mp4 @ http://localhost:5173/src/main.ts?t=1784467781229:1565
[44378396ms] [LOG] Video source path: /assets/VideoIntro.mp4 @ http://localhost:5173/src/main.ts?t=1784467781229:1565
[44379378ms] [LOG] Silent preloading first world in background: Elephants TRavels @ http://localhost:5173/src/main.ts?t=1784467781229:1147
[44379512ms] [LOG] Preloading first world... 100% @ http://localhost:5173/src/main.ts?t=1784467781229:1151
[44379513ms] [WARNING] Worker error: Invalid PLY file @ blob:http://localhost:5173/a69f9623-5b79-4950-b9d7-51e5afb486d0:960
[44379513ms] [ERROR] Background preloading of first world failed: Invalid PLY file @ http://localhost:5173/src/main.ts?t=1784467781229:1161
[44379518ms] Invalid PLY file
[44381117ms] [LOG] Playing video intro from path: /assets/VideoIntro.mp4 @ http://localhost:5173/src/main.ts?t=1784467781229:1603
[44381144ms] [LOG] Silent preloading first world in background: Elephants TRavels @ http://localhost:5173/src/main.ts?t=1784467781229:1147
[44381148ms] [ERROR] Failed to load resource: the server responded with a status of 404 (Not Found) @ http://localhost:5173/favicon.ico:0
[44381151ms] [LOG] Preloading first world... 100% @ http://localhost:5173/src/main.ts?t=1784467781229:1151
[44381153ms] [ERROR] Background preloading of first world failed: Invalid PLY file @ http://localhost:5173/src/main.ts?t=1784467781229:1161
[44381165ms] Invalid PLY file
[44381151ms] [WARNING] Worker error: Invalid PLY file @ blob:http://localhost:5173/a69f9623-5b79-4950-b9d7-51e5afb486d0:960
[44386861ms] [WARNING] Worker error: Invalid PLY file @ blob:http://localhost:5173/a69f9623-5b79-4950-b9d7-51e5afb486d0:960
[44386861ms] Invalid PLY file
