[    1330ms] [LOG] Video source path: /assets/VideoIntro.mp4 @ http://localhost:5174/src/main.ts?t=1784471437632:1662
[    1488ms] [ERROR] Failed to load resource: the server responded with a status of 404 (Not Found) @ http://localhost:5174/favicon.ico:0
[    2560ms] [LOG] Silent preloading first world in background: Elephants TRavels @ http://localhost:5174/src/main.ts?t=1784471437632:1240
[    2676ms] [LOG] Preloading first world... 0% @ http://localhost:5174/src/main.ts?t=1784471437632:1244
[    2702ms] [LOG] Preloading first world... 3% @ http://localhost:5174/src/main.ts?t=1784471437632:1244
[    2729ms] [LOG] Preloading first world... 3% @ http://localhost:5174/src/main.ts?t=1784471437632:1244
[    2731ms] [LOG] Preloading first world... 7% @ http://localhost:5174/src/main.ts?t=1784471437632:1244
[    2749ms] [LOG] Preloading first world... 7% @ http://localhost:5174/src/main.ts?t=1784471437632:1244
[    2751ms] [LOG] Preloading first world... 10% @ http://localhost:5174/src/main.ts?t=1784471437632:1244
[    2769ms] [LOG] Preloading first world... 10% @ http://localhost:5174/src/main.ts?t=1784471437632:1244
[    2772ms] [LOG] Preloading first world... 13% @ http://localhost:5174/src/main.ts?t=1784471437632:1244
[    2788ms] [LOG] Preloading first world... 14% @ http://localhost:5174/src/main.ts?t=1784471437632:1244
[    2793ms] [LOG] Preloading first world... 17% @ http://localhost:5174/src/main.ts?t=1784471437632:1244
[    2813ms] [LOG] Preloading first world... 17% @ http://localhost:5174/src/main.ts?t=1784471437632:1244
[    2813ms] [LOG] Preloading first world... 17% @ http://localhost:5174/src/main.ts?t=1784471437632:1244
[    2813ms] [LOG] Preloading first world... 17% @ http://localhost:5174/src/main.ts?t=1784471437632:1244
[    2815ms] [LOG] Preloading first world... 20% @ http://localhost:5174/src/main.ts?t=1784471437632:1244
[    2831ms] [LOG] Preloading first world... 21% @ http://localhost:5174/src/main.ts?t=1784471437632:1244
[    2836ms] [LOG] Preloading first world... 23% @ http://localhost:5174/src/main.ts?t=1784471437632:1244
[    2852ms] [LOG] Preloading first world... 24% @ http://localhost:5174/src/main.ts?t=1784471437632:1244
[    2857ms] [LOG] Preloading first world... 27% @ http://localhost:5174/src/main.ts?t=1784471437632:1244
[    2872ms] [LOG] Preloading first world... 28% @ http://localhost:5174/src/main.ts?t=1784471437632:1244
[    2879ms] [LOG] Preloading first world... 30% @ http://localhost:5174/src/main.ts?t=1784471437632:1244
[    2892ms] [LOG] Preloading first world... 31% @ http://localhost:5174/src/main.ts?t=1784471437632:1244
[    2899ms] [LOG] Preloading first world... 33% @ http://localhost:5174/src/main.ts?t=1784471437632:1244
[    2911ms] [LOG] Preloading first world... 34% @ http://localhost:5174/src/main.ts?t=1784471437632:1244
[    2918ms] [LOG] Preloading first world... 36% @ http://localhost:5174/src/main.ts?t=1784471437632:1244
[    2930ms] [LOG] Preloading first world... 38% @ http://localhost:5174/src/main.ts?t=1784471437632:1244
[    2938ms] [LOG] Preloading first world... 40% @ http://localhost:5174/src/main.ts?t=1784471437632:1244
[    2950ms] [LOG] Preloading first world... 41% @ http://localhost:5174/src/main.ts?t=1784471437632:1244
[    2959ms] [LOG] Preloading first world... 43% @ http://localhost:5174/src/main.ts?t=1784471437632:1244
[    2969ms] [LOG] Preloading first world... 45% @ http://localhost:5174/src/main.ts?t=1784471437632:1244
[    2979ms] [LOG] Preloading first world... 46% @ http://localhost:5174/src/main.ts?t=1784471437632:1244
[    2995ms] [LOG] Preloading first world... 48% @ http://localhost:5174/src/main.ts?t=1784471437632:1244
[    3011ms] [LOG] Preloading first world... 50% @ http://localhost:5174/src/main.ts?t=1784471437632:1244
[    3024ms] [LOG] Preloading first world... 51% @ http://localhost:5174/src/main.ts?t=1784471437632:1244
[    3038ms] [LOG] Preloading first world... 53% @ http://localhost:5174/src/main.ts?t=1784471437632:1244
[    3049ms] [LOG] Preloading first world... 55% @ http://localhost:5174/src/main.ts?t=1784471437632:1244
[    3063ms] [LOG] Preloading first world... 56% @ http://localhost:5174/src/main.ts?t=1784471437632:1244
[    3074ms] [LOG] Preloading first world... 58% @ http://localhost:5174/src/main.ts?t=1784471437632:1244
[    3089ms] [LOG] Preloading first world... 60% @ http://localhost:5174/src/main.ts?t=1784471437632:1244
[    3099ms] [LOG] Preloading first world... 62% @ http://localhost:5174/src/main.ts?t=1784471437632:1244
[    3115ms] [LOG] Preloading first world... 63% @ http://localhost:5174/src/main.ts?t=1784471437632:1244
[    3128ms] [LOG] Preloading first world... 65% @ http://localhost:5174/src/main.ts?t=1784471437632:1244
[    3144ms] [LOG] Preloading first world... 65% @ http://localhost:5174/src/main.ts?t=1784471437632:1244
[    3145ms] [LOG] Preloading first world... 66% @ http://localhost:5174/src/main.ts?t=1784471437632:1244
[    3154ms] [LOG] Preloading first world... 68% @ http://localhost:5174/src/main.ts?t=1784471437632:1244
[    3199ms] [LOG] Preloading first world... 69% @ http://localhost:5174/src/main.ts?t=1784471437632:1244
[    3200ms] [LOG] Preloading first world... 70% @ http://localhost:5174/src/main.ts?t=1784471437632:1244
[    3224ms] [LOG] Preloading first world... 72% @ http://localhost:5174/src/main.ts?t=1784471437632:1244
[    3279ms] [LOG] Preloading first world... 72% @ http://localhost:5174/src/main.ts?t=1784471437632:1244
[    3280ms] [LOG] Preloading first world... 73% @ http://localhost:5174/src/main.ts?t=1784471437632:1244
[    3304ms] [LOG] Preloading first world... 75% @ http://localhost:5174/src/main.ts?t=1784471437632:1244
[    3357ms] [LOG] Preloading first world... 75% @ http://localhost:5174/src/main.ts?t=1784471437632:1244
[    3358ms] [LOG] Preloading first world... 76% @ http://localhost:5174/src/main.ts?t=1784471437632:1244
[    3378ms] [LOG] Preloading first world... 79% @ http://localhost:5174/src/main.ts?t=1784471437632:1244
[    3434ms] [LOG] Preloading first world... 79% @ http://localhost:5174/src/main.ts?t=1784471437632:1244
[    3435ms] [LOG] Preloading first world... 80% @ http://localhost:5174/src/main.ts?t=1784471437632:1244
[    3451ms] [LOG] Preloading first world... 82% @ http://localhost:5174/src/main.ts?t=1784471437632:1244
[    3498ms] [LOG] Preloading first world... 82% @ http://localhost:5174/src/main.ts?t=1784471437632:1244
[    3499ms] [LOG] Preloading first world... 83% @ http://localhost:5174/src/main.ts?t=1784471437632:1244
[    3509ms] [LOG] Preloading first world... 86% @ http://localhost:5174/src/main.ts?t=1784471437632:1244
[    3544ms] [LOG] Preloading first world... 86% @ http://localhost:5174/src/main.ts?t=1784471437632:1244
[    3547ms] [LOG] Preloading first world... 86% @ http://localhost:5174/src/main.ts?t=1784471437632:1244
[    3553ms] [LOG] Preloading first world... 89% @ http://localhost:5174/src/main.ts?t=1784471437632:1244
[    3592ms] [LOG] Preloading first world... 89% @ http://localhost:5174/src/main.ts?t=1784471437632:1244
[    3593ms] [LOG] Preloading first world... 89% @ http://localhost:5174/src/main.ts?t=1784471437632:1244
[    3601ms] [LOG] Preloading first world... 92% @ http://localhost:5174/src/main.ts?t=1784471437632:1244
[    3639ms] [LOG] Preloading first world... 92% @ http://localhost:5174/src/main.ts?t=1784471437632:1244
[    3640ms] [LOG] Preloading first world... 93% @ http://localhost:5174/src/main.ts?t=1784471437632:1244
[    3645ms] [LOG] Preloading first world... 96% @ http://localhost:5174/src/main.ts?t=1784471437632:1244
[    3667ms] [LOG] Playing video intro from path: /assets/VideoIntro.mp4 @ http://localhost:5174/src/main.ts?t=1784471437632:1700
[    3684ms] [ERROR] Failed to load resource: the server responded with a status of 404 (Not Found) @ http://localhost:5174/favicon.ico:0
[    3694ms] [LOG] Preloading first world... 96% @ http://localhost:5174/src/main.ts?t=1784471437632:1244
[    3696ms] [LOG] Preloading first world... 96% @ http://localhost:5174/src/main.ts?t=1784471437632:1244
[    3705ms] [LOG] Preloading first world... 99% @ http://localhost:5174/src/main.ts?t=1784471437632:1244
[    3750ms] [LOG] Preloading first world... 99% @ http://localhost:5174/src/main.ts?t=1784471437632:1244
[    3751ms] [LOG] Preloading first world... 99% @ http://localhost:5174/src/main.ts?t=1784471437632:1244
[    3752ms] [LOG] Preloading first world... 100% @ http://localhost:5174/src/main.ts?t=1784471437632:1244
[    3764ms] [LOG] Loaded 4320000 splats. Starting Tiny LoD build... @ blob:http://localhost:5174/a1d10262-a37f-48da-a619-635b0e42a6e0:1138
[    5767ms] [LOG] Found preloading state for World One. Resolving... @ http://localhost:5174/src/main.ts?t=1784471437632:1342
[   16152ms] [LOG] Tiny LoD: 4320000 -> 5924840 (12387.900000095367 ms) @ blob:http://localhost:5174/a1d10262-a37f-48da-a619-635b0e42a6e0:1150
[   17925ms] [LOG] First world preloaded successfully and ready! @ http://localhost:5174/src/main.ts?t=1784471437632:1251
[   17926ms] [LOG] Loading mesh collider from: /assets/worlds/Ancient%20Egyptian%20Desert%20Palace_collider.glb @ http://localhost:5174/src/main.ts?t=1784471437632:1300
[   17934ms] TypeError: Cannot read properties of undefined (reading 'splatUrl')
    at getSplatUrlForWorld (http://localhost:5174/src/main.ts?t=1784471437632:1108:16)
    at createSplat (http://localhost:5174/src/main.ts?t=1784471437632:1222:15)
    at preloadSecondWorld (http://localhost:5174/src/main.ts?t=1784471437632:1267:17)
    at startAdventure (http://localhost:5174/src/main.ts?t=1784471437632:1419:10)
    at async http://localhost:5174/src/main.ts?t=1784471437632:1683:7
[   18333ms] [LOG] Mesh collider loaded successfully! @ http://localhost:5174/src/main.ts?t=1784471437632:1327
[   19216ms] [LOG] Using default transforms for dad: {pos: Array(3), rot: Array(3), scale: 7.9} @ http://localhost:5174/src/main.ts?t=1784471437632:2291
[   20260ms] [LOG] Using default transforms for child: {pos: Array(3), rot: Array(3), scale: 5} @ http://localhost:5174/src/main.ts?t=1784471437632:2291
[   21860ms] [LOG] Using default transforms for cat: {pos: Array(3), rot: Array(3), scale: 4.45} @ http://localhost:5174/src/main.ts?t=1784471437632:2291
[   23158ms] [LOG] Using default transforms for pyramid: {pos: Array(3), rot: Array(3), scale: 50} @ http://localhost:5174/src/main.ts?t=1784471437632:2291
[   24022ms] [LOG] Using default transforms for vase: {pos: Array(3), rot: Array(3), scale: 2.25} @ http://localhost:5174/src/main.ts?t=1784471437632:2291
