[     521ms] [LOG] Video source path: /assets/VideoIntro.mp4 @ http://localhost:5176/src/main.ts:1704
[    1522ms] [ERROR] Failed to load resource: the server responded with a status of 404 (Not Found) @ http://localhost:5176/favicon.ico:0
[    3683ms] [LOG] Silent preloading first world in background: Elephants TRavels @ http://localhost:5176/src/main.ts:1246
[    3788ms] [LOG] Preloading first world... 0% @ http://localhost:5176/src/main.ts:1250
[    3823ms] [LOG] Preloading first world... 3% @ http://localhost:5176/src/main.ts:1250
[    3848ms] [LOG] Preloading first world... 4% @ http://localhost:5176/src/main.ts:1250
[    3849ms] [LOG] Preloading first world... 4% @ http://localhost:5176/src/main.ts:1250
[    3851ms] [LOG] Preloading first world... 7% @ http://localhost:5176/src/main.ts:1250
[    3869ms] [LOG] Preloading first world... 7% @ http://localhost:5176/src/main.ts:1250
[    3875ms] [LOG] Preloading first world... 10% @ http://localhost:5176/src/main.ts:1250
[    3898ms] [LOG] Preloading first world... 11% @ http://localhost:5176/src/main.ts:1250
[    3904ms] [LOG] Preloading first world... 13% @ http://localhost:5176/src/main.ts:1250
[    3924ms] [LOG] Preloading first world... 14% @ http://localhost:5176/src/main.ts:1250
[    3931ms] [LOG] Preloading first world... 17% @ http://localhost:5176/src/main.ts:1250
[    3958ms] [LOG] Preloading first world... 17% @ http://localhost:5176/src/main.ts:1250
[    3965ms] [LOG] Preloading first world... 20% @ http://localhost:5176/src/main.ts:1250
[    4021ms] [LOG] Preloading first world... 21% @ http://localhost:5176/src/main.ts:1250
[    4021ms] [LOG] Preloading first world... 23% @ http://localhost:5176/src/main.ts:1250
[    4022ms] [LOG] Preloading first world... 24% @ http://localhost:5176/src/main.ts:1250
[    4022ms] [LOG] Preloading first world... 27% @ http://localhost:5176/src/main.ts:1250
[    4066ms] [LOG] Preloading first world... 28% @ http://localhost:5176/src/main.ts:1250
[    4066ms] [LOG] Preloading first world... 30% @ http://localhost:5176/src/main.ts:1250
[    4066ms] [LOG] Preloading first world... 31% @ http://localhost:5176/src/main.ts:1250
[    4132ms] [LOG] Preloading first world... 33% @ http://localhost:5176/src/main.ts:1250
[    4132ms] [LOG] Preloading first world... 34% @ http://localhost:5176/src/main.ts:1250
[    4132ms] [LOG] Preloading first world... 36% @ http://localhost:5176/src/main.ts:1250
[    4132ms] [LOG] Preloading first world... 38% @ http://localhost:5176/src/main.ts:1250
[    4132ms] [LOG] Preloading first world... 40% @ http://localhost:5176/src/main.ts:1250
[    4182ms] [LOG] Preloading first world... 41% @ http://localhost:5176/src/main.ts:1250
[    4182ms] [LOG] Preloading first world... 43% @ http://localhost:5176/src/main.ts:1250
[    4182ms] [LOG] Preloading first world... 45% @ http://localhost:5176/src/main.ts:1250
[    4182ms] [LOG] Preloading first world... 45% @ http://localhost:5176/src/main.ts:1250
[    4182ms] [LOG] Preloading first world... 46% @ http://localhost:5176/src/main.ts:1250
[    4225ms] [LOG] Preloading first world... 48% @ http://localhost:5176/src/main.ts:1250
[    4225ms] [LOG] Preloading first world... 50% @ http://localhost:5176/src/main.ts:1250
[    4273ms] [LOG] Preloading first world... 52% @ http://localhost:5176/src/main.ts:1250
[    4273ms] [LOG] Preloading first world... 53% @ http://localhost:5176/src/main.ts:1250
[    4273ms] [LOG] Preloading first world... 55% @ http://localhost:5176/src/main.ts:1250
[    4313ms] [LOG] Preloading first world... 56% @ http://localhost:5176/src/main.ts:1250
[    4314ms] [LOG] Preloading first world... 58% @ http://localhost:5176/src/main.ts:1250
[    4363ms] [LOG] Preloading first world... 58% @ http://localhost:5176/src/main.ts:1250
[    4363ms] [LOG] Preloading first world... 60% @ http://localhost:5176/src/main.ts:1250
[    4363ms] [LOG] Preloading first world... 62% @ http://localhost:5176/src/main.ts:1250
[    4410ms] [LOG] Preloading first world... 63% @ http://localhost:5176/src/main.ts:1250
[    4471ms] [LOG] Preloading first world... 63% @ http://localhost:5176/src/main.ts:1250
[    4471ms] [LOG] Preloading first world... 66% @ http://localhost:5176/src/main.ts:1250
[    4496ms] [LOG] Preloading first world... 66% @ http://localhost:5176/src/main.ts:1250
[    4497ms] [LOG] Preloading first world... 66% @ http://localhost:5176/src/main.ts:1250
[    4497ms] [LOG] Preloading first world... 70% @ http://localhost:5176/src/main.ts:1250
[    4597ms] [LOG] Preloading first world... 70% @ http://localhost:5176/src/main.ts:1250
[    4612ms] [LOG] Preloading first world... 73% @ http://localhost:5176/src/main.ts:1250
[    4696ms] [LOG] Preloading first world... 73% @ http://localhost:5176/src/main.ts:1250
[    4712ms] [LOG] Preloading first world... 76% @ http://localhost:5176/src/main.ts:1250
[    4779ms] [LOG] Preloading first world... 77% @ http://localhost:5176/src/main.ts:1250
[    4795ms] [LOG] Preloading first world... 80% @ http://localhost:5176/src/main.ts:1250
[    4895ms] [LOG] Preloading first world... 80% @ http://localhost:5176/src/main.ts:1250
[    4895ms] [LOG] Preloading first world... 83% @ http://localhost:5176/src/main.ts:1250
[    4943ms] [LOG] Preloading first world... 83% @ http://localhost:5176/src/main.ts:1250
[    4957ms] [LOG] Preloading first world... 86% @ http://localhost:5176/src/main.ts:1250
[    4970ms] [LOG] Playing video intro from path: /assets/VideoIntro.mp4 @ http://localhost:5176/src/main.ts:1742
[    5000ms] [ERROR] Failed to load resource: the server responded with a status of 404 (Not Found) @ http://localhost:5176/favicon.ico:0
[    5014ms] [LOG] Preloading first world... 87% @ http://localhost:5176/src/main.ts:1250
[    5028ms] [LOG] Preloading first world... 89% @ http://localhost:5176/src/main.ts:1250
[    5074ms] [LOG] Preloading first world... 90% @ http://localhost:5176/src/main.ts:1250
[    5086ms] [LOG] Preloading first world... 93% @ http://localhost:5176/src/main.ts:1250
[    5149ms] [LOG] Preloading first world... 94% @ http://localhost:5176/src/main.ts:1250
[    5172ms] [LOG] Preloading first world... 96% @ http://localhost:5176/src/main.ts:1250
[    5247ms] [LOG] Preloading first world... 97% @ http://localhost:5176/src/main.ts:1250
[    5262ms] [LOG] Preloading first world... 97% @ http://localhost:5176/src/main.ts:1250
[    5262ms] [LOG] Preloading first world... 99% @ http://localhost:5176/src/main.ts:1250
[    5296ms] [LOG] Preloading first world... 100% @ http://localhost:5176/src/main.ts:1250
[    5305ms] [LOG] Loaded 4320000 splats. Starting Tiny LoD build... @ blob:http://localhost:5176/f11252ca-a903-42e0-b3b3-87bc6ccc9bb8:1138
[    6679ms] [LOG] Found preloading state for World One. Resolving... @ http://localhost:5176/src/main.ts:1348
