[   25539ms] [LOG] Video source path: /assets/VideoIntro.mp4 @ http://localhost:5176/src/main.ts?t=1784474109653:1704
[   26863ms] [LOG] Silent preloading first world in background: Elephants TRavels @ http://localhost:5176/src/main.ts?t=1784474109653:1245
[   26953ms] [LOG] Preloading first world... 0% @ http://localhost:5176/src/main.ts?t=1784474109653:1249
[   26972ms] [LOG] Preloading first world... 3% @ http://localhost:5176/src/main.ts?t=1784474109653:1249
[   26990ms] [LOG] Preloading first world... 4% @ http://localhost:5176/src/main.ts?t=1784474109653:1249
[   26994ms] [LOG] Preloading first world... 7% @ http://localhost:5176/src/main.ts?t=1784474109653:1249
[   27011ms] [LOG] Preloading first world... 7% @ http://localhost:5176/src/main.ts?t=1784474109653:1249
[   27015ms] [LOG] Preloading first world... 10% @ http://localhost:5176/src/main.ts?t=1784474109653:1249
[   27029ms] [LOG] Preloading first world... 11% @ http://localhost:5176/src/main.ts?t=1784474109653:1249
[   27034ms] [LOG] Preloading first world... 11% @ http://localhost:5176/src/main.ts?t=1784474109653:1249
[   27036ms] [LOG] Preloading first world... 13% @ http://localhost:5176/src/main.ts?t=1784474109653:1249
[   27050ms] [LOG] Preloading first world... 15% @ http://localhost:5176/src/main.ts?t=1784474109653:1249
[   27057ms] [LOG] Preloading first world... 15% @ http://localhost:5176/src/main.ts?t=1784474109653:1249
[   27060ms] [LOG] Preloading first world... 15% @ http://localhost:5176/src/main.ts?t=1784474109653:1249
[   27062ms] [LOG] Preloading first world... 17% @ http://localhost:5176/src/main.ts?t=1784474109653:1249
[   27068ms] [LOG] Preloading first world... 19% @ http://localhost:5176/src/main.ts?t=1784474109653:1249
[   27079ms] [LOG] Preloading first world... 20% @ http://localhost:5176/src/main.ts?t=1784474109653:1249
[   27085ms] [LOG] Preloading first world... 20% @ http://localhost:5176/src/main.ts?t=1784474109653:1249
[   27087ms] [LOG] Preloading first world... 23% @ http://localhost:5176/src/main.ts?t=1784474109653:1249
[   27105ms] [LOG] Preloading first world... 27% @ http://localhost:5176/src/main.ts?t=1784474109653:1249
[   27123ms] [LOG] Preloading first world... 30% @ http://localhost:5176/src/main.ts?t=1784474109653:1249
[   27142ms] [LOG] Preloading first world... 33% @ http://localhost:5176/src/main.ts?t=1784474109653:1249
[   27159ms] [LOG] Preloading first world... 36% @ http://localhost:5176/src/main.ts?t=1784474109653:1249
[   27180ms] [LOG] Preloading first world... 40% @ http://localhost:5176/src/main.ts?t=1784474109653:1249
[   27198ms] [LOG] Preloading first world... 43% @ http://localhost:5176/src/main.ts?t=1784474109653:1249
[   27217ms] [LOG] Preloading first world... 46% @ http://localhost:5176/src/main.ts?t=1784474109653:1249
[   27243ms] [LOG] Preloading first world... 50% @ http://localhost:5176/src/main.ts?t=1784474109653:1249
[   27271ms] [LOG] Preloading first world... 53% @ http://localhost:5176/src/main.ts?t=1784474109653:1249
[   27297ms] [LOG] Preloading first world... 56% @ http://localhost:5176/src/main.ts?t=1784474109653:1249
[   27321ms] [LOG] Preloading first world... 60% @ http://localhost:5176/src/main.ts?t=1784474109653:1249
[   27346ms] [LOG] Preloading first world... 63% @ http://localhost:5176/src/main.ts?t=1784474109653:1249
[   27369ms] [LOG] Preloading first world... 66% @ http://localhost:5176/src/main.ts?t=1784474109653:1249
[   27395ms] [LOG] Preloading first world... 70% @ http://localhost:5176/src/main.ts?t=1784474109653:1249
[   27468ms] [LOG] Preloading first world... 73% @ http://localhost:5176/src/main.ts?t=1784474109653:1249
[   27547ms] [LOG] Preloading first world... 76% @ http://localhost:5176/src/main.ts?t=1784474109653:1249
[   27624ms] [LOG] Preloading first world... 80% @ http://localhost:5176/src/main.ts?t=1784474109653:1249
[   27698ms] [LOG] Preloading first world... 83% @ http://localhost:5176/src/main.ts?t=1784474109653:1249
[   27753ms] [LOG] Preloading first world... 86% @ http://localhost:5176/src/main.ts?t=1784474109653:1249
[   27797ms] [LOG] Preloading first world... 89% @ http://localhost:5176/src/main.ts?t=1784474109653:1249
[   27843ms] [LOG] Preloading first world... 93% @ http://localhost:5176/src/main.ts?t=1784474109653:1249
[   27885ms] [LOG] Preloading first world... 96% @ http://localhost:5176/src/main.ts?t=1784474109653:1249
[   27928ms] [LOG] Preloading first world... 99% @ http://localhost:5176/src/main.ts?t=1784474109653:1249
[   27971ms] [LOG] Preloading first world... 100% @ http://localhost:5176/src/main.ts?t=1784474109653:1249
[   27982ms] [LOG] Loaded 4320000 splats. Starting Tiny LoD build... @ blob:http://localhost:5176/23201ea6-36df-4598-bc33-49e57ddef22b:1138
[   28244ms] [LOG] Playing video intro from path: /assets/VideoIntro.mp4 @ http://localhost:5176/src/main.ts?t=1784474109653:1742
[   28262ms] [ERROR] Failed to load resource: the server responded with a status of 404 (Not Found) @ http://localhost:5176/favicon.ico:0
[   30096ms] [LOG] Found preloading state for World One. Resolving... @ http://localhost:5176/src/main.ts?t=1784474109653:1347
[   38761ms] [LOG] Tiny LoD: 4320000 -> 5924840 (10779.199999928474 ms) @ blob:http://localhost:5176/23201ea6-36df-4598-bc33-49e57ddef22b:1150
[   39907ms] [LOG] First world preloaded successfully and ready! @ http://localhost:5176/src/main.ts?t=1784474109653:1256
[   39907ms] [LOG] Loading mesh collider from: /assets/worlds/Ancient%20Egyptian%20Desert%20Palace_collider.glb @ http://localhost:5176/src/main.ts?t=1784474109653:1305
[   39911ms] TypeError: Cannot read properties of undefined (reading 'splatUrl')
    at getSplatUrlForWorld (http://localhost:5176/src/main.ts?t=1784474109653:1109:16)
    at createSplat (http://localhost:5176/src/main.ts?t=1784474109653:1227:15)
    at preloadSecondWorld (http://localhost:5176/src/main.ts?t=1784474109653:1272:17)
    at startAdventure (http://localhost:5176/src/main.ts?t=1784474109653:1425:10)
    at async http://localhost:5176/src/main.ts?t=1784474109653:1725:7
[   39921ms] [LOG] Mesh collider loaded successfully! @ http://localhost:5176/src/main.ts?t=1784474109653:1332
[   40850ms] [LOG] Using default transforms for dad: {pos: Array(3), rot: Array(3), scale: 7.9} @ http://localhost:5176/src/main.ts?t=1784474109653:2425
[   41959ms] [LOG] Using default transforms for child: {pos: Array(3), rot: Array(3), scale: 5} @ http://localhost:5176/src/main.ts?t=1784474109653:2425
[   43061ms] [LOG] Using default transforms for cat: {pos: Array(3), rot: Array(3), scale: 4.45} @ http://localhost:5176/src/main.ts?t=1784474109653:2425
[   43778ms] [LOG] Using default transforms for pyramid: {pos: Array(3), rot: Array(3), scale: 20} @ http://localhost:5176/src/main.ts?t=1784474109653:2425
[   44308ms] [LOG] Using default transforms for vase: {pos: Array(3), rot: Array(3), scale: 2.25} @ http://localhost:5176/src/main.ts?t=1784474109653:2425
