[     121ms] [LOG] Video source path: /assets/VideoIntro.mp4 @ http://localhost:5173/src/main.ts?t=1784469556870:1566
[    7401ms] [LOG] Loaded 4320000 splats. Starting Tiny LoD build... @ blob:http://localhost:5173/003a2b6c-393f-40dc-a050-d846bde34ea7:1138
[   19845ms] [LOG] Tiny LoD: 4320000 -> 5924840 (12444.199999928474 ms) @ blob:http://localhost:5173/003a2b6c-393f-40dc-a050-d846bde34ea7:1150
[   21085ms] [LOG] No collider URL defined for this world. @ http://localhost:5173/src/main.ts?t=1784469556870:1205
[   24992ms] [LOG] Using default transforms for dad: {pos: Array(3), rot: Array(3), scale: 6.2} @ http://localhost:5173/src/main.ts?t=1784469556870:2086
[   25784ms] [LOG] Using default transforms for child: {pos: Array(3), rot: Array(3), scale: 2.86} @ http://localhost:5173/src/main.ts?t=1784469556870:2086
[   26815ms] [LOG] Using default transforms for cat: {pos: Array(3), rot: undefined, scale: 2.240269192760413} @ http://localhost:5173/src/main.ts?t=1784469556870:2086
[   27783ms] [LOG] Using default transforms for pyramid: {pos: Array(3), rot: Array(3), scale: 7.142} @ http://localhost:5173/src/main.ts?t=1784469556870:2086
[   29079ms] [LOG] Using default transforms for vase: {pos: Array(3), rot: undefined, scale: 2.040412217067779} @ http://localhost:5173/src/main.ts?t=1784469556870:2086
[   59349ms] [LOG] Video source path: /assets/VideoIntro.mp4 @ http://localhost:5173/src/main.ts?t=1784469632013:1566
[   63418ms] [LOG] Video source path: /assets/VideoIntro.mp4 @ http://localhost:5173/src/main.ts?t=1784469636857:1566
[   76358ms] [LOG] Video source path: /assets/VideoIntro.mp4 @ http://localhost:5173/src/main.ts?t=1784469649812:1567
[   92461ms] [LOG] Video source path: /assets/VideoIntro.mp4 @ http://localhost:5173/src/main.ts?t=1784469665869:1571
[  102083ms] [LOG] Video source path: /assets/VideoIntro.mp4 @ http://localhost:5173/src/main.ts?t=1784469675529:1571
[  109267ms] [LOG] Video source path: /assets/VideoIntro.mp4 @ http://localhost:5173/src/main.ts?t=1784469682710:1572
[  128677ms] [LOG] Video source path: /assets/VideoIntro.mp4 @ http://localhost:5173/src/main.ts?t=1784469702096:1641
[  141741ms] [LOG] Video source path: /assets/VideoIntro.mp4 @ http://localhost:5173/src/main.ts?t=1784469715155:1656
[  147589ms] [LOG] Silent preloading first world in background: Elephants TRavels @ http://localhost:5173/src/main.ts?t=1784469715155:1234
[  147851ms] [LOG] Preloading first world... 0% @ http://localhost:5173/src/main.ts?t=1784469715155:1238
[  147882ms] [LOG] Preloading first world... 3% @ http://localhost:5173/src/main.ts?t=1784469715155:1238
[  147912ms] [LOG] Preloading first world... 4% @ http://localhost:5173/src/main.ts?t=1784469715155:1238
[  147916ms] [LOG] Preloading first world... 7% @ http://localhost:5173/src/main.ts?t=1784469715155:1238
[  147934ms] [LOG] Preloading first world... 7% @ http://localhost:5173/src/main.ts?t=1784469715155:1238
[  147938ms] [LOG] Preloading first world... 7% @ http://localhost:5173/src/main.ts?t=1784469715155:1238
[  147940ms] [LOG] Preloading first world... 10% @ http://localhost:5173/src/main.ts?t=1784469715155:1238
[  147956ms] [LOG] Preloading first world... 11% @ http://localhost:5173/src/main.ts?t=1784469715155:1238
[  147963ms] [LOG] Preloading first world... 12% @ http://localhost:5173/src/main.ts?t=1784469715155:1238
[  147966ms] [LOG] Preloading first world... 12% @ http://localhost:5173/src/main.ts?t=1784469715155:1238
[  147968ms] [LOG] Preloading first world... 12% @ http://localhost:5173/src/main.ts?t=1784469715155:1238
[  147970ms] [LOG] Preloading first world... 12% @ http://localhost:5173/src/main.ts?t=1784469715155:1238
[  147971ms] [LOG] Preloading first world... 13% @ http://localhost:5173/src/main.ts?t=1784469715155:1238
[  147972ms] [LOG] Preloading first world... 13% @ http://localhost:5173/src/main.ts?t=1784469715155:1238
[  147973ms] [LOG] Preloading first world... 13% @ http://localhost:5173/src/main.ts?t=1784469715155:1238
[  147974ms] [LOG] Preloading first world... 13% @ http://localhost:5173/src/main.ts?t=1784469715155:1238
[  147975ms] [LOG] Preloading first world... 13% @ http://localhost:5173/src/main.ts?t=1784469715155:1238
[  147977ms] [LOG] Preloading first world... 16% @ http://localhost:5173/src/main.ts?t=1784469715155:1238
[  147994ms] [LOG] Preloading first world... 17% @ http://localhost:5173/src/main.ts?t=1784469715155:1238
[  147997ms] [LOG] Preloading first world... 20% @ http://localhost:5173/src/main.ts?t=1784469715155:1238
[  148015ms] [LOG] Preloading first world... 23% @ http://localhost:5173/src/main.ts?t=1784469715155:1238
[  148034ms] [LOG] Preloading first world... 27% @ http://localhost:5173/src/main.ts?t=1784469715155:1238
[  148055ms] [LOG] Preloading first world... 30% @ http://localhost:5173/src/main.ts?t=1784469715155:1238
[  148075ms] [LOG] Preloading first world... 33% @ http://localhost:5173/src/main.ts?t=1784469715155:1238
[  148095ms] [LOG] Preloading first world... 36% @ http://localhost:5173/src/main.ts?t=1784469715155:1238
[  148114ms] [LOG] Preloading first world... 40% @ http://localhost:5173/src/main.ts?t=1784469715155:1238
[  148133ms] [LOG] Preloading first world... 43% @ http://localhost:5173/src/main.ts?t=1784469715155:1238
[  148153ms] [LOG] Preloading first world... 46% @ http://localhost:5173/src/main.ts?t=1784469715155:1238
[  148183ms] [LOG] Preloading first world... 50% @ http://localhost:5173/src/main.ts?t=1784469715155:1238
[  148216ms] [LOG] Preloading first world... 53% @ http://localhost:5173/src/main.ts?t=1784469715155:1238
[  148245ms] [LOG] Preloading first world... 56% @ http://localhost:5173/src/main.ts?t=1784469715155:1238
[  148273ms] [LOG] Preloading first world... 60% @ http://localhost:5173/src/main.ts?t=1784469715155:1238
[  148301ms] [LOG] Preloading first world... 63% @ http://localhost:5173/src/main.ts?t=1784469715155:1238
[  148327ms] [LOG] Preloading first world... 66% @ http://localhost:5173/src/main.ts?t=1784469715155:1238
[  148354ms] [LOG] Preloading first world... 70% @ http://localhost:5173/src/main.ts?t=1784469715155:1238
[  148444ms] [LOG] Preloading first world... 73% @ http://localhost:5173/src/main.ts?t=1784469715155:1238
[  148632ms] [LOG] Preloading first world... 76% @ http://localhost:5173/src/main.ts?t=1784469715155:1238
[  148717ms] [LOG] Preloading first world... 80% @ http://localhost:5173/src/main.ts?t=1784469715155:1238
[  148845ms] [LOG] Preloading first world... 83% @ http://localhost:5173/src/main.ts?t=1784469715155:1238
[  148922ms] [LOG] Preloading first world... 86% @ http://localhost:5173/src/main.ts?t=1784469715155:1238
[  148974ms] [LOG] Preloading first world... 89% @ http://localhost:5173/src/main.ts?t=1784469715155:1238
[  149031ms] [LOG] Preloading first world... 93% @ http://localhost:5173/src/main.ts?t=1784469715155:1238
[  149099ms] [LOG] Preloading first world... 96% @ http://localhost:5173/src/main.ts?t=1784469715155:1238
[  149150ms] [LOG] Preloading first world... 99% @ http://localhost:5173/src/main.ts?t=1784469715155:1238
[  149195ms] [LOG] Preloading first world... 100% @ http://localhost:5173/src/main.ts?t=1784469715155:1238
[  149208ms] [LOG] Loaded 4320000 splats. Starting Tiny LoD build... @ blob:http://localhost:5173/ab105a14-5b6f-40e3-bba7-3c8d061756fa:1138
[  162383ms] [LOG] Playing video intro from path: /assets/VideoIntro.mp4 @ http://localhost:5173/src/main.ts?t=1784469715155:1694
[  162734ms] [ERROR] Failed to load resource: the server responded with a status of 404 (Not Found) @ http://localhost:5173/favicon.ico:0
[  165858ms] [LOG] Tiny LoD: 4320000 -> 5924840 (16650.600000023842 ms) @ blob:http://localhost:5173/ab105a14-5b6f-40e3-bba7-3c8d061756fa:1150
[  167198ms] [LOG] First world preloaded successfully and ready! @ http://localhost:5173/src/main.ts?t=1784469715155:1245
[  169463ms] [LOG] Found preloading state for World One. Resolving... @ http://localhost:5173/src/main.ts?t=1784469715155:1336
[  169463ms] [LOG] World One already fully preloaded in background! @ http://localhost:5173/src/main.ts?t=1784469715155:1360
[  169463ms] [LOG] Loading mesh collider from: /assets/worlds/Ancient%20Egyptian%20Desert%20Palace_collider.glb @ http://localhost:5173/src/main.ts?t=1784469715155:1294
[  169918ms] [ERROR] Failed to load mesh collider GLB: ReferenceError: syncColliderInputs is not defined
    at http://localhost:5173/src/main.ts?t=1784469715155:1317:9
    at http://localhost:5173/node_modules/.vite/deps/three_examples_jsm_loaders_GLTFLoader__js.js?v=118f6fbc:229:11
    at http://localhost:5173/node_modules/.vite/deps/three_examples_jsm_loaders_GLTFLoader__js.js?v=118f6fbc:1513:9 @ http://localhost:5173/src/main.ts?t=1784469715155:1325
[  170825ms] [LOG] Using default transforms for dad: {pos: Array(3), rot: Array(3), scale: 6.2} @ http://localhost:5173/src/main.ts?t=1784469715155:2177
[  171824ms] [LOG] Using default transforms for child: {pos: Array(3), rot: Array(3), scale: 2.86} @ http://localhost:5173/src/main.ts?t=1784469715155:2177
[  172839ms] [LOG] Using default transforms for cat: {pos: Array(3), rot: undefined, scale: 2.240269192760413} @ http://localhost:5173/src/main.ts?t=1784469715155:2177
[  173745ms] [LOG] Using default transforms for pyramid: {pos: Array(3), rot: Array(3), scale: 7.142} @ http://localhost:5173/src/main.ts?t=1784469715155:2177
[  174432ms] [LOG] Using default transforms for vase: {pos: Array(3), rot: undefined, scale: 2.040412217067779} @ http://localhost:5173/src/main.ts?t=1784469715155:2177
[  175391ms] ReferenceError: syncColliderInputsFromGroup is not defined
    at HTMLButtonElement.<anonymous> (http://localhost:5173/src/main.ts?t=1784469715155:1739:7)
[  204634ms] [LOG] Video source path: /assets/VideoIntro.mp4 @ http://localhost:5173/src/main.ts?t=1784469777537:1656
[  318279ms] [LOG] Silent preloading first world in background: Elephants TRavels @ http://localhost:5173/src/main.ts?t=1784469777537:1234
[  318562ms] [LOG] Preloading first world... 0% @ http://localhost:5173/src/main.ts?t=1784469777537:1238
[  318592ms] [LOG] Preloading first world... 3% @ http://localhost:5173/src/main.ts?t=1784469777537:1238
[  318620ms] [LOG] Preloading first world... 3% @ http://localhost:5173/src/main.ts?t=1784469777537:1238
[  318621ms] [LOG] Preloading first world... 4% @ http://localhost:5173/src/main.ts?t=1784469777537:1238
[  318623ms] [LOG] Preloading first world... 7% @ http://localhost:5173/src/main.ts?t=1784469777537:1238
[  318642ms] [LOG] Preloading first world... 7% @ http://localhost:5173/src/main.ts?t=1784469777537:1238
[  318646ms] [LOG] Preloading first world... 7% @ http://localhost:5173/src/main.ts?t=1784469777537:1238
[  318649ms] [LOG] Preloading first world... 10% @ http://localhost:5173/src/main.ts?t=1784469777537:1238
[  318665ms] [LOG] Preloading first world... 11% @ http://localhost:5173/src/main.ts?t=1784469777537:1238
[  318671ms] [LOG] Preloading first world... 11% @ http://localhost:5173/src/main.ts?t=1784469777537:1238
[  318673ms] [LOG] Preloading first world... 11% @ http://localhost:5173/src/main.ts?t=1784469777537:1238
[  318675ms] [LOG] Preloading first world... 12% @ http://localhost:5173/src/main.ts?t=1784469777537:1238
[  318675ms] [LOG] Preloading first world... 12% @ http://localhost:5173/src/main.ts?t=1784469777537:1238
[  318677ms] [LOG] Preloading first world... 12% @ http://localhost:5173/src/main.ts?t=1784469777537:1238
[  318678ms] [LOG] Preloading first world... 12% @ http://localhost:5173/src/main.ts?t=1784469777537:1238
[  318678ms] [LOG] Preloading first world... 12% @ http://localhost:5173/src/main.ts?t=1784469777537:1238
[  318680ms] [LOG] Preloading first world... 13% @ http://localhost:5173/src/main.ts?t=1784469777537:1238
[  318688ms] [LOG] Preloading first world... 15% @ http://localhost:5173/src/main.ts?t=1784469777537:1238
[  318701ms] [LOG] Preloading first world... 16% @ http://localhost:5173/src/main.ts?t=1784469777537:1238
[  318706ms] [LOG] Preloading first world... 17% @ http://localhost:5173/src/main.ts?t=1784469777537:1238
[  318708ms] [LOG] Preloading first world... 20% @ http://localhost:5173/src/main.ts?t=1784469777537:1238
[  318729ms] [LOG] Preloading first world... 23% @ http://localhost:5173/src/main.ts?t=1784469777537:1238
[  318749ms] [LOG] Preloading first world... 27% @ http://localhost:5173/src/main.ts?t=1784469777537:1238
[  318769ms] [LOG] Preloading first world... 30% @ http://localhost:5173/src/main.ts?t=1784469777537:1238
[  318790ms] [LOG] Preloading first world... 33% @ http://localhost:5173/src/main.ts?t=1784469777537:1238
[  318811ms] [LOG] Preloading first world... 36% @ http://localhost:5173/src/main.ts?t=1784469777537:1238
[  318832ms] [LOG] Preloading first world... 40% @ http://localhost:5173/src/main.ts?t=1784469777537:1238
[  318853ms] [LOG] Preloading first world... 43% @ http://localhost:5173/src/main.ts?t=1784469777537:1238
[  318874ms] [LOG] Preloading first world... 46% @ http://localhost:5173/src/main.ts?t=1784469777537:1238
[  318903ms] [LOG] Preloading first world... 50% @ http://localhost:5173/src/main.ts?t=1784469777537:1238
[  318936ms] [LOG] Preloading first world... 53% @ http://localhost:5173/src/main.ts?t=1784469777537:1238
[  318964ms] [LOG] Preloading first world... 56% @ http://localhost:5173/src/main.ts?t=1784469777537:1238
[  318990ms] [LOG] Preloading first world... 60% @ http://localhost:5173/src/main.ts?t=1784469777537:1238
[  319020ms] [LOG] Preloading first world... 63% @ http://localhost:5173/src/main.ts?t=1784469777537:1238
[  319049ms] [LOG] Preloading first world... 66% @ http://localhost:5173/src/main.ts?t=1784469777537:1238
[  319078ms] [LOG] Preloading first world... 70% @ http://localhost:5173/src/main.ts?t=1784469777537:1238
[  319154ms] [LOG] Preloading first world... 73% @ http://localhost:5173/src/main.ts?t=1784469777537:1238
[  319237ms] [LOG] Preloading first world... 76% @ http://localhost:5173/src/main.ts?t=1784469777537:1238
[  319317ms] [LOG] Preloading first world... 80% @ http://localhost:5173/src/main.ts?t=1784469777537:1238
[  319404ms] [LOG] Preloading first world... 83% @ http://localhost:5173/src/main.ts?t=1784469777537:1238
[  319467ms] [LOG] Preloading first world... 86% @ http://localhost:5173/src/main.ts?t=1784469777537:1238
[  319517ms] [LOG] Preloading first world... 89% @ http://localhost:5173/src/main.ts?t=1784469777537:1238
[  319570ms] [LOG] Preloading first world... 93% @ http://localhost:5173/src/main.ts?t=1784469777537:1238
[  319622ms] [LOG] Preloading first world... 96% @ http://localhost:5173/src/main.ts?t=1784469777537:1238
[  319670ms] [LOG] Preloading first world... 99% @ http://localhost:5173/src/main.ts?t=1784469777537:1238
[  319718ms] [LOG] Preloading first world... 100% @ http://localhost:5173/src/main.ts?t=1784469777537:1238
[  319731ms] [LOG] Loaded 4320000 splats. Starting Tiny LoD build... @ blob:http://localhost:5173/14a5dd2a-9e45-4b5a-b593-13810a7d8110:1138
[  319785ms] [LOG] Playing video intro from path: /assets/VideoIntro.mp4 @ http://localhost:5173/src/main.ts?t=1784469777537:1694
[  319840ms] [ERROR] Failed to load resource: the server responded with a status of 404 (Not Found) @ http://localhost:5173/favicon.ico:0
[  322736ms] [LOG] Found preloading state for World One. Resolving... @ http://localhost:5173/src/main.ts?t=1784469777537:1336
[  335843ms] [LOG] Tiny LoD: 4320000 -> 5924840 (16111.799999952316 ms) @ blob:http://localhost:5173/14a5dd2a-9e45-4b5a-b593-13810a7d8110:1150
[  337871ms] [LOG] First world preloaded successfully and ready! @ http://localhost:5173/src/main.ts?t=1784469777537:1245
[  337872ms] [LOG] Loading mesh collider from: /assets/worlds/Ancient%20Egyptian%20Desert%20Palace_collider.glb @ http://localhost:5173/src/main.ts?t=1784469777537:1294
[  338470ms] [LOG] Mesh collider loaded successfully! @ http://localhost:5173/src/main.ts?t=1784469777537:1321
[  339319ms] [LOG] Using default transforms for dad: {pos: Array(3), rot: Array(3), scale: 6.2} @ http://localhost:5173/src/main.ts?t=1784469777537:2270
[  340261ms] [LOG] Using default transforms for child: {pos: Array(3), rot: Array(3), scale: 2.86} @ http://localhost:5173/src/main.ts?t=1784469777537:2270
[  340947ms] [LOG] Using default transforms for cat: {pos: Array(3), rot: undefined, scale: 2.240269192760413} @ http://localhost:5173/src/main.ts?t=1784469777537:2270
[  342612ms] [LOG] Using default transforms for pyramid: {pos: Array(3), rot: Array(3), scale: 7.142} @ http://localhost:5173/src/main.ts?t=1784469777537:2270
[  343759ms] [LOG] Using default transforms for vase: {pos: Array(3), rot: undefined, scale: 2.040412217067779} @ http://localhost:5173/src/main.ts?t=1784469777537:2270
