[    2497ms] [LOG] Video source path: /assets/VideoIntro.mp4 @ http://localhost:5174/src/main.ts?t=1784471840933:1668
[    5220ms] [LOG] Silent preloading first world in background: Elephants TRavels @ http://localhost:5174/src/main.ts?t=1784471840933:1246
[    5316ms] [LOG] Preloading first world... 0% @ http://localhost:5174/src/main.ts?t=1784471840933:1250
[    5334ms] [LOG] Preloading first world... 3% @ http://localhost:5174/src/main.ts?t=1784471840933:1250
[    5352ms] [LOG] Preloading first world... 4% @ http://localhost:5174/src/main.ts?t=1784471840933:1250
[    5355ms] [LOG] Preloading first world... 7% @ http://localhost:5174/src/main.ts?t=1784471840933:1250
[    5376ms] [LOG] Preloading first world... 7% @ http://localhost:5174/src/main.ts?t=1784471840933:1250
[    5381ms] [LOG] Preloading first world... 10% @ http://localhost:5174/src/main.ts?t=1784471840933:1250
[    5396ms] [LOG] Preloading first world... 11% @ http://localhost:5174/src/main.ts?t=1784471840933:1250
[    5399ms] [LOG] Preloading first world... 11% @ http://localhost:5174/src/main.ts?t=1784471840933:1250
[    5401ms] [LOG] Preloading first world... 13% @ http://localhost:5174/src/main.ts?t=1784471840933:1250
[    5415ms] [LOG] Preloading first world... 14% @ http://localhost:5174/src/main.ts?t=1784471840933:1250
[    5422ms] [LOG] Preloading first world... 15% @ http://localhost:5174/src/main.ts?t=1784471840933:1250
[    5424ms] [LOG] Preloading first world... 15% @ http://localhost:5174/src/main.ts?t=1784471840933:1250
[    5425ms] [LOG] Preloading first world... 15% @ http://localhost:5174/src/main.ts?t=1784471840933:1250
[    5426ms] [LOG] Preloading first world... 15% @ http://localhost:5174/src/main.ts?t=1784471840933:1250
[    5428ms] [LOG] Preloading first world... 17% @ http://localhost:5174/src/main.ts?t=1784471840933:1250
[    5434ms] [LOG] Preloading first world... 19% @ http://localhost:5174/src/main.ts?t=1784471840933:1250
[    5447ms] [LOG] Preloading first world... 20% @ http://localhost:5174/src/main.ts?t=1784471840933:1250
[    5453ms] [LOG] Preloading first world... 20% @ http://localhost:5174/src/main.ts?t=1784471840933:1250
[    5455ms] [LOG] Preloading first world... 23% @ http://localhost:5174/src/main.ts?t=1784471840933:1250
[    5476ms] [LOG] Preloading first world... 27% @ http://localhost:5174/src/main.ts?t=1784471840933:1250
[    5493ms] [LOG] Preloading first world... 30% @ http://localhost:5174/src/main.ts?t=1784471840933:1250
[    5511ms] [LOG] Preloading first world... 33% @ http://localhost:5174/src/main.ts?t=1784471840933:1250
[    5532ms] [LOG] Preloading first world... 36% @ http://localhost:5174/src/main.ts?t=1784471840933:1250
[    5551ms] [LOG] Preloading first world... 40% @ http://localhost:5174/src/main.ts?t=1784471840933:1250
[    5569ms] [LOG] Preloading first world... 43% @ http://localhost:5174/src/main.ts?t=1784471840933:1250
[    5587ms] [LOG] Preloading first world... 46% @ http://localhost:5174/src/main.ts?t=1784471840933:1250
[    5616ms] [LOG] Preloading first world... 50% @ http://localhost:5174/src/main.ts?t=1784471840933:1250
[    5647ms] [LOG] Preloading first world... 53% @ http://localhost:5174/src/main.ts?t=1784471840933:1250
[    5672ms] [LOG] Preloading first world... 56% @ http://localhost:5174/src/main.ts?t=1784471840933:1250
[    5697ms] [LOG] Preloading first world... 60% @ http://localhost:5174/src/main.ts?t=1784471840933:1250
[    5727ms] [LOG] Preloading first world... 63% @ http://localhost:5174/src/main.ts?t=1784471840933:1250
[    5750ms] [LOG] Preloading first world... 66% @ http://localhost:5174/src/main.ts?t=1784471840933:1250
[    5778ms] [LOG] Preloading first world... 70% @ http://localhost:5174/src/main.ts?t=1784471840933:1250
[    5849ms] [LOG] Preloading first world... 73% @ http://localhost:5174/src/main.ts?t=1784471840933:1250
[    5936ms] [LOG] Preloading first world... 76% @ http://localhost:5174/src/main.ts?t=1784471840933:1250
[    6010ms] [LOG] Preloading first world... 80% @ http://localhost:5174/src/main.ts?t=1784471840933:1250
[    6088ms] [LOG] Preloading first world... 83% @ http://localhost:5174/src/main.ts?t=1784471840933:1250
[    6143ms] [LOG] Preloading first world... 86% @ http://localhost:5174/src/main.ts?t=1784471840933:1250
[    6188ms] [LOG] Preloading first world... 89% @ http://localhost:5174/src/main.ts?t=1784471840933:1250
[    6236ms] [LOG] Preloading first world... 93% @ http://localhost:5174/src/main.ts?t=1784471840933:1250
[    6284ms] [LOG] Preloading first world... 96% @ http://localhost:5174/src/main.ts?t=1784471840933:1250
[    6330ms] [LOG] Preloading first world... 99% @ http://localhost:5174/src/main.ts?t=1784471840933:1250
[    6377ms] [LOG] Preloading first world... 100% @ http://localhost:5174/src/main.ts?t=1784471840933:1250
[    6390ms] [LOG] Loaded 4320000 splats. Starting Tiny LoD build... @ blob:http://localhost:5174/a1d096ca-6e82-468b-859d-d0294d79546c:1138
[    7061ms] [LOG] Playing video intro from path: /assets/VideoIntro.mp4 @ http://localhost:5174/src/main.ts?t=1784471840933:1706
[    7092ms] [ERROR] Failed to load resource: the server responded with a status of 404 (Not Found) @ http://localhost:5174/favicon.ico:0
[    9479ms] [LOG] Found preloading state for World One. Resolving... @ http://localhost:5174/src/main.ts?t=1784471840933:1348
