[    1556ms] [LOG] Video source path: /assets/VideoIntro.mp4 @ http://localhost:5173/src/main.ts?t=1784470508244:1656
[    2743ms] [LOG] Silent preloading first world in background: Elephants TRavels @ http://localhost:5173/src/main.ts?t=1784470508244:1234
[    2846ms] [LOG] Preloading first world... 0% @ http://localhost:5173/src/main.ts?t=1784470508244:1238
[    2862ms] [LOG] Preloading first world... 3% @ http://localhost:5173/src/main.ts?t=1784470508244:1238
[    2881ms] [LOG] Preloading first world... 4% @ http://localhost:5173/src/main.ts?t=1784470508244:1238
[    2884ms] [LOG] Preloading first world... 7% @ http://localhost:5173/src/main.ts?t=1784470508244:1238
[    2900ms] [LOG] Preloading first world... 7% @ http://localhost:5173/src/main.ts?t=1784470508244:1238
[    2903ms] [LOG] Preloading first world... 7% @ http://localhost:5173/src/main.ts?t=1784470508244:1238
[    2904ms] [LOG] Preloading first world... 10% @ http://localhost:5173/src/main.ts?t=1784470508244:1238
[    2918ms] [LOG] Preloading first world... 11% @ http://localhost:5173/src/main.ts?t=1784470508244:1238
[    2924ms] [LOG] Preloading first world... 11% @ http://localhost:5173/src/main.ts?t=1784470508244:1238
[    2926ms] [LOG] Preloading first world... 11% @ http://localhost:5173/src/main.ts?t=1784470508244:1238
[    2926ms] [LOG] Preloading first world... 11% @ http://localhost:5173/src/main.ts?t=1784470508244:1238
[    2928ms] [LOG] Preloading first world... 13% @ http://localhost:5173/src/main.ts?t=1784470508244:1238
[    2937ms] [LOG] Preloading first world... 15% @ http://localhost:5173/src/main.ts?t=1784470508244:1238
[    2948ms] [LOG] Preloading first world... 16% @ http://localhost:5173/src/main.ts?t=1784470508244:1238
[    2953ms] [LOG] Preloading first world... 16% @ http://localhost:5173/src/main.ts?t=1784470508244:1238
[    2955ms] [LOG] Preloading first world... 16% @ http://localhost:5173/src/main.ts?t=1784470508244:1238
[    2956ms] [LOG] Preloading first world... 17% @ http://localhost:5173/src/main.ts?t=1784470508244:1238
[    2957ms] [LOG] Preloading first world... 20% @ http://localhost:5173/src/main.ts?t=1784470508244:1238
[    2977ms] [LOG] Preloading first world... 23% @ http://localhost:5173/src/main.ts?t=1784470508244:1238
[    2997ms] [LOG] Preloading first world... 27% @ http://localhost:5173/src/main.ts?t=1784470508244:1238
[    3016ms] [LOG] Preloading first world... 30% @ http://localhost:5173/src/main.ts?t=1784470508244:1238
[    3034ms] [LOG] Preloading first world... 33% @ http://localhost:5173/src/main.ts?t=1784470508244:1238
[    3052ms] [LOG] Preloading first world... 36% @ http://localhost:5173/src/main.ts?t=1784470508244:1238
[    3071ms] [LOG] Preloading first world... 40% @ http://localhost:5173/src/main.ts?t=1784470508244:1238
[    3089ms] [LOG] Preloading first world... 43% @ http://localhost:5173/src/main.ts?t=1784470508244:1238
[    3108ms] [LOG] Preloading first world... 46% @ http://localhost:5173/src/main.ts?t=1784470508244:1238
[    3133ms] [LOG] Preloading first world... 50% @ http://localhost:5173/src/main.ts?t=1784470508244:1238
[    3163ms] [LOG] Preloading first world... 53% @ http://localhost:5173/src/main.ts?t=1784470508244:1238
[    3188ms] [LOG] Preloading first world... 56% @ http://localhost:5173/src/main.ts?t=1784470508244:1238
[    3212ms] [LOG] Preloading first world... 60% @ http://localhost:5173/src/main.ts?t=1784470508244:1238
[    3237ms] [LOG] Preloading first world... 63% @ http://localhost:5173/src/main.ts?t=1784470508244:1238
[    3261ms] [LOG] Preloading first world... 66% @ http://localhost:5173/src/main.ts?t=1784470508244:1238
[    3286ms] [LOG] Preloading first world... 70% @ http://localhost:5173/src/main.ts?t=1784470508244:1238
[    3356ms] [LOG] Preloading first world... 73% @ http://localhost:5173/src/main.ts?t=1784470508244:1238
[    3434ms] [LOG] Preloading first world... 76% @ http://localhost:5173/src/main.ts?t=1784470508244:1238
[    3510ms] [LOG] Preloading first world... 80% @ http://localhost:5173/src/main.ts?t=1784470508244:1238
[    3584ms] [LOG] Preloading first world... 83% @ http://localhost:5173/src/main.ts?t=1784470508244:1238
[    3642ms] [LOG] Preloading first world... 86% @ http://localhost:5173/src/main.ts?t=1784470508244:1238
[    3684ms] [LOG] Preloading first world... 89% @ http://localhost:5173/src/main.ts?t=1784470508244:1238
[    3731ms] [LOG] Preloading first world... 93% @ http://localhost:5173/src/main.ts?t=1784470508244:1238
[    3774ms] [LOG] Preloading first world... 96% @ http://localhost:5173/src/main.ts?t=1784470508244:1238
[    3818ms] [LOG] Preloading first world... 99% @ http://localhost:5173/src/main.ts?t=1784470508244:1238
[    3862ms] [LOG] Preloading first world... 100% @ http://localhost:5173/src/main.ts?t=1784470508244:1238
[    3873ms] [LOG] Loaded 4320000 splats. Starting Tiny LoD build... @ blob:http://localhost:5173/9be5ad42-6bcb-4326-ab52-bd8c1068b43a:1138
[    4017ms] [LOG] Playing video intro from path: /assets/VideoIntro.mp4 @ http://localhost:5173/src/main.ts?t=1784470508244:1694
[    4050ms] [ERROR] Failed to load resource: the server responded with a status of 404 (Not Found) @ http://localhost:5173/favicon.ico:0
[    5701ms] [LOG] Found preloading state for World One. Resolving... @ http://localhost:5173/src/main.ts?t=1784470508244:1336
[   13001ms] [LOG] Video source path: /assets/VideoIntro.mp4 @ http://localhost:5173/src/main.ts?t=1784470523881:1656
[   15109ms] [LOG] Silent preloading first world in background: Elephants TRavels @ http://localhost:5173/src/main.ts?t=1784470523881:1234
[   15210ms] [LOG] Preloading first world... 0% @ http://localhost:5173/src/main.ts?t=1784470523881:1238
[   15226ms] [LOG] Preloading first world... 1% @ http://localhost:5173/src/main.ts?t=1784470523881:1238
[   15227ms] [LOG] Preloading first world... 1% @ http://localhost:5173/src/main.ts?t=1784470523881:1238
[   15230ms] [LOG] Preloading first world... 3% @ http://localhost:5173/src/main.ts?t=1784470523881:1238
[   15247ms] [LOG] Preloading first world... 4% @ http://localhost:5173/src/main.ts?t=1784470523881:1238
[   15253ms] [LOG] Preloading first world... 5% @ http://localhost:5173/src/main.ts?t=1784470523881:1238
[   15256ms] [LOG] Preloading first world... 5% @ http://localhost:5173/src/main.ts?t=1784470523881:1238
[   15259ms] [LOG] Preloading first world... 7% @ http://localhost:5173/src/main.ts?t=1784470523881:1238
[   15276ms] [LOG] Preloading first world... 9% @ http://localhost:5173/src/main.ts?t=1784470523881:1238
[   15298ms] [LOG] Preloading first world... 9% @ http://localhost:5173/src/main.ts?t=1784470523881:1238
[   15307ms] [LOG] Preloading first world... 9% @ http://localhost:5173/src/main.ts?t=1784470523881:1238
[   15313ms] [LOG] Preloading first world... 10% @ http://localhost:5173/src/main.ts?t=1784470523881:1238
[   15323ms] [LOG] Preloading first world... 13% @ http://localhost:5173/src/main.ts?t=1784470523881:1238
[   15347ms] [LOG] Preloading first world... 13% @ http://localhost:5173/src/main.ts?t=1784470523881:1238
[   15353ms] [LOG] Preloading first world... 16% @ http://localhost:5173/src/main.ts?t=1784470523881:1238
[   15368ms] [LOG] Preloading first world... 16% @ http://localhost:5173/src/main.ts?t=1784470523881:1238
[   15371ms] [LOG] Preloading first world... 16% @ http://localhost:5173/src/main.ts?t=1784470523881:1238
[   15373ms] [LOG] Preloading first world... 17% @ http://localhost:5173/src/main.ts?t=1784470523881:1238
[   15373ms] [LOG] Preloading first world... 20% @ http://localhost:5173/src/main.ts?t=1784470523881:1238
[   15394ms] [LOG] Preloading first world... 20% @ http://localhost:5173/src/main.ts?t=1784470523881:1238
[   15395ms] [LOG] Preloading first world... 23% @ http://localhost:5173/src/main.ts?t=1784470523881:1238
[   15413ms] [LOG] Preloading first world... 27% @ http://localhost:5173/src/main.ts?t=1784470523881:1238
[   15432ms] [LOG] Preloading first world... 30% @ http://localhost:5173/src/main.ts?t=1784470523881:1238
[   15451ms] [LOG] Preloading first world... 33% @ http://localhost:5173/src/main.ts?t=1784470523881:1238
[   15468ms] [LOG] Preloading first world... 36% @ http://localhost:5173/src/main.ts?t=1784470523881:1238
[   15486ms] [LOG] Preloading first world... 40% @ http://localhost:5173/src/main.ts?t=1784470523881:1238
[   15504ms] [LOG] Preloading first world... 43% @ http://localhost:5173/src/main.ts?t=1784470523881:1238
[   15522ms] [LOG] Preloading first world... 46% @ http://localhost:5173/src/main.ts?t=1784470523881:1238
[   15548ms] [LOG] Preloading first world... 50% @ http://localhost:5173/src/main.ts?t=1784470523881:1238
[   15577ms] [LOG] Preloading first world... 53% @ http://localhost:5173/src/main.ts?t=1784470523881:1238
[   15602ms] [LOG] Preloading first world... 56% @ http://localhost:5173/src/main.ts?t=1784470523881:1238
[   15627ms] [LOG] Preloading first world... 60% @ http://localhost:5173/src/main.ts?t=1784470523881:1238
[   15652ms] [LOG] Preloading first world... 63% @ http://localhost:5173/src/main.ts?t=1784470523881:1238
[   15675ms] [LOG] Preloading first world... 66% @ http://localhost:5173/src/main.ts?t=1784470523881:1238
[   15700ms] [LOG] Preloading first world... 70% @ http://localhost:5173/src/main.ts?t=1784470523881:1238
[   15771ms] [LOG] Preloading first world... 73% @ http://localhost:5173/src/main.ts?t=1784470523881:1238
[   15850ms] [LOG] Preloading first world... 76% @ http://localhost:5173/src/main.ts?t=1784470523881:1238
[   15927ms] [LOG] Preloading first world... 80% @ http://localhost:5173/src/main.ts?t=1784470523881:1238
[   16008ms] [LOG] Preloading first world... 83% @ http://localhost:5173/src/main.ts?t=1784470523881:1238
[   16056ms] [LOG] Preloading first world... 86% @ http://localhost:5173/src/main.ts?t=1784470523881:1238
[   16099ms] [LOG] Playing video intro from path: /assets/VideoIntro.mp4 @ http://localhost:5173/src/main.ts?t=1784470523881:1694
[   16109ms] [LOG] Preloading first world... 89% @ http://localhost:5173/src/main.ts?t=1784470523881:1238
[   16117ms] [ERROR] Failed to load resource: the server responded with a status of 404 (Not Found) @ http://localhost:5173/favicon.ico:0
[   16154ms] [LOG] Preloading first world... 93% @ http://localhost:5173/src/main.ts?t=1784470523881:1238
[   16198ms] [LOG] Preloading first world... 96% @ http://localhost:5173/src/main.ts?t=1784470523881:1238
[   16242ms] [LOG] Preloading first world... 99% @ http://localhost:5173/src/main.ts?t=1784470523881:1238
[   16286ms] [LOG] Preloading first world... 100% @ http://localhost:5173/src/main.ts?t=1784470523881:1238
[   16298ms] [LOG] Loaded 4320000 splats. Starting Tiny LoD build... @ blob:http://localhost:5173/b8f23980-b7bd-424c-8f66-429d0e471063:1138
[   17741ms] [LOG] Found preloading state for World One. Resolving... @ http://localhost:5173/src/main.ts?t=1784470523881:1336
[   17877ms] [LOG] Video source path: /assets/VideoIntro.mp4 @ http://localhost:5173/src/main.ts?t=1784470528741:1656
