[    2909ms] [LOG] Video source path: /assets/VideoIntro.mp4 @ http://localhost:5174/src/main.ts?t=1784471604611:1662
[   10251ms] [LOG] Silent preloading first world in background: Elephants TRavels @ http://localhost:5174/src/main.ts?t=1784471604611:1240
[   10351ms] [LOG] Preloading first world... 0% @ http://localhost:5174/src/main.ts?t=1784471604611:1244
[   10369ms] [LOG] Preloading first world... 3% @ http://localhost:5174/src/main.ts?t=1784471604611:1244
[   10387ms] [LOG] Preloading first world... 4% @ http://localhost:5174/src/main.ts?t=1784471604611:1244
[   10390ms] [LOG] Preloading first world... 7% @ http://localhost:5174/src/main.ts?t=1784471604611:1244
[   10406ms] [LOG] Preloading first world... 7% @ http://localhost:5174/src/main.ts?t=1784471604611:1244
[   10411ms] [LOG] Preloading first world... 10% @ http://localhost:5174/src/main.ts?t=1784471604611:1244
[   10426ms] [LOG] Preloading first world... 11% @ http://localhost:5174/src/main.ts?t=1784471604611:1244
[   10431ms] [LOG] Preloading first world... 11% @ http://localhost:5174/src/main.ts?t=1784471604611:1244
[   10433ms] [LOG] Preloading first world... 11% @ http://localhost:5174/src/main.ts?t=1784471604611:1244
[   10434ms] [LOG] Preloading first world... 12% @ http://localhost:5174/src/main.ts?t=1784471604611:1244
[   10437ms] [LOG] Preloading first world... 13% @ http://localhost:5174/src/main.ts?t=1784471604611:1244
[   10447ms] [LOG] Preloading first world... 15% @ http://localhost:5174/src/main.ts?t=1784471604611:1244
[   10456ms] [LOG] Preloading first world... 16% @ http://localhost:5174/src/main.ts?t=1784471604611:1244
[   10459ms] [LOG] Preloading first world... 16% @ http://localhost:5174/src/main.ts?t=1784471604611:1244
[   10460ms] [LOG] Preloading first world... 16% @ http://localhost:5174/src/main.ts?t=1784471604611:1244
[   10461ms] [LOG] Preloading first world... 17% @ http://localhost:5174/src/main.ts?t=1784471604611:1244
[   10466ms] [LOG] Preloading first world... 19% @ http://localhost:5174/src/main.ts?t=1784471604611:1244
[   10481ms] [LOG] Preloading first world... 20% @ http://localhost:5174/src/main.ts?t=1784471604611:1244
[   10485ms] [LOG] Preloading first world... 23% @ http://localhost:5174/src/main.ts?t=1784471604611:1244
[   10506ms] [LOG] Preloading first world... 27% @ http://localhost:5174/src/main.ts?t=1784471604611:1244
[   10524ms] [LOG] Preloading first world... 30% @ http://localhost:5174/src/main.ts?t=1784471604611:1244
[   10543ms] [LOG] Preloading first world... 33% @ http://localhost:5174/src/main.ts?t=1784471604611:1244
[   10562ms] [LOG] Preloading first world... 36% @ http://localhost:5174/src/main.ts?t=1784471604611:1244
[   10583ms] [LOG] Preloading first world... 40% @ http://localhost:5174/src/main.ts?t=1784471604611:1244
[   10604ms] [LOG] Preloading first world... 43% @ http://localhost:5174/src/main.ts?t=1784471604611:1244
[   10621ms] [LOG] Preloading first world... 46% @ http://localhost:5174/src/main.ts?t=1784471604611:1244
[   10648ms] [LOG] Preloading first world... 50% @ http://localhost:5174/src/main.ts?t=1784471604611:1244
[   10683ms] [LOG] Preloading first world... 53% @ http://localhost:5174/src/main.ts?t=1784471604611:1244
[   10706ms] [LOG] Preloading first world... 56% @ http://localhost:5174/src/main.ts?t=1784471604611:1244
[   10739ms] [LOG] Preloading first world... 60% @ http://localhost:5174/src/main.ts?t=1784471604611:1244
[   10763ms] [LOG] Preloading first world... 63% @ http://localhost:5174/src/main.ts?t=1784471604611:1244
[   10788ms] [LOG] Preloading first world... 66% @ http://localhost:5174/src/main.ts?t=1784471604611:1244
[   10814ms] [LOG] Preloading first world... 70% @ http://localhost:5174/src/main.ts?t=1784471604611:1244
[   10885ms] [LOG] Preloading first world... 73% @ http://localhost:5174/src/main.ts?t=1784471604611:1244
[   10971ms] [LOG] Preloading first world... 76% @ http://localhost:5174/src/main.ts?t=1784471604611:1244
[   11045ms] [LOG] Preloading first world... 80% @ http://localhost:5174/src/main.ts?t=1784471604611:1244
[   11126ms] [LOG] Preloading first world... 83% @ http://localhost:5174/src/main.ts?t=1784471604611:1244
[   11182ms] [LOG] Preloading first world... 86% @ http://localhost:5174/src/main.ts?t=1784471604611:1244
[   11226ms] [LOG] Preloading first world... 89% @ http://localhost:5174/src/main.ts?t=1784471604611:1244
[   11275ms] [LOG] Preloading first world... 93% @ http://localhost:5174/src/main.ts?t=1784471604611:1244
[   11318ms] [LOG] Preloading first world... 96% @ http://localhost:5174/src/main.ts?t=1784471604611:1244
[   11362ms] [LOG] Preloading first world... 99% @ http://localhost:5174/src/main.ts?t=1784471604611:1244
[   11408ms] [LOG] Preloading first world... 100% @ http://localhost:5174/src/main.ts?t=1784471604611:1244
[   11424ms] [LOG] Loaded 4320000 splats. Starting Tiny LoD build... @ blob:http://localhost:5174/550076f2-30b8-4b3f-9d4c-80361f976cf9:1138
[   12280ms] [LOG] Playing video intro from path: /assets/VideoIntro.mp4 @ http://localhost:5174/src/main.ts?t=1784471604611:1700
[   12303ms] [ERROR] Failed to load resource: the server responded with a status of 404 (Not Found) @ http://localhost:5174/favicon.ico:0
[   14532ms] [LOG] Found preloading state for World One. Resolving... @ http://localhost:5174/src/main.ts?t=1784471604611:1342
[   25759ms] [LOG] Tiny LoD: 4320000 -> 5924840 (14334 ms) @ blob:http://localhost:5174/550076f2-30b8-4b3f-9d4c-80361f976cf9:1150
[   26996ms] [LOG] First world preloaded successfully and ready! @ http://localhost:5174/src/main.ts?t=1784471604611:1251
[   26996ms] [LOG] Loading mesh collider from: /assets/worlds/Ancient%20Egyptian%20Desert%20Palace_collider.glb @ http://localhost:5174/src/main.ts?t=1784471604611:1300
[   27003ms] TypeError: Cannot read properties of undefined (reading 'splatUrl')
    at getSplatUrlForWorld (http://localhost:5174/src/main.ts?t=1784471604611:1108:16)
    at createSplat (http://localhost:5174/src/main.ts?t=1784471604611:1222:15)
    at preloadSecondWorld (http://localhost:5174/src/main.ts?t=1784471604611:1267:17)
    at startAdventure (http://localhost:5174/src/main.ts?t=1784471604611:1419:10)
    at async http://localhost:5174/src/main.ts?t=1784471604611:1683:7
[   27384ms] [LOG] Mesh collider loaded successfully! @ http://localhost:5174/src/main.ts?t=1784471604611:1327
[   28027ms] [LOG] Using default transforms for dad: {pos: Array(3), rot: Array(3), scale: 7.9} @ http://localhost:5174/src/main.ts?t=1784471604611:2291
[   28721ms] [LOG] Using default transforms for child: {pos: Array(3), rot: Array(3), scale: 5} @ http://localhost:5174/src/main.ts?t=1784471604611:2291
[   29612ms] [LOG] Using default transforms for cat: {pos: Array(3), rot: Array(3), scale: 4.45} @ http://localhost:5174/src/main.ts?t=1784471604611:2291
[   30347ms] [LOG] Using default transforms for pyramid: {pos: Array(3), rot: Array(3), scale: 50} @ http://localhost:5174/src/main.ts?t=1784471604611:2291
[   31573ms] [LOG] Using default transforms for vase: {pos: Array(3), rot: Array(3), scale: 2.25} @ http://localhost:5174/src/main.ts?t=1784471604611:2291
[  128454ms] [LOG] Video source path: /assets/VideoIntro.mp4 @ http://localhost:5174/src/main.ts?t=1784471731454:1668
