[  105923ms] [LOG] Video source path: /assets/VideoIntro.mp4 @ http://localhost:5174/src/main.ts?t=1784472288124:1709
[  106119ms] [ERROR] Failed to load resource: the server responded with a status of 404 (Not Found) @ http://localhost:5174/favicon.ico:0
[  107099ms] [LOG] Silent preloading first world in background: Elephants TRavels @ http://localhost:5174/src/main.ts?t=1784472288124:1250
[  107193ms] [LOG] Preloading first world... 0% @ http://localhost:5174/src/main.ts?t=1784472288124:1254
[  107210ms] [LOG] Preloading first world... 3% @ http://localhost:5174/src/main.ts?t=1784472288124:1254
[  107229ms] [LOG] Preloading first world... 4% @ http://localhost:5174/src/main.ts?t=1784472288124:1254
[  107231ms] [LOG] Preloading first world... 7% @ http://localhost:5174/src/main.ts?t=1784472288124:1254
[  107249ms] [LOG] Preloading first world... 7% @ http://localhost:5174/src/main.ts?t=1784472288124:1254
[  107252ms] [LOG] Preloading first world... 10% @ http://localhost:5174/src/main.ts?t=1784472288124:1254
[  107268ms] [LOG] Preloading first world... 11% @ http://localhost:5174/src/main.ts?t=1784472288124:1254
[  107271ms] [LOG] Preloading first world... 11% @ http://localhost:5174/src/main.ts?t=1784472288124:1254
[  107273ms] [LOG] Preloading first world... 11% @ http://localhost:5174/src/main.ts?t=1784472288124:1254
[  107274ms] [LOG] Preloading first world... 11% @ http://localhost:5174/src/main.ts?t=1784472288124:1254
[  107275ms] [LOG] Preloading first world... 11% @ http://localhost:5174/src/main.ts?t=1784472288124:1254
[  107276ms] [LOG] Preloading first world... 13% @ http://localhost:5174/src/main.ts?t=1784472288124:1254
[  107287ms] [LOG] Preloading first world... 15% @ http://localhost:5174/src/main.ts?t=1784472288124:1254
[  107294ms] [LOG] Preloading first world... 15% @ http://localhost:5174/src/main.ts?t=1784472288124:1254
[  107297ms] [LOG] Preloading first world... 15% @ http://localhost:5174/src/main.ts?t=1784472288124:1254
[  107299ms] [LOG] Preloading first world... 17% @ http://localhost:5174/src/main.ts?t=1784472288124:1254
[  107308ms] [LOG] Preloading first world... 19% @ http://localhost:5174/src/main.ts?t=1784472288124:1254
[  107319ms] [LOG] Preloading first world... 19% @ http://localhost:5174/src/main.ts?t=1784472288124:1254
[  107321ms] [LOG] Preloading first world... 19% @ http://localhost:5174/src/main.ts?t=1784472288124:1254
[  107323ms] [LOG] Preloading first world... 20% @ http://localhost:5174/src/main.ts?t=1784472288124:1254
[  107326ms] [LOG] Preloading first world... 23% @ http://localhost:5174/src/main.ts?t=1784472288124:1254
[  107341ms] [LOG] Preloading first world... 23% @ http://localhost:5174/src/main.ts?t=1784472288124:1254
[  107344ms] [LOG] Preloading first world... 23% @ http://localhost:5174/src/main.ts?t=1784472288124:1254
[  107345ms] [LOG] Preloading first world... 24% @ http://localhost:5174/src/main.ts?t=1784472288124:1254
[  107346ms] [LOG] Preloading first world... 24% @ http://localhost:5174/src/main.ts?t=1784472288124:1254
[  107348ms] [LOG] Preloading first world... 27% @ http://localhost:5174/src/main.ts?t=1784472288124:1254
[  107363ms] [LOG] Preloading first world... 27% @ http://localhost:5174/src/main.ts?t=1784472288124:1254
[  107367ms] [LOG] Preloading first world... 27% @ http://localhost:5174/src/main.ts?t=1784472288124:1254
[  107368ms] [LOG] Preloading first world... 30% @ http://localhost:5174/src/main.ts?t=1784472288124:1254
[  107384ms] [LOG] Preloading first world... 31% @ http://localhost:5174/src/main.ts?t=1784472288124:1254
[  107389ms] [LOG] Preloading first world... 31% @ http://localhost:5174/src/main.ts?t=1784472288124:1254
[  107391ms] [LOG] Preloading first world... 31% @ http://localhost:5174/src/main.ts?t=1784472288124:1254
[  107392ms] [LOG] Preloading first world... 33% @ http://localhost:5174/src/main.ts?t=1784472288124:1254
[  107403ms] [LOG] Preloading first world... 34% @ http://localhost:5174/src/main.ts?t=1784472288124:1254
[  107410ms] [LOG] Preloading first world... 35% @ http://localhost:5174/src/main.ts?t=1784472288124:1254
[  107410ms] [LOG] Preloading first world... 35% @ http://localhost:5174/src/main.ts?t=1784472288124:1254
[  107412ms] [LOG] Preloading first world... 36% @ http://localhost:5174/src/main.ts?t=1784472288124:1254
[  107424ms] [LOG] Preloading first world... 38% @ http://localhost:5174/src/main.ts?t=1784472288124:1254
[  107432ms] [LOG] Preloading first world... 38% @ http://localhost:5174/src/main.ts?t=1784472288124:1254
[  107434ms] [LOG] Preloading first world... 40% @ http://localhost:5174/src/main.ts?t=1784472288124:1254
[  107441ms] [LOG] Preloading first world... 42% @ http://localhost:5174/src/main.ts?t=1784472288124:1254
[  107454ms] [LOG] Preloading first world... 43% @ http://localhost:5174/src/main.ts?t=1784472288124:1254
[  107458ms] [LOG] Preloading first world... 43% @ http://localhost:5174/src/main.ts?t=1784472288124:1254
[  107458ms] [LOG] Preloading first world... 43% @ http://localhost:5174/src/main.ts?t=1784472288124:1254
[  107459ms] [LOG] Preloading first world... 43% @ http://localhost:5174/src/main.ts?t=1784472288124:1254
[  107459ms] [LOG] Preloading first world... 43% @ http://localhost:5174/src/main.ts?t=1784472288124:1254
[  107461ms] [LOG] Preloading first world... 46% @ http://localhost:5174/src/main.ts?t=1784472288124:1254
[  107485ms] [LOG] Preloading first world... 46% @ http://localhost:5174/src/main.ts?t=1784472288124:1254
[  107489ms] [LOG] Preloading first world... 50% @ http://localhost:5174/src/main.ts?t=1784472288124:1254
[  107518ms] [LOG] Preloading first world... 53% @ http://localhost:5174/src/main.ts?t=1784472288124:1254
[  107543ms] [LOG] Preloading first world... 56% @ http://localhost:5174/src/main.ts?t=1784472288124:1254
[  107569ms] [LOG] Preloading first world... 60% @ http://localhost:5174/src/main.ts?t=1784472288124:1254
[  107594ms] [LOG] Preloading first world... 63% @ http://localhost:5174/src/main.ts?t=1784472288124:1254
[  107617ms] [LOG] Preloading first world... 66% @ http://localhost:5174/src/main.ts?t=1784472288124:1254
[  107643ms] [LOG] Preloading first world... 70% @ http://localhost:5174/src/main.ts?t=1784472288124:1254
[  107715ms] [LOG] Preloading first world... 73% @ http://localhost:5174/src/main.ts?t=1784472288124:1254
[  107797ms] [LOG] Preloading first world... 76% @ http://localhost:5174/src/main.ts?t=1784472288124:1254
[  107872ms] [LOG] Preloading first world... 80% @ http://localhost:5174/src/main.ts?t=1784472288124:1254
[  107946ms] [LOG] Preloading first world... 83% @ http://localhost:5174/src/main.ts?t=1784472288124:1254
[  108004ms] [LOG] Preloading first world... 86% @ http://localhost:5174/src/main.ts?t=1784472288124:1254
[  108049ms] [LOG] Preloading first world... 89% @ http://localhost:5174/src/main.ts?t=1784472288124:1254
[  108095ms] [LOG] Preloading first world... 93% @ http://localhost:5174/src/main.ts?t=1784472288124:1254
[  108141ms] [LOG] Preloading first world... 96% @ http://localhost:5174/src/main.ts?t=1784472288124:1254
[  108186ms] [LOG] Preloading first world... 99% @ http://localhost:5174/src/main.ts?t=1784472288124:1254
[  108229ms] [LOG] Preloading first world... 100% @ http://localhost:5174/src/main.ts?t=1784472288124:1254
[  108242ms] [LOG] Loaded 4320000 splats. Starting Tiny LoD build... @ blob:http://localhost:5174/3481340c-1057-41a5-b083-852dc624a3d3:1138
[  108446ms] [LOG] Playing video intro from path: /assets/VideoIntro.mp4 @ http://localhost:5174/src/main.ts?t=1784472288124:1747
[  108463ms] [ERROR] Failed to load resource: the server responded with a status of 404 (Not Found) @ http://localhost:5174/favicon.ico:0
[  110214ms] [LOG] Found preloading state for World One. Resolving... @ http://localhost:5174/src/main.ts?t=1784472288124:1352
[  119262ms] [LOG] Tiny LoD: 4320000 -> 5924840 (11019.799999952316 ms) @ blob:http://localhost:5174/3481340c-1057-41a5-b083-852dc624a3d3:1150
[  120423ms] [LOG] First world preloaded successfully and ready! @ http://localhost:5174/src/main.ts?t=1784472288124:1261
[  120423ms] [LOG] Loading mesh collider from: /assets/worlds/Ancient%20Egyptian%20Desert%20Palace_collider.glb @ http://localhost:5174/src/main.ts?t=1784472288124:1310
[  120427ms] TypeError: Cannot read properties of undefined (reading 'splatUrl')
    at getSplatUrlForWorld (http://localhost:5174/src/main.ts?t=1784472288124:1114:16)
    at createSplat (http://localhost:5174/src/main.ts?t=1784472288124:1232:15)
    at preloadSecondWorld (http://localhost:5174/src/main.ts?t=1784472288124:1277:17)
    at startAdventure (http://localhost:5174/src/main.ts?t=1784472288124:1430:10)
    at async http://localhost:5174/src/main.ts?t=1784472288124:1730:7
[  120437ms] [LOG] Mesh collider loaded successfully! @ http://localhost:5174/src/main.ts?t=1784472288124:1337
[  121163ms] [LOG] Using default transforms for dad: {pos: Array(3), rot: Array(3), scale: 7.9} @ http://localhost:5174/src/main.ts?t=1784472288124:2398
[  121965ms] [LOG] Using default transforms for child: {pos: Array(3), rot: Array(3), scale: 5} @ http://localhost:5174/src/main.ts?t=1784472288124:2398
[  123195ms] [LOG] Using default transforms for cat: {pos: Array(3), rot: Array(3), scale: 4.45} @ http://localhost:5174/src/main.ts?t=1784472288124:2398
[  124021ms] [LOG] Using default transforms for pyramid: {pos: Array(3), rot: Array(3), scale: 50} @ http://localhost:5174/src/main.ts?t=1784472288124:2398
[  124542ms] [LOG] Using default transforms for vase: {pos: Array(3), rot: Array(3), scale: 2.25} @ http://localhost:5174/src/main.ts?t=1784472288124:2398
[  367201ms] [LOG] Video source path: /assets/VideoIntro.mp4 @ http://localhost:5174/src/main.ts?t=1784472628985:1709
[  370240ms] [LOG] Video source path: /assets/VideoIntro.mp4 @ http://localhost:5174/src/main.ts?t=1784472632271:1709
[  372834ms] [LOG] Video source path: /assets/VideoIntro.mp4 @ http://localhost:5174/src/main.ts?t=1784472634874:1709
[  374265ms] [LOG] Video source path: /assets/VideoIntro.mp4 @ http://localhost:5174/src/main.ts?t=1784472636289:1709
[  398597ms] [LOG] Silent preloading first world in background: Elephants TRavels @ http://localhost:5174/src/main.ts?t=1784472636289:1250
[  398688ms] [LOG] Preloading first world... 0% @ http://localhost:5174/src/main.ts?t=1784472636289:1254
[  398702ms] [LOG] Preloading first world... 3% @ http://localhost:5174/src/main.ts?t=1784472636289:1254
[  398725ms] [LOG] Preloading first world... 4% @ http://localhost:5174/src/main.ts?t=1784472636289:1254
[  398728ms] [LOG] Preloading first world... 7% @ http://localhost:5174/src/main.ts?t=1784472636289:1254
[  398743ms] [LOG] Preloading first world... 7% @ http://localhost:5174/src/main.ts?t=1784472636289:1254
[  398747ms] [LOG] Preloading first world... 10% @ http://localhost:5174/src/main.ts?t=1784472636289:1254
[  398763ms] [LOG] Preloading first world... 11% @ http://localhost:5174/src/main.ts?t=1784472636289:1254
[  398769ms] [LOG] Preloading first world... 11% @ http://localhost:5174/src/main.ts?t=1784472636289:1254
[  398771ms] [LOG] Preloading first world... 11% @ http://localhost:5174/src/main.ts?t=1784472636289:1254
[  398772ms] [LOG] Preloading first world... 11% @ http://localhost:5174/src/main.ts?t=1784472636289:1254
[  398774ms] [LOG] Preloading first world... 13% @ http://localhost:5174/src/main.ts?t=1784472636289:1254
[  398783ms] [LOG] Preloading first world... 15% @ http://localhost:5174/src/main.ts?t=1784472636289:1254
[  398792ms] [LOG] Preloading first world... 16% @ http://localhost:5174/src/main.ts?t=1784472636289:1254
[  398797ms] [LOG] Preloading first world... 16% @ http://localhost:5174/src/main.ts?t=1784472636289:1254
[  398800ms] [LOG] Preloading first world... 16% @ http://localhost:5174/src/main.ts?t=1784472636289:1254
[  398801ms] [LOG] Preloading first world... 17% @ http://localhost:5174/src/main.ts?t=1784472636289:1254
[  398802ms] [LOG] Preloading first world... 17% @ http://localhost:5174/src/main.ts?t=1784472636289:1254
[  398802ms] [LOG] Preloading first world... 17% @ http://localhost:5174/src/main.ts?t=1784472636289:1254
[  398803ms] [LOG] Preloading first world... 17% @ http://localhost:5174/src/main.ts?t=1784472636289:1254
[  398804ms] [LOG] Preloading first world... 20% @ http://localhost:5174/src/main.ts?t=1784472636289:1254
[  398820ms] [LOG] Preloading first world... 20% @ http://localhost:5174/src/main.ts?t=1784472636289:1254
[  398823ms] [LOG] Preloading first world... 20% @ http://localhost:5174/src/main.ts?t=1784472636289:1254
[  398824ms] [LOG] Preloading first world... 23% @ http://localhost:5174/src/main.ts?t=1784472636289:1254
[  398842ms] [LOG] Preloading first world... 24% @ http://localhost:5174/src/main.ts?t=1784472636289:1254
[  398848ms] [LOG] Preloading first world... 24% @ http://localhost:5174/src/main.ts?t=1784472636289:1254
[  398848ms] [LOG] Preloading first world... 24% @ http://localhost:5174/src/main.ts?t=1784472636289:1254
[  398851ms] [LOG] Preloading first world... 27% @ http://localhost:5174/src/main.ts?t=1784472636289:1254
[  398863ms] [LOG] Preloading first world... 28% @ http://localhost:5174/src/main.ts?t=1784472636289:1254
[  398872ms] [LOG] Preloading first world... 28% @ http://localhost:5174/src/main.ts?t=1784472636289:1254
[  398874ms] [LOG] Preloading first world... 28% @ http://localhost:5174/src/main.ts?t=1784472636289:1254
[  398878ms] [LOG] Preloading first world... 30% @ http://localhost:5174/src/main.ts?t=1784472636289:1254
[  398889ms] [LOG] Preloading first world... 31% @ http://localhost:5174/src/main.ts?t=1784472636289:1254
[  398898ms] [LOG] Preloading first world... 32% @ http://localhost:5174/src/main.ts?t=1784472636289:1254
[  398900ms] [LOG] Preloading first world... 33% @ http://localhost:5174/src/main.ts?t=1784472636289:1254
[  398908ms] [LOG] Preloading first world... 36% @ http://localhost:5174/src/main.ts?t=1784472636289:1254
[  398931ms] [LOG] Preloading first world... 40% @ http://localhost:5174/src/main.ts?t=1784472636289:1254
[  398951ms] [LOG] Preloading first world... 43% @ http://localhost:5174/src/main.ts?t=1784472636289:1254
[  398970ms] [LOG] Preloading first world... 46% @ http://localhost:5174/src/main.ts?t=1784472636289:1254
[  399000ms] [LOG] Preloading first world... 50% @ http://localhost:5174/src/main.ts?t=1784472636289:1254
[  399032ms] [LOG] Preloading first world... 53% @ http://localhost:5174/src/main.ts?t=1784472636289:1254
[  399058ms] [LOG] Preloading first world... 56% @ http://localhost:5174/src/main.ts?t=1784472636289:1254
[  399081ms] [LOG] Preloading first world... 60% @ http://localhost:5174/src/main.ts?t=1784472636289:1254
[  399106ms] [LOG] Preloading first world... 63% @ http://localhost:5174/src/main.ts?t=1784472636289:1254
[  399130ms] [LOG] Preloading first world... 66% @ http://localhost:5174/src/main.ts?t=1784472636289:1254
[  399155ms] [LOG] Preloading first world... 70% @ http://localhost:5174/src/main.ts?t=1784472636289:1254
[  399225ms] [LOG] Preloading first world... 73% @ http://localhost:5174/src/main.ts?t=1784472636289:1254
[  399302ms] [LOG] Preloading first world... 76% @ http://localhost:5174/src/main.ts?t=1784472636289:1254
[  399376ms] [LOG] Preloading first world... 80% @ http://localhost:5174/src/main.ts?t=1784472636289:1254
[  399450ms] [LOG] Preloading first world... 83% @ http://localhost:5174/src/main.ts?t=1784472636289:1254
[  399505ms] [LOG] Preloading first world... 86% @ http://localhost:5174/src/main.ts?t=1784472636289:1254
[  399550ms] [LOG] Preloading first world... 89% @ http://localhost:5174/src/main.ts?t=1784472636289:1254
[  399597ms] [LOG] Preloading first world... 93% @ http://localhost:5174/src/main.ts?t=1784472636289:1254
[  399640ms] [LOG] Preloading first world... 96% @ http://localhost:5174/src/main.ts?t=1784472636289:1254
[  399684ms] [LOG] Preloading first world... 99% @ http://localhost:5174/src/main.ts?t=1784472636289:1254
[  399727ms] [LOG] Preloading first world... 100% @ http://localhost:5174/src/main.ts?t=1784472636289:1254
[  399739ms] [LOG] Loaded 4320000 splats. Starting Tiny LoD build... @ blob:http://localhost:5174/0fbd1c4b-85ad-498a-a501-4f4a678ecc47:1138
[  400293ms] [LOG] Playing video intro from path: /assets/VideoIntro.mp4 @ http://localhost:5174/src/main.ts?t=1784472636289:1747
[  400316ms] [ERROR] Failed to load resource: the server responded with a status of 404 (Not Found) @ http://localhost:5174/favicon.ico:0
[  402312ms] [LOG] Found preloading state for World One. Resolving... @ http://localhost:5174/src/main.ts?t=1784472636289:1352
[  410879ms] [LOG] Tiny LoD: 4320000 -> 5924840 (11139.800000071526 ms) @ blob:http://localhost:5174/0fbd1c4b-85ad-498a-a501-4f4a678ecc47:1150
[  412083ms] [LOG] First world preloaded successfully and ready! @ http://localhost:5174/src/main.ts?t=1784472636289:1261
[  412083ms] [LOG] Loading mesh collider from: /assets/worlds/Ancient%20Egyptian%20Desert%20Palace_collider.glb @ http://localhost:5174/src/main.ts?t=1784472636289:1310
[  412372ms] TypeError: Cannot read properties of undefined (reading 'splatUrl')
    at getSplatUrlForWorld (http://localhost:5174/src/main.ts?t=1784472636289:1114:16)
    at createSplat (http://localhost:5174/src/main.ts?t=1784472636289:1232:15)
    at preloadSecondWorld (http://localhost:5174/src/main.ts?t=1784472636289:1277:17)
    at startAdventure (http://localhost:5174/src/main.ts?t=1784472636289:1430:10)
    at async http://localhost:5174/src/main.ts?t=1784472636289:1730:7
[  412379ms] [LOG] Mesh collider loaded successfully! @ http://localhost:5174/src/main.ts?t=1784472636289:1337
[  412944ms] [LOG] Using default transforms for dad: {pos: Array(3), rot: Array(3), scale: 7.9} @ http://localhost:5174/src/main.ts?t=1784472636289:2398
[  413786ms] [LOG] Using default transforms for child: {pos: Array(3), rot: Array(3), scale: 5} @ http://localhost:5174/src/main.ts?t=1784472636289:2398
[  414906ms] [LOG] Using default transforms for cat: {pos: Array(3), rot: Array(3), scale: 4.45} @ http://localhost:5174/src/main.ts?t=1784472636289:2398
[  415796ms] [LOG] Using default transforms for pyramid: {pos: Array(3), rot: Array(3), scale: 50} @ http://localhost:5174/src/main.ts?t=1784472636289:2398
[  416928ms] [LOG] Using default transforms for vase: {pos: Array(3), rot: Array(3), scale: 2.25} @ http://localhost:5174/src/main.ts?t=1784472636289:2398
[  578434ms] [LOG] Video source path: /assets/VideoIntro.mp4 @ http://localhost:5174/src/main.ts?t=1784472636289:1709
[  579720ms] [LOG] Silent preloading first world in background: Elephants TRavels @ http://localhost:5174/src/main.ts?t=1784472636289:1250
[  579811ms] [LOG] Preloading first world... 0% @ http://localhost:5174/src/main.ts?t=1784472636289:1254
[  579829ms] [LOG] Preloading first world... 3% @ http://localhost:5174/src/main.ts?t=1784472636289:1254
[  579847ms] [LOG] Preloading first world... 4% @ http://localhost:5174/src/main.ts?t=1784472636289:1254
[  579850ms] [LOG] Preloading first world... 7% @ http://localhost:5174/src/main.ts?t=1784472636289:1254
[  579868ms] [LOG] Preloading first world... 7% @ http://localhost:5174/src/main.ts?t=1784472636289:1254
[  579872ms] [LOG] Preloading first world... 10% @ http://localhost:5174/src/main.ts?t=1784472636289:1254
[  579886ms] [LOG] Preloading first world... 11% @ http://localhost:5174/src/main.ts?t=1784472636289:1254
[  579892ms] [LOG] Preloading first world... 11% @ http://localhost:5174/src/main.ts?t=1784472636289:1254
[  579893ms] [LOG] Preloading first world... 11% @ http://localhost:5174/src/main.ts?t=1784472636289:1254
[  579893ms] [LOG] Preloading first world... 11% @ http://localhost:5174/src/main.ts?t=1784472636289:1254
[  579894ms] [LOG] Preloading first world... 11% @ http://localhost:5174/src/main.ts?t=1784472636289:1254
[  579895ms] [LOG] Preloading first world... 12% @ http://localhost:5174/src/main.ts?t=1784472636289:1254
[  579897ms] [LOG] Preloading first world... 13% @ http://localhost:5174/src/main.ts?t=1784472636289:1254
[  579906ms] [LOG] Preloading first world... 15% @ http://localhost:5174/src/main.ts?t=1784472636289:1254
[  579915ms] [LOG] Preloading first world... 15% @ http://localhost:5174/src/main.ts?t=1784472636289:1254
[  579918ms] [LOG] Preloading first world... 16% @ http://localhost:5174/src/main.ts?t=1784472636289:1254
[  579918ms] [LOG] Preloading first world... 16% @ http://localhost:5174/src/main.ts?t=1784472636289:1254
[  579919ms] [LOG] Preloading first world... 17% @ http://localhost:5174/src/main.ts?t=1784472636289:1254
[  579924ms] [LOG] Preloading first world... 19% @ http://localhost:5174/src/main.ts?t=1784472636289:1254
[  579938ms] [LOG] Preloading first world... 20% @ http://localhost:5174/src/main.ts?t=1784472636289:1254
[  579944ms] [LOG] Preloading first world... 23% @ http://localhost:5174/src/main.ts?t=1784472636289:1254
[  579961ms] [LOG] Preloading first world... 27% @ http://localhost:5174/src/main.ts?t=1784472636289:1254
[  579980ms] [LOG] Preloading first world... 30% @ http://localhost:5174/src/main.ts?t=1784472636289:1254
[  579998ms] [LOG] Preloading first world... 33% @ http://localhost:5174/src/main.ts?t=1784472636289:1254
[  580017ms] [LOG] Preloading first world... 36% @ http://localhost:5174/src/main.ts?t=1784472636289:1254
[  580034ms] [LOG] Preloading first world... 40% @ http://localhost:5174/src/main.ts?t=1784472636289:1254
[  580053ms] [LOG] Preloading first world... 43% @ http://localhost:5174/src/main.ts?t=1784472636289:1254
[  580071ms] [LOG] Preloading first world... 46% @ http://localhost:5174/src/main.ts?t=1784472636289:1254
[  580097ms] [LOG] Preloading first world... 50% @ http://localhost:5174/src/main.ts?t=1784472636289:1254
[  580125ms] [LOG] Preloading first world... 53% @ http://localhost:5174/src/main.ts?t=1784472636289:1254
[  580150ms] [LOG] Preloading first world... 56% @ http://localhost:5174/src/main.ts?t=1784472636289:1254
[  580174ms] [LOG] Preloading first world... 60% @ http://localhost:5174/src/main.ts?t=1784472636289:1254
[  580200ms] [LOG] Preloading first world... 63% @ http://localhost:5174/src/main.ts?t=1784472636289:1254
[  580223ms] [LOG] Preloading first world... 66% @ http://localhost:5174/src/main.ts?t=1784472636289:1254
[  580249ms] [LOG] Preloading first world... 70% @ http://localhost:5174/src/main.ts?t=1784472636289:1254
[  580324ms] [LOG] Preloading first world... 73% @ http://localhost:5174/src/main.ts?t=1784472636289:1254
[  580401ms] [LOG] Preloading first world... 76% @ http://localhost:5174/src/main.ts?t=1784472636289:1254
[  580476ms] [LOG] Preloading first world... 80% @ http://localhost:5174/src/main.ts?t=1784472636289:1254
[  580550ms] [LOG] Preloading first world... 83% @ http://localhost:5174/src/main.ts?t=1784472636289:1254
[  580607ms] [LOG] Preloading first world... 86% @ http://localhost:5174/src/main.ts?t=1784472636289:1254
[  580649ms] [LOG] Preloading first world... 89% @ http://localhost:5174/src/main.ts?t=1784472636289:1254
[  580695ms] [LOG] Preloading first world... 93% @ http://localhost:5174/src/main.ts?t=1784472636289:1254
[  580738ms] [LOG] Preloading first world... 96% @ http://localhost:5174/src/main.ts?t=1784472636289:1254
[  580783ms] [LOG] Preloading first world... 99% @ http://localhost:5174/src/main.ts?t=1784472636289:1254
[  580826ms] [LOG] Preloading first world... 100% @ http://localhost:5174/src/main.ts?t=1784472636289:1254
[  580838ms] [LOG] Loaded 4320000 splats. Starting Tiny LoD build... @ blob:http://localhost:5174/95614d13-0409-4b64-b8d6-298db2c7d1de:1138
[  580989ms] [LOG] Playing video intro from path: /assets/VideoIntro.mp4 @ http://localhost:5174/src/main.ts?t=1784472636289:1747
[  581013ms] [ERROR] Failed to load resource: the server responded with a status of 404 (Not Found) @ http://localhost:5174/favicon.ico:0
[  582940ms] [LOG] Found preloading state for World One. Resolving... @ http://localhost:5174/src/main.ts?t=1784472636289:1352
[  592001ms] [LOG] Tiny LoD: 4320000 -> 5924840 (11162.700000047684 ms) @ blob:http://localhost:5174/95614d13-0409-4b64-b8d6-298db2c7d1de:1150
[  593159ms] [LOG] First world preloaded successfully and ready! @ http://localhost:5174/src/main.ts?t=1784472636289:1261
[  593159ms] [LOG] Loading mesh collider from: /assets/worlds/Ancient%20Egyptian%20Desert%20Palace_collider.glb @ http://localhost:5174/src/main.ts?t=1784472636289:1310
[  593163ms] TypeError: Cannot read properties of undefined (reading 'splatUrl')
    at getSplatUrlForWorld (http://localhost:5174/src/main.ts?t=1784472636289:1114:16)
    at createSplat (http://localhost:5174/src/main.ts?t=1784472636289:1232:15)
    at preloadSecondWorld (http://localhost:5174/src/main.ts?t=1784472636289:1277:17)
    at startAdventure (http://localhost:5174/src/main.ts?t=1784472636289:1430:10)
    at async http://localhost:5174/src/main.ts?t=1784472636289:1730:7
[  593406ms] [LOG] Mesh collider loaded successfully! @ http://localhost:5174/src/main.ts?t=1784472636289:1337
[  593940ms] [LOG] Using default transforms for dad: {pos: Array(3), rot: Array(3), scale: 7.9} @ http://localhost:5174/src/main.ts?t=1784472636289:2398
[  594754ms] [LOG] Using default transforms for child: {pos: Array(3), rot: Array(3), scale: 5} @ http://localhost:5174/src/main.ts?t=1784472636289:2398
[  595967ms] [LOG] Using default transforms for cat: {pos: Array(3), rot: Array(3), scale: 4.45} @ http://localhost:5174/src/main.ts?t=1784472636289:2398
[  596857ms] [LOG] Using default transforms for pyramid: {pos: Array(3), rot: Array(3), scale: 50} @ http://localhost:5174/src/main.ts?t=1784472636289:2398
[  597480ms] [LOG] Using default transforms for vase: {pos: Array(3), rot: Array(3), scale: 2.25} @ http://localhost:5174/src/main.ts?t=1784472636289:2398
[  668731ms] [LOG] Video source path: /assets/VideoIntro.mp4 @ http://localhost:5174/src/main.ts?t=1784472636289:1709
[  685839ms] [LOG] Silent preloading first world in background: Elephants TRavels @ http://localhost:5174/src/main.ts?t=1784472636289:1250
[  685931ms] [LOG] Preloading first world... 0% @ http://localhost:5174/src/main.ts?t=1784472636289:1254
[  685950ms] [LOG] Preloading first world... 3% @ http://localhost:5174/src/main.ts?t=1784472636289:1254
[  685970ms] [LOG] Preloading first world... 4% @ http://localhost:5174/src/main.ts?t=1784472636289:1254
[  685973ms] [LOG] Preloading first world... 7% @ http://localhost:5174/src/main.ts?t=1784472636289:1254
[  685989ms] [LOG] Preloading first world... 7% @ http://localhost:5174/src/main.ts?t=1784472636289:1254
[  685992ms] [LOG] Preloading first world... 7% @ http://localhost:5174/src/main.ts?t=1784472636289:1254
[  685993ms] [LOG] Preloading first world... 10% @ http://localhost:5174/src/main.ts?t=1784472636289:1254
[  686008ms] [LOG] Preloading first world... 11% @ http://localhost:5174/src/main.ts?t=1784472636289:1254
[  686013ms] [LOG] Preloading first world... 11% @ http://localhost:5174/src/main.ts?t=1784472636289:1254
[  686014ms] [LOG] Preloading first world... 11% @ http://localhost:5174/src/main.ts?t=1784472636289:1254
[  686015ms] [LOG] Preloading first world... 11% @ http://localhost:5174/src/main.ts?t=1784472636289:1254
[  686017ms] [LOG] Preloading first world... 12% @ http://localhost:5174/src/main.ts?t=1784472636289:1254
[  686017ms] [LOG] Preloading first world... 12% @ http://localhost:5174/src/main.ts?t=1784472636289:1254
[  686018ms] [LOG] Preloading first world... 12% @ http://localhost:5174/src/main.ts?t=1784472636289:1254
[  686020ms] [LOG] Preloading first world... 13% @ http://localhost:5174/src/main.ts?t=1784472636289:1254
[  686027ms] [LOG] Preloading first world... 15% @ http://localhost:5174/src/main.ts?t=1784472636289:1254
[  686038ms] [LOG] Preloading first world... 16% @ http://localhost:5174/src/main.ts?t=1784472636289:1254
[  686043ms] [LOG] Preloading first world... 16% @ http://localhost:5174/src/main.ts?t=1784472636289:1254
[  686045ms] [LOG] Preloading first world... 17% @ http://localhost:5174/src/main.ts?t=1784472636289:1254
[  686048ms] [LOG] Preloading first world... 20% @ http://localhost:5174/src/main.ts?t=1784472636289:1254
[  686063ms] [LOG] Preloading first world... 20% @ http://localhost:5174/src/main.ts?t=1784472636289:1254
[  686066ms] [LOG] Preloading first world... 23% @ http://localhost:5174/src/main.ts?t=1784472636289:1254
[  686084ms] [LOG] Preloading first world... 27% @ http://localhost:5174/src/main.ts?t=1784472636289:1254
[  686102ms] [LOG] Preloading first world... 30% @ http://localhost:5174/src/main.ts?t=1784472636289:1254
[  686124ms] [LOG] Preloading first world... 33% @ http://localhost:5174/src/main.ts?t=1784472636289:1254
[  686143ms] [LOG] Preloading first world... 36% @ http://localhost:5174/src/main.ts?t=1784472636289:1254
[  686162ms] [LOG] Preloading first world... 40% @ http://localhost:5174/src/main.ts?t=1784472636289:1254
[  686181ms] [LOG] Preloading first world... 43% @ http://localhost:5174/src/main.ts?t=1784472636289:1254
[  686198ms] [LOG] Preloading first world... 46% @ http://localhost:5174/src/main.ts?t=1784472636289:1254
[  686226ms] [LOG] Preloading first world... 50% @ http://localhost:5174/src/main.ts?t=1784472636289:1254
[  686255ms] [LOG] Preloading first world... 53% @ http://localhost:5174/src/main.ts?t=1784472636289:1254
[  686281ms] [LOG] Preloading first world... 56% @ http://localhost:5174/src/main.ts?t=1784472636289:1254
[  686306ms] [LOG] Preloading first world... 60% @ http://localhost:5174/src/main.ts?t=1784472636289:1254
[  686332ms] [LOG] Preloading first world... 63% @ http://localhost:5174/src/main.ts?t=1784472636289:1254
[  686357ms] [LOG] Preloading first world... 66% @ http://localhost:5174/src/main.ts?t=1784472636289:1254
[  686383ms] [LOG] Preloading first world... 70% @ http://localhost:5174/src/main.ts?t=1784472636289:1254
[  686457ms] [LOG] Preloading first world... 73% @ http://localhost:5174/src/main.ts?t=1784472636289:1254
[  686538ms] [LOG] Preloading first world... 76% @ http://localhost:5174/src/main.ts?t=1784472636289:1254
[  686616ms] [LOG] Preloading first world... 80% @ http://localhost:5174/src/main.ts?t=1784472636289:1254
[  686689ms] [LOG] Preloading first world... 83% @ http://localhost:5174/src/main.ts?t=1784472636289:1254
[  686749ms] [LOG] Preloading first world... 86% @ http://localhost:5174/src/main.ts?t=1784472636289:1254
[  686793ms] [LOG] Preloading first world... 89% @ http://localhost:5174/src/main.ts?t=1784472636289:1254
[  686840ms] [LOG] Preloading first world... 93% @ http://localhost:5174/src/main.ts?t=1784472636289:1254
[  686884ms] [LOG] Preloading first world... 96% @ http://localhost:5174/src/main.ts?t=1784472636289:1254
[  686927ms] [LOG] Preloading first world... 99% @ http://localhost:5174/src/main.ts?t=1784472636289:1254
[  686971ms] [LOG] Preloading first world... 100% @ http://localhost:5174/src/main.ts?t=1784472636289:1254
[  686982ms] [LOG] Loaded 4320000 splats. Starting Tiny LoD build... @ blob:http://localhost:5174/4c1242c0-9b09-45fa-9120-e52c0ab8f461:1138
[  688120ms] [LOG] Playing video intro from path: /assets/VideoIntro.mp4 @ http://localhost:5174/src/main.ts?t=1784472636289:1747
[  688141ms] [ERROR] Failed to load resource: the server responded with a status of 404 (Not Found) @ http://localhost:5174/favicon.ico:0
[  689971ms] [LOG] Found preloading state for World One. Resolving... @ http://localhost:5174/src/main.ts?t=1784472636289:1352
[  698522ms] [LOG] Tiny LoD: 4320000 -> 5924840 (11538.900000095367 ms) @ blob:http://localhost:5174/4c1242c0-9b09-45fa-9120-e52c0ab8f461:1150
[  699739ms] [LOG] First world preloaded successfully and ready! @ http://localhost:5174/src/main.ts?t=1784472636289:1261
[  699739ms] [LOG] Loading mesh collider from: /assets/worlds/Ancient%20Egyptian%20Desert%20Palace_collider.glb @ http://localhost:5174/src/main.ts?t=1784472636289:1310
[  699741ms] TypeError: Cannot read properties of undefined (reading 'splatUrl')
    at getSplatUrlForWorld (http://localhost:5174/src/main.ts?t=1784472636289:1114:16)
    at createSplat (http://localhost:5174/src/main.ts?t=1784472636289:1232:15)
    at preloadSecondWorld (http://localhost:5174/src/main.ts?t=1784472636289:1277:17)
    at startAdventure (http://localhost:5174/src/main.ts?t=1784472636289:1430:10)
    at async http://localhost:5174/src/main.ts?t=1784472636289:1730:7
[  700001ms] [LOG] Mesh collider loaded successfully! @ http://localhost:5174/src/main.ts?t=1784472636289:1337
[  700588ms] [LOG] Using default transforms for dad: {pos: Array(3), rot: Array(3), scale: 7.9} @ http://localhost:5174/src/main.ts?t=1784472636289:2398
[  701423ms] [LOG] Using default transforms for child: {pos: Array(3), rot: Array(3), scale: 5} @ http://localhost:5174/src/main.ts?t=1784472636289:2398
[  702556ms] [LOG] Using default transforms for cat: {pos: Array(3), rot: Array(3), scale: 4.45} @ http://localhost:5174/src/main.ts?t=1784472636289:2398
[  703135ms] [LOG] Using default transforms for pyramid: {pos: Array(3), rot: Array(3), scale: 50} @ http://localhost:5174/src/main.ts?t=1784472636289:2398
[  703675ms] [LOG] Using default transforms for vase: {pos: Array(3), rot: Array(3), scale: 2.25} @ http://localhost:5174/src/main.ts?t=1784472636289:2398
[  712840ms] [LOG] Video source path: /assets/VideoIntro.mp4 @ http://localhost:5174/src/main.ts?t=1784472636289:1709
[  714310ms] [LOG] Silent preloading first world in background: Elephants TRavels @ http://localhost:5174/src/main.ts?t=1784472636289:1250
[  714402ms] [LOG] Preloading first world... 0% @ http://localhost:5174/src/main.ts?t=1784472636289:1254
[  714419ms] [LOG] Preloading first world... 3% @ http://localhost:5174/src/main.ts?t=1784472636289:1254
[  714440ms] [LOG] Preloading first world... 4% @ http://localhost:5174/src/main.ts?t=1784472636289:1254
[  714443ms] [LOG] Preloading first world... 7% @ http://localhost:5174/src/main.ts?t=1784472636289:1254
[  714458ms] [LOG] Preloading first world... 7% @ http://localhost:5174/src/main.ts?t=1784472636289:1254
[  714462ms] [LOG] Preloading first world... 7% @ http://localhost:5174/src/main.ts?t=1784472636289:1254
[  714463ms] [LOG] Preloading first world... 10% @ http://localhost:5174/src/main.ts?t=1784472636289:1254
[  714479ms] [LOG] Preloading first world... 11% @ http://localhost:5174/src/main.ts?t=1784472636289:1254
[  714482ms] [LOG] Preloading first world... 11% @ http://localhost:5174/src/main.ts?t=1784472636289:1254
[  714484ms] [LOG] Preloading first world... 11% @ http://localhost:5174/src/main.ts?t=1784472636289:1254
[  714485ms] [LOG] Preloading first world... 13% @ http://localhost:5174/src/main.ts?t=1784472636289:1254
[  714496ms] [LOG] Preloading first world... 14% @ http://localhost:5174/src/main.ts?t=1784472636289:1254
[  714504ms] [LOG] Preloading first world... 15% @ http://localhost:5174/src/main.ts?t=1784472636289:1254
[  714508ms] [LOG] Preloading first world... 15% @ http://localhost:5174/src/main.ts?t=1784472636289:1254
[  714509ms] [LOG] Preloading first world... 17% @ http://localhost:5174/src/main.ts?t=1784472636289:1254
[  714517ms] [LOG] Preloading first world... 19% @ http://localhost:5174/src/main.ts?t=1784472636289:1254
[  714527ms] [LOG] Preloading first world... 19% @ http://localhost:5174/src/main.ts?t=1784472636289:1254
[  714529ms] [LOG] Preloading first world... 19% @ http://localhost:5174/src/main.ts?t=1784472636289:1254
[  714530ms] [LOG] Preloading first world... 19% @ http://localhost:5174/src/main.ts?t=1784472636289:1254
[  714530ms] [LOG] Preloading first world... 19% @ http://localhost:5174/src/main.ts?t=1784472636289:1254
[  714531ms] [LOG] Preloading first world... 20% @ http://localhost:5174/src/main.ts?t=1784472636289:1254
[  714536ms] [LOG] Preloading first world... 22% @ http://localhost:5174/src/main.ts?t=1784472636289:1254
[  714552ms] [LOG] Preloading first world... 23% @ http://localhost:5174/src/main.ts?t=1784472636289:1254
[  714556ms] [LOG] Preloading first world... 23% @ http://localhost:5174/src/main.ts?t=1784472636289:1254
[  714557ms] [LOG] Preloading first world... 23% @ http://localhost:5174/src/main.ts?t=1784472636289:1254
[  714558ms] [LOG] Preloading first world... 27% @ http://localhost:5174/src/main.ts?t=1784472636289:1254
[  714576ms] [LOG] Preloading first world... 27% @ http://localhost:5174/src/main.ts?t=1784472636289:1254
[  714578ms] [LOG] Preloading first world... 30% @ http://localhost:5174/src/main.ts?t=1784472636289:1254
[  714594ms] [LOG] Preloading first world... 30% @ http://localhost:5174/src/main.ts?t=1784472636289:1254
[  714598ms] [LOG] Preloading first world... 30% @ http://localhost:5174/src/main.ts?t=1784472636289:1254
[  714599ms] [LOG] Preloading first world... 31% @ http://localhost:5174/src/main.ts?t=1784472636289:1254
[  714601ms] [LOG] Preloading first world... 33% @ http://localhost:5174/src/main.ts?t=1784472636289:1254
[  714615ms] [LOG] Preloading first world... 34% @ http://localhost:5174/src/main.ts?t=1784472636289:1254
[  714619ms] [LOG] Preloading first world... 34% @ http://localhost:5174/src/main.ts?t=1784472636289:1254
[  714621ms] [LOG] Preloading first world... 36% @ http://localhost:5174/src/main.ts?t=1784472636289:1254
[  714635ms] [LOG] Preloading first world... 38% @ http://localhost:5174/src/main.ts?t=1784472636289:1254
[  714643ms] [LOG] Preloading first world... 38% @ http://localhost:5174/src/main.ts?t=1784472636289:1254
[  714644ms] [LOG] Preloading first world... 38% @ http://localhost:5174/src/main.ts?t=1784472636289:1254
[  714645ms] [LOG] Preloading first world... 40% @ http://localhost:5174/src/main.ts?t=1784472636289:1254
[  714654ms] [LOG] Preloading first world... 42% @ http://localhost:5174/src/main.ts?t=1784472636289:1254
[  714663ms] [LOG] Preloading first world... 42% @ http://localhost:5174/src/main.ts?t=1784472636289:1254
[  714666ms] [LOG] Preloading first world... 42% @ http://localhost:5174/src/main.ts?t=1784472636289:1254
[  714667ms] [LOG] Preloading first world... 43% @ http://localhost:5174/src/main.ts?t=1784472636289:1254
[  714677ms] [LOG] Preloading first world... 45% @ http://localhost:5174/src/main.ts?t=1784472636289:1254
[  714694ms] [LOG] Preloading first world... 46% @ http://localhost:5174/src/main.ts?t=1784472636289:1254
[  714702ms] [LOG] Preloading first world... 49% @ http://localhost:5174/src/main.ts?t=1784472636289:1254
[  714725ms] [LOG] Preloading first world... 49% @ http://localhost:5174/src/main.ts?t=1784472636289:1254
[  714727ms] [LOG] Preloading first world... 49% @ http://localhost:5174/src/main.ts?t=1784472636289:1254
[  714730ms] [LOG] Preloading first world... 50% @ http://localhost:5174/src/main.ts?t=1784472636289:1254
[  714733ms] [LOG] Preloading first world... 53% @ http://localhost:5174/src/main.ts?t=1784472636289:1254
[  714755ms] [LOG] Preloading first world... 53% @ http://localhost:5174/src/main.ts?t=1784472636289:1254
[  714760ms] [LOG] Preloading first world... 56% @ http://localhost:5174/src/main.ts?t=1784472636289:1254
[  714783ms] [LOG] Preloading first world... 60% @ http://localhost:5174/src/main.ts?t=1784472636289:1254
[  714811ms] [LOG] Preloading first world... 63% @ http://localhost:5174/src/main.ts?t=1784472636289:1254
[  714837ms] [LOG] Preloading first world... 66% @ http://localhost:5174/src/main.ts?t=1784472636289:1254
[  714863ms] [LOG] Preloading first world... 70% @ http://localhost:5174/src/main.ts?t=1784472636289:1254
[  714944ms] [LOG] Preloading first world... 73% @ http://localhost:5174/src/main.ts?t=1784472636289:1254
[  715027ms] [LOG] Preloading first world... 76% @ http://localhost:5174/src/main.ts?t=1784472636289:1254
[  715103ms] [LOG] Preloading first world... 80% @ http://localhost:5174/src/main.ts?t=1784472636289:1254
[  715183ms] [LOG] Preloading first world... 83% @ http://localhost:5174/src/main.ts?t=1784472636289:1254
[  715245ms] [LOG] Preloading first world... 86% @ http://localhost:5174/src/main.ts?t=1784472636289:1254
[  715286ms] [LOG] Preloading first world... 89% @ http://localhost:5174/src/main.ts?t=1784472636289:1254
[  715319ms] [LOG] Playing video intro from path: /assets/VideoIntro.mp4 @ http://localhost:5174/src/main.ts?t=1784472636289:1747
[  715335ms] [ERROR] Failed to load resource: the server responded with a status of 404 (Not Found) @ http://localhost:5174/favicon.ico:0
[  715341ms] [LOG] Preloading first world... 93% @ http://localhost:5174/src/main.ts?t=1784472636289:1254
[  715388ms] [LOG] Preloading first world... 96% @ http://localhost:5174/src/main.ts?t=1784472636289:1254
[  715436ms] [LOG] Preloading first world... 99% @ http://localhost:5174/src/main.ts?t=1784472636289:1254
[  715480ms] [LOG] Preloading first world... 100% @ http://localhost:5174/src/main.ts?t=1784472636289:1254
[  715491ms] [LOG] Loaded 4320000 splats. Starting Tiny LoD build... @ blob:http://localhost:5174/a0694510-a507-4f27-b1e6-307dd19a2c05:1138
[  717237ms] [LOG] Found preloading state for World One. Resolving... @ http://localhost:5174/src/main.ts?t=1784472636289:1352
[  726499ms] [LOG] Tiny LoD: 4320000 -> 5924840 (11007.600000023842 ms) @ blob:http://localhost:5174/a0694510-a507-4f27-b1e6-307dd19a2c05:1150
[  727667ms] [LOG] First world preloaded successfully and ready! @ http://localhost:5174/src/main.ts?t=1784472636289:1261
[  727667ms] [LOG] Loading mesh collider from: /assets/worlds/Ancient%20Egyptian%20Desert%20Palace_collider.glb @ http://localhost:5174/src/main.ts?t=1784472636289:1310
[  727670ms] TypeError: Cannot read properties of undefined (reading 'splatUrl')
    at getSplatUrlForWorld (http://localhost:5174/src/main.ts?t=1784472636289:1114:16)
    at createSplat (http://localhost:5174/src/main.ts?t=1784472636289:1232:15)
    at preloadSecondWorld (http://localhost:5174/src/main.ts?t=1784472636289:1277:17)
    at startAdventure (http://localhost:5174/src/main.ts?t=1784472636289:1430:10)
    at async http://localhost:5174/src/main.ts?t=1784472636289:1730:7
[  727679ms] [LOG] Mesh collider loaded successfully! @ http://localhost:5174/src/main.ts?t=1784472636289:1337
[  728323ms] [LOG] Using default transforms for dad: {pos: Array(3), rot: Array(3), scale: 7.9} @ http://localhost:5174/src/main.ts?t=1784472636289:2398
[  729066ms] [LOG] Using default transforms for child: {pos: Array(3), rot: Array(3), scale: 5} @ http://localhost:5174/src/main.ts?t=1784472636289:2398
[  730066ms] [LOG] Using default transforms for cat: {pos: Array(3), rot: Array(3), scale: 4.45} @ http://localhost:5174/src/main.ts?t=1784472636289:2398
[  730978ms] [LOG] Using default transforms for pyramid: {pos: Array(3), rot: Array(3), scale: 50} @ http://localhost:5174/src/main.ts?t=1784472636289:2398
[  732528ms] [LOG] Using default transforms for vase: {pos: Array(3), rot: Array(3), scale: 2.25} @ http://localhost:5174/src/main.ts?t=1784472636289:2398
[  753671ms] [LOG] Video source path: /assets/VideoIntro.mp4 @ http://localhost:5174/src/main.ts?t=1784473015350:1701
[  758601ms] [LOG] Video source path: /assets/VideoIntro.mp4 @ http://localhost:5174/src/main.ts?t=1784473020642:1701
[  763018ms] [LOG] Video source path: /assets/VideoIntro.mp4 @ http://localhost:5174/src/main.ts?t=1784473025086:1701
[  770982ms] [ERROR] Failed to load resource: the server responded with a status of 500 (Internal Server Error) @ http://localhost:5174/src/main.ts?t=1784473033077:0
[  781550ms] [LOG] Video source path: /assets/VideoIntro.mp4 @ http://localhost:5174/src/main.ts?t=1784473043635:1701
[  783640ms] [LOG] Silent preloading first world in background: Elephants TRavels @ http://localhost:5174/src/main.ts?t=1784473043635:1242
[  783733ms] [LOG] Preloading first world... 0% @ http://localhost:5174/src/main.ts?t=1784473043635:1246
[  783747ms] [LOG] Preloading first world... 3% @ http://localhost:5174/src/main.ts?t=1784473043635:1246
[  783767ms] [LOG] Preloading first world... 4% @ http://localhost:5174/src/main.ts?t=1784473043635:1246
[  783770ms] [LOG] Preloading first world... 7% @ http://localhost:5174/src/main.ts?t=1784473043635:1246
[  783786ms] [LOG] Preloading first world... 7% @ http://localhost:5174/src/main.ts?t=1784473043635:1246
[  783788ms] [LOG] Preloading first world... 7% @ http://localhost:5174/src/main.ts?t=1784473043635:1246
[  783789ms] [LOG] Preloading first world... 10% @ http://localhost:5174/src/main.ts?t=1784473043635:1246
[  783806ms] [LOG] Preloading first world... 11% @ http://localhost:5174/src/main.ts?t=1784473043635:1246
[  783810ms] [LOG] Preloading first world... 11% @ http://localhost:5174/src/main.ts?t=1784473043635:1246
[  783813ms] [LOG] Preloading first world... 13% @ http://localhost:5174/src/main.ts?t=1784473043635:1246
[  783824ms] [LOG] Preloading first world... 14% @ http://localhost:5174/src/main.ts?t=1784473043635:1246
[  783831ms] [LOG] Preloading first world... 15% @ http://localhost:5174/src/main.ts?t=1784473043635:1246
[  783832ms] [LOG] Preloading first world... 15% @ http://localhost:5174/src/main.ts?t=1784473043635:1246
[  783834ms] [LOG] Preloading first world... 17% @ http://localhost:5174/src/main.ts?t=1784473043635:1246
[  783843ms] [LOG] Preloading first world... 18% @ http://localhost:5174/src/main.ts?t=1784473043635:1246
[  783853ms] [LOG] Preloading first world... 19% @ http://localhost:5174/src/main.ts?t=1784473043635:1246
[  783858ms] [LOG] Preloading first world... 20% @ http://localhost:5174/src/main.ts?t=1784473043635:1246
[  783860ms] [LOG] Preloading first world... 20% @ http://localhost:5174/src/main.ts?t=1784473043635:1246
[  783861ms] [LOG] Preloading first world... 20% @ http://localhost:5174/src/main.ts?t=1784473043635:1246
[  783862ms] [LOG] Preloading first world... 23% @ http://localhost:5174/src/main.ts?t=1784473043635:1246
[  783879ms] [LOG] Preloading first world... 23% @ http://localhost:5174/src/main.ts?t=1784473043635:1246
[  783881ms] [LOG] Preloading first world... 27% @ http://localhost:5174/src/main.ts?t=1784473043635:1246
[  783903ms] [LOG] Preloading first world... 30% @ http://localhost:5174/src/main.ts?t=1784473043635:1246
[  783920ms] [LOG] Preloading first world... 33% @ http://localhost:5174/src/main.ts?t=1784473043635:1246
[  783941ms] [LOG] Preloading first world... 36% @ http://localhost:5174/src/main.ts?t=1784473043635:1246
[  783959ms] [LOG] Preloading first world... 40% @ http://localhost:5174/src/main.ts?t=1784473043635:1246
[  783983ms] [LOG] Preloading first world... 43% @ http://localhost:5174/src/main.ts?t=1784473043635:1246
[  784001ms] [LOG] Preloading first world... 46% @ http://localhost:5174/src/main.ts?t=1784473043635:1246
[  784028ms] [LOG] Preloading first world... 50% @ http://localhost:5174/src/main.ts?t=1784473043635:1246
[  784058ms] [LOG] Preloading first world... 53% @ http://localhost:5174/src/main.ts?t=1784473043635:1246
[  784083ms] [LOG] Preloading first world... 56% @ http://localhost:5174/src/main.ts?t=1784473043635:1246
[  784107ms] [LOG] Preloading first world... 60% @ http://localhost:5174/src/main.ts?t=1784473043635:1246
[  784133ms] [LOG] Preloading first world... 63% @ http://localhost:5174/src/main.ts?t=1784473043635:1246
[  784159ms] [LOG] Preloading first world... 66% @ http://localhost:5174/src/main.ts?t=1784473043635:1246
[  784185ms] [LOG] Preloading first world... 70% @ http://localhost:5174/src/main.ts?t=1784473043635:1246
[  784256ms] [LOG] Preloading first world... 73% @ http://localhost:5174/src/main.ts?t=1784473043635:1246
[  784335ms] [LOG] Preloading first world... 76% @ http://localhost:5174/src/main.ts?t=1784473043635:1246
[  784408ms] [LOG] Preloading first world... 80% @ http://localhost:5174/src/main.ts?t=1784473043635:1246
[  784482ms] [LOG] Preloading first world... 83% @ http://localhost:5174/src/main.ts?t=1784473043635:1246
[  784542ms] [LOG] Preloading first world... 86% @ http://localhost:5174/src/main.ts?t=1784473043635:1246
[  784586ms] [LOG] Preloading first world... 89% @ http://localhost:5174/src/main.ts?t=1784473043635:1246
[  784634ms] [LOG] Preloading first world... 93% @ http://localhost:5174/src/main.ts?t=1784473043635:1246
[  784679ms] [LOG] Preloading first world... 96% @ http://localhost:5174/src/main.ts?t=1784473043635:1246
[  784722ms] [LOG] Preloading first world... 99% @ http://localhost:5174/src/main.ts?t=1784473043635:1246
[  784767ms] [LOG] Preloading first world... 100% @ http://localhost:5174/src/main.ts?t=1784473043635:1246
[  784778ms] [LOG] Loaded 4320000 splats. Starting Tiny LoD build... @ blob:http://localhost:5174/cd0291f8-f1f9-4be2-9fee-63fd049f7597:1138
[  784868ms] [LOG] Playing video intro from path: /assets/VideoIntro.mp4 @ http://localhost:5174/src/main.ts?t=1784473043635:1739
[  784888ms] [ERROR] Failed to load resource: the server responded with a status of 404 (Not Found) @ http://localhost:5174/favicon.ico:0
[  786403ms] [LOG] Found preloading state for World One. Resolving... @ http://localhost:5174/src/main.ts?t=1784473043635:1344
[  796074ms] [LOG] Tiny LoD: 4320000 -> 5924840 (11295.399999976158 ms) @ blob:http://localhost:5174/cd0291f8-f1f9-4be2-9fee-63fd049f7597:1150
[  797258ms] [LOG] First world preloaded successfully and ready! @ http://localhost:5174/src/main.ts?t=1784473043635:1253
[  797258ms] [LOG] Loading mesh collider from: /assets/worlds/Ancient%20Egyptian%20Desert%20Palace_collider.glb @ http://localhost:5174/src/main.ts?t=1784473043635:1302
[  797491ms] TypeError: Cannot read properties of undefined (reading 'splatUrl')
    at getSplatUrlForWorld (http://localhost:5174/src/main.ts?t=1784473043635:1106:16)
    at createSplat (http://localhost:5174/src/main.ts?t=1784473043635:1224:15)
    at preloadSecondWorld (http://localhost:5174/src/main.ts?t=1784473043635:1269:17)
    at startAdventure (http://localhost:5174/src/main.ts?t=1784473043635:1422:10)
    at async http://localhost:5174/src/main.ts?t=1784473043635:1722:7
[  797502ms] [LOG] Mesh collider loaded successfully! @ http://localhost:5174/src/main.ts?t=1784473043635:1329
[  797992ms] [LOG] Using default transforms for dad: {pos: Array(3), rot: Array(3), scale: 7.9} @ http://localhost:5174/src/main.ts?t=1784473043635:2398
[  798842ms] [LOG] Using default transforms for child: {pos: Array(3), rot: Array(3), scale: 5} @ http://localhost:5174/src/main.ts?t=1784473043635:2398
[  800129ms] [LOG] Using default transforms for cat: {pos: Array(3), rot: Array(3), scale: 4.45} @ http://localhost:5174/src/main.ts?t=1784473043635:2398
[  801132ms] [LOG] Using default transforms for pyramid: {pos: Array(3), rot: Array(3), scale: 50} @ http://localhost:5174/src/main.ts?t=1784473043635:2398
[  801710ms] [LOG] Using default transforms for vase: {pos: Array(3), rot: Array(3), scale: 2.25} @ http://localhost:5174/src/main.ts?t=1784473043635:2398
