[  177224ms] [LOG] Video source path: /assets/VideoIntro.mp4 @ http://localhost:5173/src/main.ts?t=1784470555252:1656
[  178494ms] [LOG] Silent preloading first world in background: Elephants TRavels @ http://localhost:5173/src/main.ts?t=1784470555252:1234
[  178620ms] [LOG] Preloading first world... 0% @ http://localhost:5173/src/main.ts?t=1784470555252:1238
[  178640ms] [LOG] Preloading first world... 3% @ http://localhost:5173/src/main.ts?t=1784470555252:1238
[  178661ms] [LOG] Preloading first world... 4% @ http://localhost:5173/src/main.ts?t=1784470555252:1238
[  178665ms] [LOG] Preloading first world... 7% @ http://localhost:5173/src/main.ts?t=1784470555252:1238
[  178681ms] [LOG] Preloading first world... 7% @ http://localhost:5173/src/main.ts?t=1784470555252:1238
[  178686ms] [LOG] Preloading first world... 10% @ http://localhost:5173/src/main.ts?t=1784470555252:1238
[  178702ms] [LOG] Preloading first world... 11% @ http://localhost:5173/src/main.ts?t=1784470555252:1238
[  178707ms] [LOG] Preloading first world... 11% @ http://localhost:5173/src/main.ts?t=1784470555252:1238
[  178709ms] [LOG] Preloading first world... 11% @ http://localhost:5173/src/main.ts?t=1784470555252:1238
[  178710ms] [LOG] Preloading first world... 11% @ http://localhost:5173/src/main.ts?t=1784470555252:1238
[  178711ms] [LOG] Preloading first world... 13% @ http://localhost:5173/src/main.ts?t=1784470555252:1238
[  178724ms] [LOG] Preloading first world... 15% @ http://localhost:5173/src/main.ts?t=1784470555252:1238
[  178732ms] [LOG] Preloading first world... 15% @ http://localhost:5173/src/main.ts?t=1784470555252:1238
[  178736ms] [LOG] Preloading first world... 15% @ http://localhost:5173/src/main.ts?t=1784470555252:1238
[  178738ms] [LOG] Preloading first world... 17% @ http://localhost:5173/src/main.ts?t=1784470555252:1238
[  178746ms] [LOG] Preloading first world... 19% @ http://localhost:5173/src/main.ts?t=1784470555252:1238
[  178757ms] [LOG] Preloading first world... 20% @ http://localhost:5173/src/main.ts?t=1784470555252:1238
[  178767ms] [LOG] Preloading first world... 23% @ http://localhost:5173/src/main.ts?t=1784470555252:1238
[  178786ms] [LOG] Preloading first world... 27% @ http://localhost:5173/src/main.ts?t=1784470555252:1238
[  178806ms] [LOG] Preloading first world... 30% @ http://localhost:5173/src/main.ts?t=1784470555252:1238
[  178825ms] [LOG] Preloading first world... 33% @ http://localhost:5173/src/main.ts?t=1784470555252:1238
[  178845ms] [LOG] Preloading first world... 36% @ http://localhost:5173/src/main.ts?t=1784470555252:1238
[  178864ms] [LOG] Preloading first world... 40% @ http://localhost:5173/src/main.ts?t=1784470555252:1238
[  178883ms] [LOG] Preloading first world... 43% @ http://localhost:5173/src/main.ts?t=1784470555252:1238
[  178901ms] [LOG] Preloading first world... 46% @ http://localhost:5173/src/main.ts?t=1784470555252:1238
[  178929ms] [LOG] Preloading first world... 50% @ http://localhost:5173/src/main.ts?t=1784470555252:1238
[  178958ms] [LOG] Preloading first world... 53% @ http://localhost:5173/src/main.ts?t=1784470555252:1238
[  178983ms] [LOG] Preloading first world... 56% @ http://localhost:5173/src/main.ts?t=1784470555252:1238
[  179007ms] [LOG] Preloading first world... 60% @ http://localhost:5173/src/main.ts?t=1784470555252:1238
[  179033ms] [LOG] Preloading first world... 63% @ http://localhost:5173/src/main.ts?t=1784470555252:1238
[  179058ms] [LOG] Preloading first world... 66% @ http://localhost:5173/src/main.ts?t=1784470555252:1238
[  179084ms] [LOG] Preloading first world... 70% @ http://localhost:5173/src/main.ts?t=1784470555252:1238
[  179154ms] [LOG] Preloading first world... 73% @ http://localhost:5173/src/main.ts?t=1784470555252:1238
[  179248ms] [LOG] Preloading first world... 76% @ http://localhost:5173/src/main.ts?t=1784470555252:1238
[  179355ms] [LOG] Preloading first world... 80% @ http://localhost:5173/src/main.ts?t=1784470555252:1238
[  179431ms] [LOG] Preloading first world... 83% @ http://localhost:5173/src/main.ts?t=1784470555252:1238
[  179487ms] [LOG] Preloading first world... 86% @ http://localhost:5173/src/main.ts?t=1784470555252:1238
[  179531ms] [LOG] Preloading first world... 89% @ http://localhost:5173/src/main.ts?t=1784470555252:1238
[  179577ms] [LOG] Preloading first world... 93% @ http://localhost:5173/src/main.ts?t=1784470555252:1238
[  179617ms] [LOG] Playing video intro from path: /assets/VideoIntro.mp4 @ http://localhost:5173/src/main.ts?t=1784470555252:1694
[  179639ms] [LOG] Preloading first world... 96% @ http://localhost:5173/src/main.ts?t=1784470555252:1238
[  179641ms] [ERROR] Failed to load resource: the server responded with a status of 404 (Not Found) @ http://localhost:5173/favicon.ico:0
[  179715ms] [LOG] Preloading first world... 99% @ http://localhost:5173/src/main.ts?t=1784470555252:1238
[  179765ms] [LOG] Preloading first world... 100% @ http://localhost:5173/src/main.ts?t=1784470555252:1238
[  179777ms] [LOG] Loaded 4320000 splats. Starting Tiny LoD build... @ blob:http://localhost:5173/6586d74f-e69b-4733-a887-560cfb8fc7a6:1138
[  181201ms] [LOG] Found preloading state for World One. Resolving... @ http://localhost:5173/src/main.ts?t=1784470555252:1336
[  191568ms] [LOG] Tiny LoD: 4320000 -> 5924840 (11791.699999928474 ms) @ blob:http://localhost:5173/6586d74f-e69b-4733-a887-560cfb8fc7a6:1150
[  192961ms] [LOG] First world preloaded successfully and ready! @ http://localhost:5173/src/main.ts?t=1784470555252:1245
[  192962ms] [LOG] Loading mesh collider from: /assets/worlds/Ancient%20Egyptian%20Desert%20Palace_collider.glb @ http://localhost:5173/src/main.ts?t=1784470555252:1294
[  192975ms] [LOG] Mesh collider loaded successfully! @ http://localhost:5173/src/main.ts?t=1784470555252:1321
[  193901ms] [LOG] Using default transforms for dad: {pos: Array(3), rot: Array(3), scale: 6.2} @ http://localhost:5173/src/main.ts?t=1784470555252:2285
[  194607ms] [LOG] Using default transforms for child: {pos: Array(3), rot: Array(3), scale: 2.86} @ http://localhost:5173/src/main.ts?t=1784470555252:2285
[  195437ms] [LOG] Using default transforms for cat: {pos: Array(3), rot: undefined, scale: 2.240269192760413} @ http://localhost:5173/src/main.ts?t=1784470555252:2285
[  196195ms] [LOG] Using default transforms for pyramid: {pos: Array(3), rot: Array(3), scale: 7.142} @ http://localhost:5173/src/main.ts?t=1784470555252:2285
[  196746ms] [LOG] Using default transforms for vase: {pos: Array(3), rot: undefined, scale: 2.040412217067779} @ http://localhost:5173/src/main.ts?t=1784470555252:2285
[  746824ms] [LOG] Poly (splat + collider) transform for worlds.ts:
position: [0, -0.3, 0],
rotation: [-0.0349, 0, 0],
scale: 2.7, @ http://localhost:5173/src/main.ts?t=1784470555252:2142
