[    1445ms] [LOG] Video source path: /assets/VideoIntro.mp4 @ http://localhost:5173/src/main.ts?t=1784468813945:1565
[    2700ms] [LOG] Silent preloading first world in background: Elephants TRavels @ http://localhost:5173/src/main.ts?t=1784468813945:1147
[    2806ms] [LOG] Preloading first world... 0% @ http://localhost:5173/src/main.ts?t=1784468813945:1151
[    2877ms] [LOG] Preloading first world... 3% @ http://localhost:5173/src/main.ts?t=1784468813945:1151
[    2900ms] [LOG] Preloading first world... 4% @ http://localhost:5173/src/main.ts?t=1784468813945:1151
[    2904ms] [LOG] Preloading first world... 7% @ http://localhost:5173/src/main.ts?t=1784468813945:1151
[    2923ms] [LOG] Preloading first world... 7% @ http://localhost:5173/src/main.ts?t=1784468813945:1151
[    2926ms] [LOG] Preloading first world... 10% @ http://localhost:5173/src/main.ts?t=1784468813945:1151
[    2943ms] [LOG] Preloading first world... 11% @ http://localhost:5173/src/main.ts?t=1784468813945:1151
[    2948ms] [LOG] Preloading first world... 13% @ http://localhost:5173/src/main.ts?t=1784468813945:1151
[    2962ms] [LOG] Preloading first world... 14% @ http://localhost:5173/src/main.ts?t=1784468813945:1151
[    2966ms] [LOG] Preloading first world... 14% @ http://localhost:5173/src/main.ts?t=1784468813945:1151
[    2967ms] [LOG] Preloading first world... 14% @ http://localhost:5173/src/main.ts?t=1784468813945:1151
[    2969ms] [LOG] Preloading first world... 17% @ http://localhost:5173/src/main.ts?t=1784468813945:1151
[    2984ms] [LOG] Preloading first world... 18% @ http://localhost:5173/src/main.ts?t=1784468813945:1151
[    2990ms] [LOG] Preloading first world... 20% @ http://localhost:5173/src/main.ts?t=1784468813945:1151
[    3003ms] [LOG] Preloading first world... 21% @ http://localhost:5173/src/main.ts?t=1784468813945:1151
[    3011ms] [LOG] Preloading first world... 23% @ http://localhost:5173/src/main.ts?t=1784468813945:1151
[    3024ms] [LOG] Preloading first world... 24% @ http://localhost:5173/src/main.ts?t=1784468813945:1151
[    3033ms] [LOG] Preloading first world... 27% @ http://localhost:5173/src/main.ts?t=1784468813945:1151
[    3046ms] [LOG] Preloading first world... 28% @ http://localhost:5173/src/main.ts?t=1784468813945:1151
[    3054ms] [LOG] Preloading first world... 30% @ http://localhost:5173/src/main.ts?t=1784468813945:1151
[    3069ms] [LOG] Preloading first world... 31% @ http://localhost:5173/src/main.ts?t=1784468813945:1151
[    3077ms] [LOG] Preloading first world... 33% @ http://localhost:5173/src/main.ts?t=1784468813945:1151
[    3088ms] [LOG] Preloading first world... 35% @ http://localhost:5173/src/main.ts?t=1784468813945:1151
[    3096ms] [LOG] Preloading first world... 36% @ http://localhost:5173/src/main.ts?t=1784468813945:1151
[    3107ms] [LOG] Preloading first world... 38% @ http://localhost:5173/src/main.ts?t=1784468813945:1151
[    3116ms] [LOG] Preloading first world... 40% @ http://localhost:5173/src/main.ts?t=1784468813945:1151
[    3126ms] [LOG] Preloading first world... 42% @ http://localhost:5173/src/main.ts?t=1784468813945:1151
[    3135ms] [LOG] Preloading first world... 43% @ http://localhost:5173/src/main.ts?t=1784468813945:1151
[    3145ms] [LOG] Preloading first world... 45% @ http://localhost:5173/src/main.ts?t=1784468813945:1151
[    3158ms] [LOG] Preloading first world... 46% @ http://localhost:5173/src/main.ts?t=1784468813945:1151
[    3172ms] [LOG] Preloading first world... 48% @ http://localhost:5173/src/main.ts?t=1784468813945:1151
[    3189ms] [LOG] Preloading first world... 50% @ http://localhost:5173/src/main.ts?t=1784468813945:1151
[    3202ms] [LOG] Preloading first world... 52% @ http://localhost:5173/src/main.ts?t=1784468813945:1151
[    3218ms] [LOG] Preloading first world... 53% @ http://localhost:5173/src/main.ts?t=1784468813945:1151
[    3227ms] [LOG] Preloading first world... 55% @ http://localhost:5173/src/main.ts?t=1784468813945:1151
[    3243ms] [LOG] Preloading first world... 56% @ http://localhost:5173/src/main.ts?t=1784468813945:1151
[    3253ms] [LOG] Preloading first world... 59% @ http://localhost:5173/src/main.ts?t=1784468813945:1151
[    3273ms] [LOG] Preloading first world... 59% @ http://localhost:5173/src/main.ts?t=1784468813945:1151
[    3275ms] [LOG] Preloading first world... 60% @ http://localhost:5173/src/main.ts?t=1784468813945:1151
[    3286ms] [LOG] Preloading first world... 62% @ http://localhost:5173/src/main.ts?t=1784468813945:1151
[    3302ms] [LOG] Preloading first world... 62% @ http://localhost:5173/src/main.ts?t=1784468813945:1151
[    3304ms] [LOG] Preloading first world... 63% @ http://localhost:5173/src/main.ts?t=1784468813945:1151
[    3311ms] [LOG] Preloading first world... 65% @ http://localhost:5173/src/main.ts?t=1784468813945:1151
[    3330ms] [LOG] Preloading first world... 66% @ http://localhost:5173/src/main.ts?t=1784468813945:1151
[    3337ms] [LOG] Preloading first world... 69% @ http://localhost:5173/src/main.ts?t=1784468813945:1151
[    3388ms] [LOG] Preloading first world... 69% @ http://localhost:5173/src/main.ts?t=1784468813945:1151
[    3393ms] [LOG] Preloading first world... 70% @ http://localhost:5173/src/main.ts?t=1784468813945:1151
[    3410ms] [LOG] Preloading first world... 72% @ http://localhost:5173/src/main.ts?t=1784468813945:1151
[    3469ms] [LOG] Preloading first world... 72% @ http://localhost:5173/src/main.ts?t=1784468813945:1151
[    3474ms] [LOG] Preloading first world... 73% @ http://localhost:5173/src/main.ts?t=1784468813945:1151
[    3489ms] [LOG] Preloading first world... 76% @ http://localhost:5173/src/main.ts?t=1784468813945:1151
[    3548ms] [LOG] Preloading first world... 76% @ http://localhost:5173/src/main.ts?t=1784468813945:1151
[    3552ms] [LOG] Preloading first world... 76% @ http://localhost:5173/src/main.ts?t=1784468813945:1151
[    3563ms] [LOG] Preloading first world... 79% @ http://localhost:5173/src/main.ts?t=1784468813945:1151
[    3625ms] [LOG] Preloading first world... 79% @ http://localhost:5173/src/main.ts?t=1784468813945:1151
[    3631ms] [LOG] Preloading first world... 80% @ http://localhost:5173/src/main.ts?t=1784468813945:1151
[    3638ms] [LOG] Preloading first world... 82% @ http://localhost:5173/src/main.ts?t=1784468813945:1151
[    3697ms] [LOG] Preloading first world... 83% @ http://localhost:5173/src/main.ts?t=1784468813945:1151
[    3697ms] [LOG] Preloading first world... 83% @ http://localhost:5173/src/main.ts?t=1784468813945:1151
[    3697ms] [LOG] Preloading first world... 86% @ http://localhost:5173/src/main.ts?t=1784468813945:1151
[    3734ms] [LOG] Preloading first world... 86% @ http://localhost:5173/src/main.ts?t=1784468813945:1151
[    3738ms] [LOG] Preloading first world... 86% @ http://localhost:5173/src/main.ts?t=1784468813945:1151
[    3739ms] [LOG] Preloading first world... 89% @ http://localhost:5173/src/main.ts?t=1784468813945:1151
[    3782ms] [LOG] Preloading first world... 89% @ http://localhost:5173/src/main.ts?t=1784468813945:1151
[    3783ms] [LOG] Preloading first world... 89% @ http://localhost:5173/src/main.ts?t=1784468813945:1151
[    3787ms] [LOG] Preloading first world... 93% @ http://localhost:5173/src/main.ts?t=1784468813945:1151
[    3789ms] [LOG] Playing video intro from path: /assets/VideoIntro.mp4 @ http://localhost:5173/src/main.ts?t=1784468813945:1603
[    3802ms] [ERROR] Failed to load resource: the server responded with a status of 404 (Not Found) @ http://localhost:5173/favicon.ico:0
[    3836ms] [LOG] Preloading first world... 93% @ http://localhost:5173/src/main.ts?t=1784468813945:1151
[    3837ms] [LOG] Preloading first world... 96% @ http://localhost:5173/src/main.ts?t=1784468813945:1151
[    3883ms] [LOG] Preloading first world... 99% @ http://localhost:5173/src/main.ts?t=1784468813945:1151
[    3956ms] [LOG] Preloading first world... 100% @ http://localhost:5173/src/main.ts?t=1784468813945:1151
[    3969ms] [LOG] Loaded 4320000 splats. Starting Tiny LoD build... @ blob:http://localhost:5173/bed271c8-7d78-4cea-b7ed-df2f4d86c558:1138
[    5857ms] [LOG] Found preloading state for World One. Resolving... @ http://localhost:5173/src/main.ts?t=1784468813945:1245
[   17501ms] [LOG] Tiny LoD: 4320000 -> 5924840 (13531.800000071526 ms) @ blob:http://localhost:5173/bed271c8-7d78-4cea-b7ed-df2f4d86c558:1150
[   19268ms] [LOG] First world preloaded successfully and ready! @ http://localhost:5173/src/main.ts?t=1784468813945:1158
[   19268ms] [LOG] No collider URL defined for this world. @ http://localhost:5173/src/main.ts?t=1784468813945:1204
[   20631ms] [LOG] Using default transforms for dad: {pos: Array(3), rot: Array(3), scale: 6.2} @ http://localhost:5173/src/main.ts?t=1784468813945:2081
[   21583ms] [LOG] Using default transforms for child: {pos: Array(3), rot: Array(3), scale: 2.86} @ http://localhost:5173/src/main.ts?t=1784468813945:2081
[   22991ms] [LOG] Using default transforms for cat: {pos: Array(3), rot: undefined, scale: 2.240269192760413} @ http://localhost:5173/src/main.ts?t=1784468813945:2081
[   25798ms] [LOG] Using default transforms for pyramid: {pos: Array(3), rot: Array(3), scale: 7.142} @ http://localhost:5173/src/main.ts?t=1784468813945:2081
[  533902ms] [LOG] Video source path: /assets/VideoIntro.mp4 @ http://localhost:5173/src/main.ts?t=1784469551371:1565
[  536059ms] [LOG] Video source path: /assets/VideoIntro.mp4 @ http://localhost:5173/src/main.ts?t=1784469554271:1565
[  539303ms] [LOG] Video source path: /assets/VideoIntro.mp4 @ http://localhost:5173/src/main.ts?t=1784469556870:1566
